[INFO] ====================================================
[INFO] YOLO Pose Model Comparison  [20260705_151307]
[INFO]   Old : C:\ai_project\cat_pose\v11s_116.pt
[INFO]   New : C:\ai_project\cat_pose\v11s_117.pt
[INFO]   Data: C:\Users\homec\OneDrive\圖片\貓咪圖像資料集\主要測試
[INFO]   Out : C:\ai_project\compare_results\20260705_151307  Device: cuda
[INFO] ====================================================
[INFO] Loading old model...
[INFO] Loading new model...
[INFO] Benchmark videos: 27
[INFO]   walk: 4
[INFO]   lick: 5
[INFO]   scratch: 5
[INFO]   shake: 6
[INFO]   stop: 7
[INFO] 
--- OLD MODEL: v11s_116.pt  (EMA α=1.0) ---
[INFO] Processing: walk/walk_12.mp4
[INFO]   Frames: 225 | Inference Time: 8.07 sec | Confidence=0.988 Jitter=11.05
[INFO] --------------------------------
[INFO] Processing: walk/walk_18.mp4
[INFO]   Frames: 244 | Inference Time: 5.51 sec | Confidence=0.927 Jitter=33.07
[INFO] --------------------------------
[INFO] Processing: walk/walk_24.mp4
[INFO]   Frames: 176 | Inference Time: 4.24 sec | Confidence=0.982 Jitter=7.70
[INFO] --------------------------------
[INFO] Processing: walk/walk_29.mp4
[INFO]   Frames: 590 | Inference Time: 13.84 sec | Confidence=0.982 Jitter=13.32
[INFO] --------------------------------
[INFO] Processing: lick/7月3日(1).mp4
[INFO]   Frames: 135 | Inference Time: 3.10 sec | Confidence=0.991 Jitter=2.65
[INFO] --------------------------------
[INFO] Processing: lick/7月3日(2).mp4
[INFO]   Frames: 156 | Inference Time: 3.60 sec | Confidence=0.998 Jitter=1.97
[INFO] --------------------------------
[INFO] Processing: lick/7月3日(3).mp4
[INFO]   Frames: 121 | Inference Time: 2.60 sec | Confidence=0.997 Jitter=2.81
[INFO] --------------------------------
[INFO] Processing: lick/7月3日(4).mp4
[INFO]   Frames: 147 | Inference Time: 3.26 sec | Confidence=0.993 Jitter=2.00
[INFO] --------------------------------
[INFO] Processing: lick/7月3日.mp4
[INFO]   Frames: 139 | Inference Time: 3.09 sec | Confidence=0.988 Jitter=3.23
[INFO] --------------------------------
[INFO] Processing: scratch/7月3日 (2)(1).mp4
[INFO]   Frames: 155 | Inference Time: 3.45 sec | Confidence=0.969 Jitter=6.25
[INFO] --------------------------------
[INFO] Processing: scratch/7月3日 (2)(2).mp4
[INFO]   Frames: 109 | Inference Time: 2.45 sec | Confidence=0.988 Jitter=6.45
[INFO] --------------------------------
[INFO] Processing: scratch/7月3日 (2)(3).mp4
[INFO]   Frames: 154 | Inference Time: 3.40 sec | Confidence=0.994 Jitter=5.31
[INFO] --------------------------------
[INFO] Processing: scratch/7月3日 (2)(4).mp4
[INFO]   Frames: 142 | Inference Time: 3.04 sec | Confidence=0.985 Jitter=4.82
[INFO] --------------------------------
[INFO] Processing: scratch/7月3日 (2).mp4
[INFO]   Frames: 177 | Inference Time: 4.07 sec | Confidence=0.995 Jitter=5.73
[INFO] --------------------------------
[INFO] Processing: shake/7月3日(1).mp4
[INFO]   Frames: 34 | Inference Time: 0.86 sec | Confidence=0.996 Jitter=12.13
[INFO] --------------------------------
[INFO] Processing: shake/7月3日(2).mp4
[INFO]   Frames: 19 | Inference Time: 0.48 sec | Confidence=0.997 Jitter=13.99
[INFO] --------------------------------
[INFO] Processing: shake/7月3日(3).mp4
[INFO]   Frames: 20 | Inference Time: 0.47 sec | Confidence=0.988 Jitter=18.36
[INFO] --------------------------------
[INFO] Processing: shake/7月3日(4).mp4
[INFO]   Frames: 33 | Inference Time: 0.77 sec | Confidence=0.994 Jitter=7.49
[INFO] --------------------------------
[INFO] Processing: shake/7月3日(5).mp4
[INFO]   Frames: 34 | Inference Time: 0.78 sec | Confidence=0.993 Jitter=10.85
[INFO] --------------------------------
[INFO] Processing: shake/7月3日.mp4
[INFO]   Frames: 26 | Inference Time: 0.61 sec | Confidence=0.996 Jitter=14.39
[INFO] --------------------------------
[INFO] Processing: stop/stop_2.mp4
[INFO]   Frames: 397 | Inference Time: 8.68 sec | Confidence=0.983 Jitter=4.80
[INFO] --------------------------------
[INFO] Processing: stop/stop_3.mp4
[INFO]   Frames: 248 | Inference Time: 5.36 sec | Confidence=0.966 Jitter=4.10
[INFO] --------------------------------
[INFO] Processing: stop/stop_36.mp4
[INFO]   Frames: 50 | Inference Time: 1.17 sec | Confidence=0.997 Jitter=0.80
[INFO] --------------------------------
[INFO] Processing: stop/stop_48.mp4
[INFO]   Frames: 55 | Inference Time: 1.21 sec | Confidence=0.981 Jitter=2.22
[INFO] --------------------------------
[INFO] Processing: stop/stop_6.mp4
[INFO]   Frames: 285 | Inference Time: 6.42 sec | Confidence=0.998 Jitter=0.61
[INFO] --------------------------------
[INFO] Processing: stop/stop_71.mp4
[INFO]   Frames: 92 | Inference Time: 2.15 sec | Confidence=0.997 Jitter=1.59
[INFO] --------------------------------
[INFO] Processing: stop/stop_75.mp4
[INFO]   Frames: 230 | Inference Time: 5.24 sec | Confidence=0.886 Jitter=4.52
[INFO] --------------------------------
[INFO] 
--- NEW MODEL: v11s_117.pt  (EMA α=1.0) ---
[INFO] Processing: walk/walk_12.mp4
[INFO]   Frames: 225 | Inference Time: 5.10 sec | Confidence=0.988 Jitter=10.99
[INFO] --------------------------------
[INFO] Processing: walk/walk_18.mp4
[INFO]   Frames: 244 | Inference Time: 5.30 sec | Confidence=0.933 Jitter=27.58
[INFO] --------------------------------
[INFO] Processing: walk/walk_24.mp4
[INFO]   Frames: 176 | Inference Time: 3.84 sec | Confidence=0.979 Jitter=7.46
[INFO] --------------------------------
[INFO] Processing: walk/walk_29.mp4
[INFO]   Frames: 590 | Inference Time: 13.07 sec | Confidence=0.984 Jitter=12.41
[INFO] --------------------------------
[INFO] Processing: lick/7月3日(1).mp4
[INFO]   Frames: 135 | Inference Time: 3.09 sec | Confidence=0.992 Jitter=2.28
[INFO] --------------------------------
[INFO] Processing: lick/7月3日(2).mp4
[INFO]   Frames: 156 | Inference Time: 3.58 sec | Confidence=0.995 Jitter=1.84
[INFO] --------------------------------
[INFO] Processing: lick/7月3日(3).mp4
[INFO]   Frames: 121 | Inference Time: 2.76 sec | Confidence=0.996 Jitter=2.59
[INFO] --------------------------------
[INFO] Processing: lick/7月3日(4).mp4
[INFO]   Frames: 147 | Inference Time: 3.31 sec | Confidence=0.991 Jitter=1.91
[INFO] --------------------------------
[INFO] Processing: lick/7月3日.mp4
[INFO]   Frames: 139 | Inference Time: 3.31 sec | Confidence=0.974 Jitter=3.22
[INFO] --------------------------------
[INFO] Processing: scratch/7月3日 (2)(1).mp4
[INFO]   Frames: 155 | Inference Time: 3.56 sec | Confidence=0.958 Jitter=6.43
[INFO] --------------------------------
[INFO] Processing: scratch/7月3日 (2)(2).mp4
[INFO]   Frames: 109 | Inference Time: 2.48 sec | Confidence=0.991 Jitter=6.64
[INFO] --------------------------------
[INFO] Processing: scratch/7月3日 (2)(3).mp4
[INFO]   Frames: 154 | Inference Time: 3.31 sec | Confidence=0.993 Jitter=5.61
[INFO] --------------------------------
[INFO] Processing: scratch/7月3日 (2)(4).mp4
[INFO]   Frames: 142 | Inference Time: 3.10 sec | Confidence=0.985 Jitter=5.08
[INFO] --------------------------------
[INFO] Processing: scratch/7月3日 (2).mp4
[INFO]   Frames: 177 | Inference Time: 3.84 sec | Confidence=0.995 Jitter=5.35
[INFO] --------------------------------
[INFO] Processing: shake/7月3日(1).mp4
[INFO]   Frames: 34 | Inference Time: 0.84 sec | Confidence=0.997 Jitter=12.10
[INFO] --------------------------------
[INFO] Processing: shake/7月3日(2).mp4
[INFO]   Frames: 19 | Inference Time: 0.44 sec | Confidence=0.997 Jitter=13.81
[INFO] --------------------------------
[INFO] Processing: shake/7月3日(3).mp4
[INFO]   Frames: 20 | Inference Time: 0.47 sec | Confidence=0.953 Jitter=19.66
[INFO] --------------------------------
[INFO] Processing: shake/7月3日(4).mp4
[INFO]   Frames: 33 | Inference Time: 0.81 sec | Confidence=0.996 Jitter=8.02
[INFO] --------------------------------
[INFO] Processing: shake/7月3日(5).mp4
[INFO]   Frames: 34 | Inference Time: 0.77 sec | Confidence=0.988 Jitter=10.86
[INFO] --------------------------------
[INFO] Processing: shake/7月3日.mp4
[INFO]   Frames: 26 | Inference Time: 0.62 sec | Confidence=0.998 Jitter=14.69
[INFO] --------------------------------
[INFO] Processing: stop/stop_2.mp4
[INFO]   Frames: 397 | Inference Time: 8.78 sec | Confidence=0.974 Jitter=4.60
[INFO] --------------------------------
[INFO] Processing: stop/stop_3.mp4
[INFO]   Frames: 248 | Inference Time: 5.67 sec | Confidence=0.963 Jitter=2.26
[INFO] --------------------------------
[INFO] Processing: stop/stop_36.mp4
[INFO]   Frames: 50 | Inference Time: 1.13 sec | Confidence=0.998 Jitter=0.68
[INFO] --------------------------------
[INFO] Processing: stop/stop_48.mp4
[INFO]   Frames: 55 | Inference Time: 1.21 sec | Confidence=0.995 Jitter=2.43
[INFO] --------------------------------
[INFO] Processing: stop/stop_6.mp4
[INFO]   Frames: 285 | Inference Time: 6.53 sec | Confidence=0.996 Jitter=0.51
[INFO] --------------------------------
[INFO] Processing: stop/stop_71.mp4
[INFO]   Frames: 92 | Inference Time: 2.07 sec | Confidence=0.995 Jitter=1.33
[INFO] --------------------------------
[INFO] Processing: stop/stop_75.mp4
[INFO]   Frames: 230 | Inference Time: 5.14 sec | Confidence=0.767 Jitter=2.62
[INFO] --------------------------------
[INFO] 
Aggregating metrics...
[INFO] 
Writing CSV files...
[INFO] Generating figures...
[INFO] Writing reports...
[INFO] 
[INFO] =====================================================================================================
[INFO] 逐影片比較結果
[INFO] =====================================================================================================
[INFO] 行為       影片                               舊信心   新信心      信心Δ   舊抖動   新抖動      抖動Δ
[INFO] -----------------------------------------------------------------------------------------------------
[INFO] walk       walk_12.mp4                         0.988    0.988    +0.000↑    11.05    10.99     -0.06↓
[INFO] walk       walk_18.mp4                         0.927    0.933    +0.007↑    33.07    27.58     -5.49↓
[INFO] walk       walk_24.mp4                         0.982    0.979    -0.003↓     7.70     7.46     -0.24↓
[INFO] walk       walk_29.mp4                         0.982    0.984    +0.002↑    13.32    12.41     -0.91↓
[INFO] lick       7月3日(1).mp4                       0.991    0.992    +0.001↑     2.65     2.28     -0.38↓
[INFO] lick       7月3日(2).mp4                       0.998    0.995    -0.002↓     1.97     1.84     -0.13↓
[INFO] lick       7月3日(3).mp4                       0.997    0.996    -0.002↓     2.81     2.59     -0.22↓
[INFO] lick       7月3日(4).mp4                       0.993    0.991    -0.002↓     2.00     1.91     -0.09↓
[INFO] lick       7月3日.mp4                          0.988    0.974    -0.014↓     3.23     3.22     -0.02↓
[INFO] scratch    7月3日 (2)(1).mp4                   0.969    0.958    -0.011↓     6.25     6.43     +0.18↑
[INFO] scratch    7月3日 (2)(2).mp4                   0.988    0.991    +0.002↑     6.45     6.64     +0.20↑
[INFO] scratch    7月3日 (2)(3).mp4                   0.994    0.993    -0.001↓     5.31     5.61     +0.30↑
[INFO] scratch    7月3日 (2)(4).mp4                   0.985    0.985    +0.000↑     4.82     5.08     +0.26↑
[INFO] scratch    7月3日 (2).mp4                      0.995    0.995    -0.000↓     5.73     5.35     -0.38↓
[INFO] shake      7月3日(1).mp4                       0.996    0.997    +0.001↑    12.13    12.10     -0.03↓
[INFO] shake      7月3日(2).mp4                       0.997    0.997    +0.001↑    13.99    13.81     -0.18↓
[INFO] shake      7月3日(3).mp4                       0.988    0.953    -0.035↓    18.36    19.66     +1.31↑
[INFO] shake      7月3日(4).mp4                       0.994    0.996    +0.001↑     7.49     8.02     +0.53↑
[INFO] shake      7月3日(5).mp4                       0.993    0.988    -0.005↓    10.85    10.86     +0.01↑
[INFO] shake      7月3日.mp4                          0.996    0.998    +0.002↑    14.39    14.69     +0.30↑
[INFO] stop       stop_2.mp4                          0.983    0.974    -0.010↓     4.80     4.60     -0.20↓
[INFO] stop       stop_3.mp4                          0.966    0.963    -0.003↓     4.10     2.26     -1.84↓
[INFO] stop       stop_36.mp4                         0.997    0.998    +0.001↑     0.80     0.68     -0.12↓
[INFO] stop       stop_48.mp4                         0.981    0.995    +0.014↑     2.22     2.43     +0.22↑
[INFO] stop       stop_6.mp4                          0.998    0.996    -0.002↓     0.61     0.51     -0.10↓
[INFO] stop       stop_71.mp4                         0.997    0.995    -0.002↓     1.59     1.33     -0.25↓
[INFO] stop       stop_75.mp4                         0.886    0.767    -0.119↓     4.52     2.62     -1.90↓
[INFO] 
[INFO] =================================================================================================
[INFO] 行為類別摘要
[INFO] =================================================================================================
[INFO] 行為         舊信心   新信心   信心改善   舊抖動   新抖動   抖動改善   舊缺失   新缺失   缺失改善
[INFO] -------------------------------------------------------------------------------------------------
[INFO] walk          0.972    0.974     +0.22%    15.40    13.97     +9.29%     0.7%     1.3%    -77.78%
[INFO] lick          0.993    0.990     -0.39%     2.51     2.34     +6.45%     0.0%     0.0%     +0.00%
[INFO] scratch       0.987    0.984     -0.23%     5.67     5.77     -1.61%     0.0%     0.0%     +0.00%
[INFO] shake         0.994    0.990     -0.44%    12.24    12.52     -2.32%     0.0%     0.0%     +0.00%
[INFO] stop          0.968    0.945     -2.42%     3.26     2.50    +23.25%     0.0%     0.0%     +0.00%
[INFO] 
[INFO] =================================================================================================
[INFO] ★★★ 主指標：P95 Jitter（尾部抖動，數值越小越穩定） ★★★
[INFO] =================================================================================================
[INFO] 行為       舊P95抖動 新P95抖動       改善
[INFO] -------------------------------------------------------------------------------------------------
[INFO] walk          51.53    45.44    +11.83%
[INFO] lick           9.00     8.31     +7.62%
[INFO] scratch       20.28    20.37     -0.44%
[INFO] shake         44.27    51.75    -16.90%
[INFO] stop          13.77     9.80    +28.82%
[INFO] -------------------------------------------------------------------------------------------------
[INFO] 整體          28.71    26.22     +8.69%
[INFO] 
[INFO]   ★ 主指標結論：v11s_117.pt 尾部抖動較小（Δ2.50px）— 依你指定的主指標，優先選它
[INFO] =================================================================================================
[INFO] 
[INFO] =================================================================================================
[INFO] [參考，非主指標] 整體比較結果（複合分數）
[INFO] =================================================================================================
[INFO] 舊模型        v11s_116.pt   複合分數 93.96
[INFO] 新模型        v11s_117.pt   複合分數 94.08
[INFO] 
[INFO] 平均信心值    0.978  →  0.970    改善 -0.84%
[INFO] 平均抖動      7.43 px  →  6.77 px    改善 +8.82%
[INFO] 缺失比率      0.2%  →  0.4%    改善 -77.78%
[INFO] 尾尖缺失      6.2%  →  5.9%
[INFO] 
[INFO] 綜合改善分數  -20.54%
[INFO] 進步最多行為  stop  （+7.3%）
[INFO] 退步最多行為  walk  （-20.0%）
[INFO] 
[INFO] 結論          v11s_117.pt  相較  v11s_116.pt  →  WORSE（較差）  [參考用複合分數]
[INFO] =================================================================================================
[INFO] 
[INFO] ⚠ 注意：[參考] 複合分數建議 v11s_116.pt，但主指標（P95抖動）建議 v11s_117.pt——兩者不一致時請以主指標為準（複合分數混入了信心值/缺失率等你不特別在意的項目）。
