[INFO] ====================================================
[INFO] YOLO Pose Model Comparison  [20260629_091102]
[INFO]   Old : C:\AI_Project\cat_pose\v11s_107.pt
[INFO]   New : C:\AI_Project\cat_pose\v11s_108.pt
[INFO]   Data: C:\Users\homec\OneDrive\圖片\貓咪圖像資料集\主要測試
[INFO]   Out : C:\AI_Project\compare_results\20260629_091102  Device: cuda
[INFO] ====================================================
[INFO] Loading old model...
[INFO] Loading new model...
[INFO] Benchmark videos: 26
[INFO]   walk: 4
[INFO]   lick: 5
[INFO]   scratch: 4
[INFO]   shake: 6
[INFO]   stop: 7
[INFO] 
--- OLD MODEL: v11s_107.pt  (EMA α=1.0) ---
[INFO] Processing: walk/walk_15.mp4
[INFO]   Frames: 280 | Inference Time: 6.84 sec | Confidence=0.991 Jitter=7.16
[INFO] --------------------------------
[INFO] Processing: walk/walk_19.mp4
[INFO]   Frames: 982 | Inference Time: 22.35 sec | Confidence=0.986 Jitter=8.40
[INFO] --------------------------------
[INFO] Processing: walk/walk_20.mp4
[INFO]   Frames: 121 | Inference Time: 2.91 sec | Confidence=0.998 Jitter=11.39
[INFO] --------------------------------
[INFO] Processing: walk/walk_21.mp4
[INFO]   Frames: 206 | Inference Time: 4.68 sec | Confidence=0.992 Jitter=19.69
[INFO] --------------------------------
[INFO] Processing: lick/lick_60.mp4
[INFO]   Frames: 240 | Inference Time: 4.89 sec | Confidence=0.998 Jitter=1.66
[INFO] --------------------------------
[INFO] Processing: lick/lick_61.mp4
[INFO]   Frames: 240 | Inference Time: 5.25 sec | Confidence=0.995 Jitter=1.75
[INFO] --------------------------------
[INFO] Processing: lick/lick_62.mp4
[INFO]   Frames: 240 | Inference Time: 5.38 sec | Confidence=0.997 Jitter=1.58
[INFO] --------------------------------
[INFO] Processing: lick/lick_70.mp4
[INFO]   Frames: 240 | Inference Time: 4.84 sec | Confidence=0.993 Jitter=2.50
[INFO] --------------------------------
[INFO] Processing: lick/lick_74.mp4
[INFO]   Frames: 178 | Inference Time: 4.15 sec | Confidence=0.995 Jitter=2.66
[INFO] --------------------------------
[INFO] Processing: scratch/scratch_27.mp4
[INFO]   Frames: 240 | Inference Time: 4.81 sec | Confidence=0.920 Jitter=2.43
[INFO] --------------------------------
[INFO] Processing: scratch/scratch_32.mp4
[INFO]   Frames: 240 | Inference Time: 5.65 sec | Confidence=0.991 Jitter=3.74
[INFO] --------------------------------
[INFO] Processing: scratch/scratch_33.mp4
[INFO]   Frames: 240 | Inference Time: 4.55 sec | Confidence=0.995 Jitter=2.77
[INFO] --------------------------------
[INFO] Processing: scratch/scratch_39.mp4
[INFO]   Frames: 240 | Inference Time: 4.58 sec | Confidence=0.977 Jitter=3.25
[INFO] --------------------------------
[INFO] Processing: shake/shake_49.mp4
[INFO]   Frames: 240 | Inference Time: 4.73 sec | Confidence=0.978 Jitter=3.37
[INFO] --------------------------------
[INFO] Processing: shake/shake_50.mp4
[INFO]   Frames: 240 | Inference Time: 4.65 sec | Confidence=0.998 Jitter=2.73
[INFO] --------------------------------
[INFO] Processing: shake/shake_51.mp4
[INFO]   Frames: 240 | Inference Time: 4.38 sec | Confidence=0.997 Jitter=2.05
[INFO] --------------------------------
[INFO] Processing: shake/shake_57.mp4
[INFO]   Frames: 240 | Inference Time: 5.18 sec | Confidence=0.998 Jitter=2.27
[INFO] --------------------------------
[INFO] Processing: shake/shake_58.mp4
[INFO]   Frames: 240 | Inference Time: 4.59 sec | Confidence=0.997 Jitter=1.29
[INFO] --------------------------------
[INFO] Processing: shake/shake_63.mp4
[INFO]   Frames: 240 | Inference Time: 4.95 sec | Confidence=0.996 Jitter=2.46
[INFO] --------------------------------
[INFO] Processing: stop/stop_2.mp4
[INFO]   Frames: 397 | Inference Time: 10.28 sec | Confidence=0.988 Jitter=4.74
[INFO] --------------------------------
[INFO] Processing: stop/stop_3.mp4
[INFO]   Frames: 248 | Inference Time: 7.41 sec | Confidence=0.980 Jitter=3.00
[INFO] --------------------------------
[INFO] Processing: stop/stop_36.mp4
[INFO]   Frames: 50 | Inference Time: 1.56 sec | Confidence=0.998 Jitter=0.61
[INFO] --------------------------------
[INFO] Processing: stop/stop_48.mp4
[INFO]   Frames: 55 | Inference Time: 1.69 sec | Confidence=0.994 Jitter=2.39
[INFO] --------------------------------
[INFO] Processing: stop/stop_6.mp4
[INFO]   Frames: 285 | Inference Time: 9.47 sec | Confidence=0.999 Jitter=0.43
[INFO] --------------------------------
[INFO] Processing: stop/stop_71.mp4
[INFO]   Frames: 92 | Inference Time: 2.73 sec | Confidence=0.995 Jitter=1.63
[INFO] --------------------------------
[INFO] Processing: stop/stop_75.mp4
[INFO]   Frames: 230 | Inference Time: 7.36 sec | Confidence=0.908 Jitter=2.54
[INFO] --------------------------------
[INFO] 
--- NEW MODEL: v11s_108.pt  (EMA α=1.0) ---
[INFO] Processing: walk/walk_15.mp4
[INFO]   Frames: 280 | Inference Time: 6.48 sec | Confidence=0.987 Jitter=7.39
[INFO] --------------------------------
[INFO] Processing: walk/walk_19.mp4
[INFO]   Frames: 982 | Inference Time: 26.43 sec | Confidence=0.986 Jitter=9.09
[INFO] --------------------------------
[INFO] Processing: walk/walk_20.mp4
[INFO]   Frames: 121 | Inference Time: 3.87 sec | Confidence=0.999 Jitter=12.16
[INFO] --------------------------------
[INFO] Processing: walk/walk_21.mp4
[INFO]   Frames: 206 | Inference Time: 7.21 sec | Confidence=0.990 Jitter=21.94
[INFO] --------------------------------
[INFO] Processing: lick/lick_60.mp4
[INFO]   Frames: 240 | Inference Time: 5.65 sec | Confidence=0.998 Jitter=1.65
[INFO] --------------------------------
[INFO] Processing: lick/lick_61.mp4
[INFO]   Frames: 240 | Inference Time: 5.37 sec | Confidence=0.996 Jitter=2.07
[INFO] --------------------------------
[INFO] Processing: lick/lick_62.mp4
[INFO]   Frames: 240 | Inference Time: 5.75 sec | Confidence=0.997 Jitter=1.73
[INFO] --------------------------------
[INFO] Processing: lick/lick_70.mp4
[INFO]   Frames: 240 | Inference Time: 4.92 sec | Confidence=0.997 Jitter=2.89
[INFO] --------------------------------
[INFO] Processing: lick/lick_74.mp4
[INFO]   Frames: 178 | Inference Time: 5.52 sec | Confidence=0.995 Jitter=2.43
[INFO] --------------------------------
[INFO] Processing: scratch/scratch_27.mp4
[INFO]   Frames: 240 | Inference Time: 5.45 sec | Confidence=0.950 Jitter=2.39
[INFO] --------------------------------
[INFO] Processing: scratch/scratch_32.mp4
[INFO]   Frames: 240 | Inference Time: 4.83 sec | Confidence=0.996 Jitter=4.08
[INFO] --------------------------------
[INFO] Processing: scratch/scratch_33.mp4
[INFO]   Frames: 240 | Inference Time: 4.94 sec | Confidence=0.994 Jitter=2.76
[INFO] --------------------------------
[INFO] Processing: scratch/scratch_39.mp4
[INFO]   Frames: 240 | Inference Time: 4.84 sec | Confidence=0.949 Jitter=3.40
[INFO] --------------------------------
[INFO] Processing: shake/shake_49.mp4
[INFO]   Frames: 240 | Inference Time: 4.97 sec | Confidence=0.982 Jitter=3.66
[INFO] --------------------------------
[INFO] Processing: shake/shake_50.mp4
[INFO]   Frames: 240 | Inference Time: 4.65 sec | Confidence=0.999 Jitter=2.25
[INFO] --------------------------------
[INFO] Processing: shake/shake_51.mp4
[INFO]   Frames: 240 | Inference Time: 4.48 sec | Confidence=0.997 Jitter=2.02
[INFO] --------------------------------
[INFO] Processing: shake/shake_57.mp4
[INFO]   Frames: 240 | Inference Time: 4.53 sec | Confidence=0.998 Jitter=2.29
[INFO] --------------------------------
[INFO] Processing: shake/shake_58.mp4
[INFO]   Frames: 240 | Inference Time: 4.57 sec | Confidence=0.996 Jitter=1.30
[INFO] --------------------------------
[INFO] Processing: shake/shake_63.mp4
[INFO]   Frames: 240 | Inference Time: 4.58 sec | Confidence=0.994 Jitter=2.69
[INFO] --------------------------------
[INFO] Processing: stop/stop_2.mp4
[INFO]   Frames: 397 | Inference Time: 8.36 sec | Confidence=0.979 Jitter=5.40
[INFO] --------------------------------
[INFO] Processing: stop/stop_3.mp4
[INFO]   Frames: 248 | Inference Time: 5.39 sec | Confidence=0.989 Jitter=2.99
[INFO] --------------------------------
[INFO] Processing: stop/stop_36.mp4
[INFO]   Frames: 50 | Inference Time: 1.18 sec | Confidence=0.997 Jitter=1.30
[INFO] --------------------------------
[INFO] Processing: stop/stop_48.mp4
[INFO]   Frames: 55 | Inference Time: 1.24 sec | Confidence=0.999 Jitter=2.46
[INFO] --------------------------------
[INFO] Processing: stop/stop_6.mp4
[INFO]   Frames: 285 | Inference Time: 6.37 sec | Confidence=0.996 Jitter=0.70
[INFO] --------------------------------
[INFO] Processing: stop/stop_71.mp4
[INFO]   Frames: 92 | Inference Time: 2.23 sec | Confidence=0.998 Jitter=1.72
[INFO] --------------------------------
[INFO] Processing: stop/stop_75.mp4
[INFO]   Frames: 230 | Inference Time: 5.18 sec | Confidence=0.871 Jitter=3.18
[INFO] --------------------------------
[INFO] 
Aggregating metrics...
[INFO] 
Writing CSV files...
[INFO] Generating figures...
[INFO] Writing reports...
[INFO] 
[INFO] =====================================================================================================
[INFO] 逐影片比較結果
[INFO] =====================================================================================================
[INFO] 行為       影片                               舊信心   新信心      信心Δ   舊抖動   新抖動      抖動Δ
[INFO] -----------------------------------------------------------------------------------------------------
[INFO] walk       walk_15.mp4                         0.991    0.987    -0.004↓     7.16     7.39     +0.23↑
[INFO] walk       walk_19.mp4                         0.986    0.986    +0.000↑     8.40     9.09     +0.69↑
[INFO] walk       walk_20.mp4                         0.998    0.999    +0.000↑    11.39    12.16     +0.77↑
[INFO] walk       walk_21.mp4                         0.992    0.990    -0.002↓    19.69    21.94     +2.25↑
[INFO] lick       lick_60.mp4                         0.998    0.998    -0.001↓     1.66     1.65     -0.01↓
[INFO] lick       lick_61.mp4                         0.995    0.996    +0.001↑     1.75     2.07     +0.32↑
[INFO] lick       lick_62.mp4                         0.997    0.997    -0.000↓     1.58     1.73     +0.14↑
[INFO] lick       lick_70.mp4                         0.993    0.997    +0.004↑     2.50     2.89     +0.39↑
[INFO] lick       lick_74.mp4                         0.995    0.995    -0.000↓     2.66     2.43     -0.23↓
[INFO] scratch    scratch_27.mp4                      0.920    0.950    +0.030↑     2.43     2.39     -0.04↓
[INFO] scratch    scratch_32.mp4                      0.991    0.996    +0.005↑     3.74     4.08     +0.34↑
[INFO] scratch    scratch_33.mp4                      0.995    0.994    -0.001↓     2.77     2.76     -0.01↓
[INFO] scratch    scratch_39.mp4                      0.977    0.949    -0.027↓     3.25     3.40     +0.15↑
[INFO] shake      shake_49.mp4                        0.978    0.982    +0.004↑     3.37     3.66     +0.29↑
[INFO] shake      shake_50.mp4                        0.998    0.999    +0.001↑     2.73     2.25     -0.48↓
[INFO] shake      shake_51.mp4                        0.997    0.997    -0.000↓     2.05     2.02     -0.04↓
[INFO] shake      shake_57.mp4                        0.998    0.998    +0.000↑     2.27     2.29     +0.02↑
[INFO] shake      shake_58.mp4                        0.997    0.996    -0.001↓     1.29     1.30     +0.01↑
[INFO] shake      shake_63.mp4                        0.996    0.994    -0.002↓     2.46     2.69     +0.23↑
[INFO] stop       stop_2.mp4                          0.988    0.979    -0.010↓     4.74     5.40     +0.66↑
[INFO] stop       stop_3.mp4                          0.980    0.989    +0.010↑     3.00     2.99     -0.01↓
[INFO] stop       stop_36.mp4                         0.998    0.997    -0.002↓     0.61     1.30     +0.69↑
[INFO] stop       stop_48.mp4                         0.994    0.999    +0.004↑     2.39     2.46     +0.07↑
[INFO] stop       stop_6.mp4                          0.999    0.996    -0.002↓     0.43     0.70     +0.27↑
[INFO] stop       stop_71.mp4                         0.995    0.998    +0.003↑     1.63     1.72     +0.08↑
[INFO] stop       stop_75.mp4                         0.908    0.871    -0.038↓     2.54     3.18     +0.64↑
[INFO] 
[INFO] =================================================================================================
[INFO] 行為類別摘要
[INFO] =================================================================================================
[INFO] 行為         舊信心   新信心   信心改善   舊抖動   新抖動   抖動改善   舊缺失   新缺失   缺失改善
[INFO] -------------------------------------------------------------------------------------------------
[INFO] walk          0.988    0.988     -0.09%     9.87    10.67     -8.05%     0.0%     0.1%     +0.00%
[INFO] lick          0.996    0.997     +0.07%     2.00     2.14     -7.15%     0.0%     0.0%     +0.00%
[INFO] scratch       0.970    0.972     +0.19%     3.05     3.16     -3.54%     0.0%     0.0%     +0.00%
[INFO] shake         0.994    0.994     +0.03%     2.36     2.36     -0.24%     0.0%     0.0%     +0.00%
[INFO] stop          0.976    0.969     -0.78%     2.67     3.06    -14.70%     0.0%     0.0%     +0.00%
[INFO] 
[INFO] =================================================================================================
[INFO] 整體比較結果
[INFO] =================================================================================================
[INFO] 舊模型        v11s_107.pt   複合分數 96.48
[INFO] 新模型        v11s_108.pt   複合分數 96.21
[INFO] 
[INFO] 平均信心值    0.986  →  0.984    改善 -0.14%
[INFO] 平均抖動      4.31 px  →  4.63 px    改善 -7.30%
[INFO] 缺失比率      0.0%  →  0.0%    改善 +0.00%
[INFO] 尾尖缺失      1.1%  →  0.5%
[INFO] 
[INFO] 綜合改善分數  -2.60%
[INFO] 進步最多行為  shake  （-0.1%）
[INFO] 退步最多行為  stop  （-5.4%）
[INFO] 
[INFO] 結論          v11s_108.pt  相較  v11s_107.pt  →  WORSE（較差）
[INFO] =================================================================================================
