2026-05-11 00:38:57 | INFO | 開始比較任務
2026-05-11 00:38:57 | INFO | 輸出目錄: jitter_compare_logs\20260511_003857
2026-05-11 00:38:57 | INFO | 使用裝置: cuda:0
2026-05-11 00:38:57 | INFO | 影片: C:\Users\homec\OneDrive\圖片\貓咪圖像資料集\貓咪姿勢影片分類\暫存\walk\2752855.mp4
2026-05-11 00:38:57 | INFO | 模型數量: 2
2026-05-11 00:38:57 | INFO | [1/2] 開始分析模型: C:\AI_Project\cat_pose\val_best.pt
2026-05-11 00:38:57 | INFO | 載入模型: C:\AI_Project\cat_pose\val_best.pt
2026-05-11 00:38:57 | INFO | 來源影片: C:\Users\homec\OneDrive\圖片\貓咪圖像資料集\貓咪姿勢影片分類\暫存\walk\2752855.mp4 | FPS=50.00 | 取樣步長=2 | 有效輸入FPS=25.00
2026-05-11 00:38:59 | INFO | val_best.pt | 已處理 50 個取樣幀
2026-05-11 00:39:01 | INFO | val_best.pt | 已處理 100 個取樣幀
2026-05-11 00:39:02 | INFO | val_best.pt | 已處理 150 個取樣幀
2026-05-11 00:39:03 | INFO | val_best.pt | 已處理 200 個取樣幀
2026-05-11 00:39:04 | INFO | val_best.pt | 已處理 250 個取樣幀
2026-05-11 00:39:06 | INFO | val_best.pt | 已處理 300 個取樣幀
2026-05-11 00:39:07 | INFO | val_best.pt | 已處理 350 個取樣幀
2026-05-11 00:39:08 | INFO | val_best.pt | 已處理 400 個取樣幀
2026-05-11 00:39:10 | INFO | val_best.pt | 已處理 450 個取樣幀
2026-05-11 00:39:11 | INFO | 完成 val_best | global_jitter=0.024202 | unstable_rate=0.00% | detection_rate=100.00%
2026-05-11 00:39:11 | INFO | [2/2] 開始分析模型: C:\AI_Project\cat_pose\train_best.pt
2026-05-11 00:39:11 | INFO | 載入模型: C:\AI_Project\cat_pose\train_best.pt
2026-05-11 00:39:11 | INFO | 來源影片: C:\Users\homec\OneDrive\圖片\貓咪圖像資料集\貓咪姿勢影片分類\暫存\walk\2752855.mp4 | FPS=50.00 | 取樣步長=2 | 有效輸入FPS=25.00
2026-05-11 00:39:12 | INFO | train_best.pt | 已處理 50 個取樣幀
2026-05-11 00:39:14 | INFO | train_best.pt | 已處理 100 個取樣幀
2026-05-11 00:39:15 | INFO | train_best.pt | 已處理 150 個取樣幀
2026-05-11 00:39:17 | INFO | train_best.pt | 已處理 200 個取樣幀
2026-05-11 00:39:18 | INFO | train_best.pt | 已處理 250 個取樣幀
2026-05-11 00:39:19 | INFO | train_best.pt | 已處理 300 個取樣幀
2026-05-11 00:39:21 | INFO | train_best.pt | 已處理 350 個取樣幀
2026-05-11 00:39:22 | INFO | train_best.pt | 已處理 400 個取樣幀
2026-05-11 00:39:23 | INFO | train_best.pt | 已處理 450 個取樣幀
2026-05-11 00:39:24 | INFO | 完成 train_best | global_jitter=0.024109 | unstable_rate=0.00% | detection_rate=100.00%
2026-05-11 00:39:24 | INFO | 新模型比舊模型關鍵點抖動幅度變好 0.39%
2026-05-11 00:39:24 | INFO | 結果判定: 新模型較好（train_best）
2026-05-11 00:39:24 | INFO | 比較完成
2026-05-11 00:39:24 | INFO | 較佳模型: train_best
2026-05-11 00:39:24 | INFO | 較差模型: val_best
2026-05-11 00:39:24 | INFO | 詳細日誌: jitter_compare_logs\20260511_003857\comparison_report.log
2026-05-11 00:39:24 | INFO | JSON 報告: jitter_compare_logs\20260511_003857\comparison_report.json
2026-05-11 00:39:24 | INFO | 文字報告: jitter_compare_logs\20260511_003857\comparison_report.txt
2026-05-11 00:39:24 | INFO | 逐幀 CSV: jitter_compare_logs\20260511_003857\frame_metrics.csv
