[INFO] ====================================================
[INFO] YOLO Pose Model Comparison  [20260705_182752]
[INFO]   Old : C:\ai_project\cat_pose\v11s_117.pt
[INFO]   New : C:\ai_project\cat_pose\v11s_118.pt
[INFO]   Data: C:\Users\homec\OneDrive\圖片\貓咪圖像資料集\主要測試
[INFO]   Out : C:\ai_project\compare_results\20260705_182752  Device: cuda
[INFO] ====================================================
[INFO] Loading old model...
[INFO] Loading new model...
[INFO] Benchmark videos: 27
[INFO]   walk: 4
[INFO]   lick: 5
[INFO]   scratch: 5
[INFO]   shake: 6
[INFO]   stop: 7
[INFO] 
--- OLD MODEL: v11s_117.pt  (EMA α=1.0) ---
[INFO] Processing: walk/walk_12.mp4
[INFO]   Frames: 225 | Inference Time: 7.34 sec | Confidence=0.988 Jitter=10.99
[INFO] --------------------------------
[INFO] Processing: walk/walk_18.mp4
[INFO]   Frames: 244 | Inference Time: 5.52 sec | Confidence=0.933 Jitter=27.58
[INFO] --------------------------------
[INFO] Processing: walk/walk_24.mp4
[INFO]   Frames: 176 | Inference Time: 3.58 sec | Confidence=0.979 Jitter=7.46
[INFO] --------------------------------
[INFO] Processing: walk/walk_29.mp4
[INFO]   Frames: 590 | Inference Time: 13.56 sec | Confidence=0.984 Jitter=12.41
[INFO] --------------------------------
[INFO] Processing: lick/7月3日(1).mp4
[INFO]   Frames: 135 | Inference Time: 3.09 sec | Confidence=0.992 Jitter=2.28
[INFO] --------------------------------
[INFO] Processing: lick/7月3日(2).mp4
[INFO]   Frames: 156 | Inference Time: 3.15 sec | Confidence=0.995 Jitter=1.84
[INFO] --------------------------------
[INFO] Processing: lick/7月3日(3).mp4
[INFO]   Frames: 121 | Inference Time: 2.53 sec | Confidence=0.996 Jitter=2.59
[INFO] --------------------------------
[INFO] Processing: lick/7月3日(4).mp4
[INFO]   Frames: 147 | Inference Time: 3.14 sec | Confidence=0.991 Jitter=1.91
[INFO] --------------------------------
[INFO] Processing: lick/7月3日.mp4
[INFO]   Frames: 139 | Inference Time: 2.84 sec | Confidence=0.974 Jitter=3.22
[INFO] --------------------------------
[INFO] Processing: scratch/7月3日 (2)(1).mp4
[INFO]   Frames: 155 | Inference Time: 3.20 sec | Confidence=0.958 Jitter=6.43
[INFO] --------------------------------
[INFO] Processing: scratch/7月3日 (2)(2).mp4
[INFO]   Frames: 109 | Inference Time: 2.29 sec | Confidence=0.991 Jitter=6.64
[INFO] --------------------------------
[INFO] Processing: scratch/7月3日 (2)(3).mp4
[INFO]   Frames: 154 | Inference Time: 3.26 sec | Confidence=0.993 Jitter=5.61
[INFO] --------------------------------
[INFO] Processing: scratch/7月3日 (2)(4).mp4
[INFO]   Frames: 142 | Inference Time: 3.01 sec | Confidence=0.985 Jitter=5.08
[INFO] --------------------------------
[INFO] Processing: scratch/7月3日 (2).mp4
[INFO]   Frames: 177 | Inference Time: 3.71 sec | Confidence=0.995 Jitter=5.35
[INFO] --------------------------------
[INFO] Processing: shake/7月3日(1).mp4
[INFO]   Frames: 34 | Inference Time: 0.72 sec | Confidence=0.997 Jitter=12.10
[INFO] --------------------------------
[INFO] Processing: shake/7月3日(2).mp4
[INFO]   Frames: 19 | Inference Time: 0.41 sec | Confidence=0.997 Jitter=13.81
[INFO] --------------------------------
[INFO] Processing: shake/7月3日(3).mp4
[INFO]   Frames: 20 | Inference Time: 0.44 sec | Confidence=0.953 Jitter=19.66
[INFO] --------------------------------
[INFO] Processing: shake/7月3日(4).mp4
[INFO]   Frames: 33 | Inference Time: 0.77 sec | Confidence=0.996 Jitter=8.02
[INFO] --------------------------------
[INFO] Processing: shake/7月3日(5).mp4
[INFO]   Frames: 34 | Inference Time: 0.72 sec | Confidence=0.988 Jitter=10.86
[INFO] --------------------------------
[INFO] Processing: shake/7月3日.mp4
[INFO]   Frames: 26 | Inference Time: 0.57 sec | Confidence=0.998 Jitter=14.69
[INFO] --------------------------------
[INFO] Processing: stop/stop_2.mp4
[INFO]   Frames: 397 | Inference Time: 8.37 sec | Confidence=0.974 Jitter=4.60
[INFO] --------------------------------
[INFO] Processing: stop/stop_3.mp4
[INFO]   Frames: 248 | Inference Time: 5.12 sec | Confidence=0.963 Jitter=2.26
[INFO] --------------------------------
[INFO] Processing: stop/stop_36.mp4
[INFO]   Frames: 50 | Inference Time: 1.03 sec | Confidence=0.998 Jitter=0.68
[INFO] --------------------------------
[INFO] Processing: stop/stop_48.mp4
[INFO]   Frames: 55 | Inference Time: 1.24 sec | Confidence=0.995 Jitter=2.43
[INFO] --------------------------------
[INFO] Processing: stop/stop_6.mp4
[INFO]   Frames: 285 | Inference Time: 5.91 sec | Confidence=0.996 Jitter=0.51
[INFO] --------------------------------
[INFO] Processing: stop/stop_71.mp4
[INFO]   Frames: 92 | Inference Time: 2.01 sec | Confidence=0.995 Jitter=1.33
[INFO] --------------------------------
[INFO] Processing: stop/stop_75.mp4
[INFO]   Frames: 230 | Inference Time: 4.87 sec | Confidence=0.767 Jitter=2.62
[INFO] --------------------------------
[INFO] 
--- NEW MODEL: v11s_118.pt  (EMA α=1.0) ---
[INFO] Processing: walk/walk_12.mp4
[INFO]   Frames: 225 | Inference Time: 4.79 sec | Confidence=0.989 Jitter=11.03
[INFO] --------------------------------
[INFO] Processing: walk/walk_18.mp4
[INFO]   Frames: 244 | Inference Time: 6.25 sec | Confidence=0.946 Jitter=32.65
[INFO] --------------------------------
[INFO] Processing: walk/walk_24.mp4
[INFO]   Frames: 176 | Inference Time: 4.46 sec | Confidence=0.979 Jitter=7.29
[INFO] --------------------------------
[INFO] Processing: walk/walk_29.mp4
[INFO]   Frames: 590 | Inference Time: 13.73 sec | Confidence=0.981 Jitter=13.06
[INFO] --------------------------------
[INFO] Processing: lick/7月3日(1).mp4
[INFO]   Frames: 135 | Inference Time: 3.45 sec | Confidence=0.989 Jitter=2.81
[INFO] --------------------------------
[INFO] Processing: lick/7月3日(2).mp4
[INFO]   Frames: 156 | Inference Time: 3.88 sec | Confidence=0.997 Jitter=2.33
[INFO] --------------------------------
[INFO] Processing: lick/7月3日(3).mp4
[INFO]   Frames: 121 | Inference Time: 3.06 sec | Confidence=0.998 Jitter=2.35
[INFO] --------------------------------
[INFO] Processing: lick/7月3日(4).mp4
[INFO]   Frames: 147 | Inference Time: 3.36 sec | Confidence=0.990 Jitter=2.01
[INFO] --------------------------------
[INFO] Processing: lick/7月3日.mp4
[INFO]   Frames: 139 | Inference Time: 3.28 sec | Confidence=0.976 Jitter=3.50
[INFO] --------------------------------
[INFO] Processing: scratch/7月3日 (2)(1).mp4
[INFO]   Frames: 155 | Inference Time: 3.46 sec | Confidence=0.967 Jitter=5.95
[INFO] --------------------------------
[INFO] Processing: scratch/7月3日 (2)(2).mp4
[INFO]   Frames: 109 | Inference Time: 2.44 sec | Confidence=0.987 Jitter=7.19
[INFO] --------------------------------
[INFO] Processing: scratch/7月3日 (2)(3).mp4
[INFO]   Frames: 154 | Inference Time: 3.54 sec | Confidence=0.995 Jitter=5.29
[INFO] --------------------------------
[INFO] Processing: scratch/7月3日 (2)(4).mp4
[INFO]   Frames: 142 | Inference Time: 3.25 sec | Confidence=0.980 Jitter=5.29
[INFO] --------------------------------
[INFO] Processing: scratch/7月3日 (2).mp4
[INFO]   Frames: 177 | Inference Time: 4.61 sec | Confidence=0.993 Jitter=5.69
[INFO] --------------------------------
[INFO] Processing: shake/7月3日(1).mp4
[INFO]   Frames: 34 | Inference Time: 0.91 sec | Confidence=0.995 Jitter=12.69
[INFO] --------------------------------
[INFO] Processing: shake/7月3日(2).mp4
[INFO]   Frames: 19 | Inference Time: 0.54 sec | Confidence=0.997 Jitter=14.50
[INFO] --------------------------------
[INFO] Processing: shake/7月3日(3).mp4
[INFO]   Frames: 20 | Inference Time: 0.54 sec | Confidence=0.965 Jitter=20.41
[INFO] --------------------------------
[INFO] Processing: shake/7月3日(4).mp4
[INFO]   Frames: 33 | Inference Time: 0.84 sec | Confidence=0.995 Jitter=7.80
[INFO] --------------------------------
[INFO] Processing: shake/7月3日(5).mp4
[INFO]   Frames: 34 | Inference Time: 0.93 sec | Confidence=0.984 Jitter=11.45
[INFO] --------------------------------
[INFO] Processing: shake/7月3日.mp4
[INFO]   Frames: 26 | Inference Time: 0.72 sec | Confidence=0.998 Jitter=16.19
[INFO] --------------------------------
[INFO] Processing: stop/stop_2.mp4
[INFO]   Frames: 397 | Inference Time: 10.99 sec | Confidence=0.980 Jitter=5.25
[INFO] --------------------------------
[INFO] Processing: stop/stop_3.mp4
[INFO]   Frames: 248 | Inference Time: 6.49 sec | Confidence=0.968 Jitter=2.23
[INFO] --------------------------------
[INFO] Processing: stop/stop_36.mp4
[INFO]   Frames: 50 | Inference Time: 1.09 sec | Confidence=0.993 Jitter=0.90
[INFO] --------------------------------
[INFO] Processing: stop/stop_48.mp4
[INFO]   Frames: 55 | Inference Time: 1.14 sec | Confidence=0.992 Jitter=1.98
[INFO] --------------------------------
[INFO] Processing: stop/stop_6.mp4
[INFO]   Frames: 285 | Inference Time: 6.19 sec | Confidence=0.998 Jitter=0.42
[INFO] --------------------------------
[INFO] Processing: stop/stop_71.mp4
[INFO]   Frames: 92 | Inference Time: 1.93 sec | Confidence=0.996 Jitter=2.02
[INFO] --------------------------------
[INFO] Processing: stop/stop_75.mp4
[INFO]   Frames: 230 | Inference Time: 5.03 sec | Confidence=0.857 Jitter=1.71
[INFO] --------------------------------
[INFO] 
Aggregating metrics...
[INFO] 
Writing CSV files...
[INFO] Generating figures...
[INFO] Writing reports...
[INFO] 
[INFO] =====================================================================================================
[INFO] 逐影片比較結果
[INFO] =====================================================================================================
[INFO] 行為       影片                               舊信心   新信心      信心Δ   舊抖動   新抖動      抖動Δ
[INFO] -----------------------------------------------------------------------------------------------------
[INFO] walk       walk_12.mp4                         0.988    0.989    +0.001↑    10.99    11.03     +0.04↑
[INFO] walk       walk_18.mp4                         0.933    0.946    +0.012↑    27.58    32.65     +5.07↑
[INFO] walk       walk_24.mp4                         0.979    0.979    -0.000↓     7.46     7.29     -0.17↓
[INFO] walk       walk_29.mp4                         0.984    0.981    -0.002↓    12.41    13.06     +0.65↑
[INFO] lick       7月3日(1).mp4                       0.992    0.989    -0.003↓     2.28     2.81     +0.53↑
[INFO] lick       7月3日(2).mp4                       0.995    0.997    +0.002↑     1.84     2.33     +0.50↑
[INFO] lick       7月3日(3).mp4                       0.996    0.998    +0.002↑     2.59     2.35     -0.24↓
[INFO] lick       7月3日(4).mp4                       0.991    0.990    -0.001↓     1.91     2.01     +0.10↑
[INFO] lick       7月3日.mp4                          0.974    0.976    +0.003↑     3.22     3.50     +0.28↑
[INFO] scratch    7月3日 (2)(1).mp4                   0.958    0.967    +0.009↑     6.43     5.95     -0.48↓
[INFO] scratch    7月3日 (2)(2).mp4                   0.991    0.987    -0.003↓     6.64     7.19     +0.55↑
[INFO] scratch    7月3日 (2)(3).mp4                   0.993    0.995    +0.002↑     5.61     5.29     -0.33↓
[INFO] scratch    7月3日 (2)(4).mp4                   0.985    0.980    -0.005↓     5.08     5.29     +0.22↑
[INFO] scratch    7月3日 (2).mp4                      0.995    0.993    -0.002↓     5.35     5.69     +0.34↑
[INFO] shake      7月3日(1).mp4                       0.997    0.995    -0.002↓    12.10    12.69     +0.59↑
[INFO] shake      7月3日(2).mp4                       0.997    0.997    -0.000↓    13.81    14.50     +0.69↑
[INFO] shake      7月3日(3).mp4                       0.953    0.965    +0.012↑    19.66    20.41     +0.74↑
[INFO] shake      7月3日(4).mp4                       0.996    0.995    -0.000↓     8.02     7.80     -0.22↓
[INFO] shake      7月3日(5).mp4                       0.988    0.984    -0.004↓    10.86    11.45     +0.59↑
[INFO] shake      7月3日.mp4                          0.998    0.998    -0.000↓    14.69    16.19     +1.50↑
[INFO] stop       stop_2.mp4                          0.974    0.980    +0.007↑     4.60     5.25     +0.65↑
[INFO] stop       stop_3.mp4                          0.963    0.968    +0.004↑     2.26     2.23     -0.03↓
[INFO] stop       stop_36.mp4                         0.998    0.993    -0.004↓     0.68     0.90     +0.22↑
[INFO] stop       stop_48.mp4                         0.995    0.992    -0.003↓     2.43     1.98     -0.45↓
[INFO] stop       stop_6.mp4                          0.996    0.998    +0.002↑     0.51     0.42     -0.10↓
[INFO] stop       stop_71.mp4                         0.995    0.996    +0.001↑     1.33     2.02     +0.69↑
[INFO] stop       stop_75.mp4                         0.767    0.857    +0.090↑     2.62     1.71     -0.91↓
[INFO] 
[INFO] =================================================================================================
[INFO] 行為類別摘要
[INFO] =================================================================================================
[INFO] 行為         舊信心   新信心   信心改善   舊抖動   新抖動   抖動改善   舊缺失   新缺失   缺失改善
[INFO] -------------------------------------------------------------------------------------------------
[INFO] walk          0.974    0.976     +0.12%    13.97    15.15     -8.43%     1.3%     0.8%    +37.50%
[INFO] lick          0.990    0.990     +0.04%     2.34     2.59    -10.61%     0.0%     0.0%     +0.00%
[INFO] scratch       0.984    0.985     +0.03%     5.77     5.81     -0.70%     0.0%     0.0%     +0.00%
[INFO] shake         0.990    0.990     +0.01%    12.52    13.12     -4.78%     0.0%     0.0%     +0.00%
[INFO] stop          0.945    0.963     +1.93%     2.50     2.57     -2.70%     0.0%     0.0%     +0.00%
[INFO] 
[INFO] =================================================================================================
[INFO] ★★★ 主指標：P95 Jitter（尾部抖動，數值越小越穩定） ★★★
[INFO] =================================================================================================
[INFO] 行為       舊P95抖動 新P95抖動       改善
[INFO] -------------------------------------------------------------------------------------------------
[INFO] walk          45.44    50.19    -10.46%
[INFO] lick           8.31     8.87     -6.69%
[INFO] scratch       20.37    21.82     -7.12%
[INFO] shake         51.75    46.18    +10.76%
[INFO] stop           9.80    10.03     -2.32%
[INFO] -------------------------------------------------------------------------------------------------
[INFO] 整體          26.22    27.94     -6.56%
[INFO] 
[INFO]   ★ 主指標結論：v11s_117.pt 尾部抖動較小（Δ1.72px）— 依你指定的主指標，優先選它
[INFO] =================================================================================================
[INFO] 
[INFO] =================================================================================================
[INFO] [參考，非主指標] 整體比較結果（複合分數）
[INFO] =================================================================================================
[INFO] 舊模型        v11s_117.pt   複合分數 94.08
[INFO] 新模型        v11s_118.pt   複合分數 94.03
[INFO] 
[INFO] 平均信心值    0.970  →  0.976    改善 +0.66%
[INFO] 平均抖動      6.77 px  →  7.23 px    改善 -6.78%
[INFO] 缺失比率      0.4%  →  0.2%    改善 +37.50%
[INFO] 尾尖缺失      5.9%  →  3.0%
[INFO] 
[INFO] 綜合改善分數  +9.11%
[INFO] 進步最多行為  walk  （+8.3%）
[INFO] 退步最多行為  lick  （-3.7%）
[INFO] 
[INFO] 結論          v11s_118.pt  相較  v11s_117.pt  →  BETTER（較優）  [參考用複合分數]
[INFO] =================================================================================================
[INFO] 
[INFO] ⚠ 注意：[參考] 複合分數建議 v11s_118.pt，但主指標（P95抖動）建議 v11s_117.pt——兩者不一致時請以主指標為準（複合分數混入了信心值/缺失率等你不特別在意的項目）。
