2026-05-12 14:36:39 | INFO | 開始比較任務
2026-05-12 14:36:39 | INFO | 輸出目錄: jitter_compare_logs\20260512_143639
2026-05-12 14:36:39 | INFO | 使用裝置: cuda:0
2026-05-12 14:36:39 | INFO | 影片: C:\Users\homec\OneDrive\圖片\貓咪圖像資料集\貓咪姿勢影片分類\暫存\walk\2752855.mp4
2026-05-12 14:36:39 | INFO | 模型數量: 2
2026-05-12 14:36:39 | INFO | [1/2] 開始分析模型: C:\ai_project\cat_pose\v11s_70_1.pt
2026-05-12 14:36:39 | INFO | 載入模型: C:\ai_project\cat_pose\v11s_70_1.pt
2026-05-12 14:36:39 | INFO | 來源影片: C:\Users\homec\OneDrive\圖片\貓咪圖像資料集\貓咪姿勢影片分類\暫存\walk\2752855.mp4 | FPS=50.00 | 取樣步長=2 | 有效輸入FPS=25.00
2026-05-12 14:36:41 | INFO | v11s_70_1.pt | 已處理 50 個取樣幀
2026-05-12 14:36:42 | INFO | v11s_70_1.pt | 已處理 100 個取樣幀
2026-05-12 14:36:44 | INFO | v11s_70_1.pt | 已處理 150 個取樣幀
2026-05-12 14:36:45 | INFO | v11s_70_1.pt | 已處理 200 個取樣幀
2026-05-12 14:36:46 | INFO | v11s_70_1.pt | 已處理 250 個取樣幀
2026-05-12 14:36:47 | INFO | v11s_70_1.pt | 已處理 300 個取樣幀
2026-05-12 14:36:48 | INFO | v11s_70_1.pt | 已處理 350 個取樣幀
2026-05-12 14:36:49 | INFO | v11s_70_1.pt | 已處理 400 個取樣幀
2026-05-12 14:36:50 | INFO | v11s_70_1.pt | 已處理 450 個取樣幀
2026-05-12 14:36:51 | INFO | 完成 v11s_70_1 | global_jitter=0.024013 | unstable_rate=0.00% | detection_rate=100.00%
2026-05-12 14:36:51 | INFO | [2/2] 開始分析模型: C:\ai_project\cat_pose\v11s_70_2.pt
2026-05-12 14:36:51 | INFO | 載入模型: C:\ai_project\cat_pose\v11s_70_2.pt
2026-05-12 14:36:51 | INFO | 來源影片: C:\Users\homec\OneDrive\圖片\貓咪圖像資料集\貓咪姿勢影片分類\暫存\walk\2752855.mp4 | FPS=50.00 | 取樣步長=2 | 有效輸入FPS=25.00
2026-05-12 14:36:53 | INFO | v11s_70_2.pt | 已處理 50 個取樣幀
2026-05-12 14:36:54 | INFO | v11s_70_2.pt | 已處理 100 個取樣幀
2026-05-12 14:36:55 | INFO | v11s_70_2.pt | 已處理 150 個取樣幀
2026-05-12 14:36:56 | INFO | v11s_70_2.pt | 已處理 200 個取樣幀
2026-05-12 14:36:57 | INFO | v11s_70_2.pt | 已處理 250 個取樣幀
2026-05-12 14:36:58 | INFO | v11s_70_2.pt | 已處理 300 個取樣幀
2026-05-12 14:37:00 | INFO | v11s_70_2.pt | 已處理 350 個取樣幀
2026-05-12 14:37:01 | INFO | v11s_70_2.pt | 已處理 400 個取樣幀
2026-05-12 14:37:02 | INFO | v11s_70_2.pt | 已處理 450 個取樣幀
2026-05-12 14:37:03 | INFO | 完成 v11s_70_2 | global_jitter=0.024158 | unstable_rate=0.00% | detection_rate=100.00%
2026-05-12 14:37:03 | INFO | 新模型比舊模型關鍵點抖動幅度變差 0.60%
2026-05-12 14:37:03 | INFO | 結果判定: 舊模型較好（v11s_70_1）
2026-05-12 14:37:03 | INFO | 比較完成
2026-05-12 14:37:03 | INFO | 較佳模型: v11s_70_1
2026-05-12 14:37:03 | INFO | 較差模型: v11s_70_2
2026-05-12 14:37:03 | INFO | 詳細日誌: jitter_compare_logs\20260512_143639\comparison_report.log
2026-05-12 14:37:03 | INFO | JSON 報告: jitter_compare_logs\20260512_143639\comparison_report.json
2026-05-12 14:37:03 | INFO | 文字報告: jitter_compare_logs\20260512_143639\comparison_report.txt
2026-05-12 14:37:03 | INFO | 逐幀 CSV: jitter_compare_logs\20260512_143639\frame_metrics.csv
