2026-05-11 00:42:59 | INFO | 開始比較任務
2026-05-11 00:42:59 | INFO | 輸出目錄: jitter_compare_logs\20260511_004259
2026-05-11 00:42:59 | INFO | 使用裝置: cuda:0
2026-05-11 00:42:59 | INFO | 影片: C:\Users\homec\OneDrive\圖片\貓咪圖像資料集\貓咪姿勢影片分類\暫存\walk\2752855.mp4
2026-05-11 00:42:59 | INFO | 模型數量: 2
2026-05-11 00:42:59 | INFO | [1/2] 開始分析模型: C:\AI_Project\cat_pose\v11s_19.pt
2026-05-11 00:42:59 | INFO | 載入模型: C:\AI_Project\cat_pose\v11s_19.pt
2026-05-11 00:42:59 | INFO | 來源影片: C:\Users\homec\OneDrive\圖片\貓咪圖像資料集\貓咪姿勢影片分類\暫存\walk\2752855.mp4 | FPS=50.00 | 取樣步長=2 | 有效輸入FPS=25.00
2026-05-11 00:43:01 | INFO | v11s_19.pt | 已處理 50 個取樣幀
2026-05-11 00:43:02 | INFO | v11s_19.pt | 已處理 100 個取樣幀
2026-05-11 00:43:04 | INFO | v11s_19.pt | 已處理 150 個取樣幀
2026-05-11 00:43:05 | INFO | v11s_19.pt | 已處理 200 個取樣幀
2026-05-11 00:43:06 | INFO | v11s_19.pt | 已處理 250 個取樣幀
2026-05-11 00:43:07 | INFO | v11s_19.pt | 已處理 300 個取樣幀
2026-05-11 00:43:09 | INFO | v11s_19.pt | 已處理 350 個取樣幀
2026-05-11 00:43:10 | INFO | v11s_19.pt | 已處理 400 個取樣幀
2026-05-11 00:43:11 | INFO | v11s_19.pt | 已處理 450 個取樣幀
2026-05-11 00:43:12 | INFO | 完成 v11s_19 | global_jitter=0.025295 | unstable_rate=0.00% | detection_rate=100.00%
2026-05-11 00:43:12 | INFO | [2/2] 開始分析模型: C:\AI_Project\cat_pose\v11s_68.pt
2026-05-11 00:43:12 | INFO | 載入模型: C:\AI_Project\cat_pose\v11s_68.pt
2026-05-11 00:43:12 | INFO | 來源影片: C:\Users\homec\OneDrive\圖片\貓咪圖像資料集\貓咪姿勢影片分類\暫存\walk\2752855.mp4 | FPS=50.00 | 取樣步長=2 | 有效輸入FPS=25.00
2026-05-11 00:43:14 | INFO | v11s_68.pt | 已處理 50 個取樣幀
2026-05-11 00:43:15 | INFO | v11s_68.pt | 已處理 100 個取樣幀
2026-05-11 00:43:16 | INFO | v11s_68.pt | 已處理 150 個取樣幀
2026-05-11 00:43:18 | INFO | v11s_68.pt | 已處理 200 個取樣幀
2026-05-11 00:43:19 | INFO | v11s_68.pt | 已處理 250 個取樣幀
2026-05-11 00:43:20 | INFO | v11s_68.pt | 已處理 300 個取樣幀
2026-05-11 00:43:21 | INFO | v11s_68.pt | 已處理 350 個取樣幀
2026-05-11 00:43:22 | INFO | v11s_68.pt | 已處理 400 個取樣幀
2026-05-11 00:43:24 | INFO | v11s_68.pt | 已處理 450 個取樣幀
2026-05-11 00:43:25 | INFO | 完成 v11s_68 | global_jitter=0.024244 | unstable_rate=0.00% | detection_rate=100.00%
2026-05-11 00:43:25 | INFO | 新模型比舊模型關鍵點抖動幅度變好 4.16%
2026-05-11 00:43:25 | INFO | 結果判定: 新模型較好（v11s_68）
2026-05-11 00:43:25 | INFO | 比較完成
2026-05-11 00:43:25 | INFO | 較佳模型: v11s_68
2026-05-11 00:43:25 | INFO | 較差模型: v11s_19
2026-05-11 00:43:25 | INFO | 詳細日誌: jitter_compare_logs\20260511_004259\comparison_report.log
2026-05-11 00:43:25 | INFO | JSON 報告: jitter_compare_logs\20260511_004259\comparison_report.json
2026-05-11 00:43:25 | INFO | 文字報告: jitter_compare_logs\20260511_004259\comparison_report.txt
2026-05-11 00:43:25 | INFO | 逐幀 CSV: jitter_compare_logs\20260511_004259\frame_metrics.csv
