[INFO] ====================================================
[INFO] YOLO Pose Model Comparison
[INFO]   Old : C:\AI_Project\cat_pose\v11s_94.pt
[INFO]   New : C:\AI_Project\cat_pose\v11s_103.pt
[INFO]   Data: C:\Users\homec\OneDrive\圖片\貓咪圖像資料集\主要測試
[INFO]   Out : C:\AI_Project\compare_results  Device: cuda
[INFO] ====================================================
[INFO] Loading old model...
[INFO] Loading new model...
[INFO] Benchmark videos: 14
[INFO]   walk: 3
[INFO]   lick: 3
[INFO]   scratch: 2
[INFO]   shake: 2
[INFO]   stop: 4
[INFO] 
--- OLD MODEL: v11s_94.pt ---
[INFO] Processing: walk/screen_86.mp4
[INFO]   Frames: 444 | Inference Time: 10.10 sec | Confidence=0.985 Jitter=6.20
[INFO] --------------------------------
[INFO] Processing: walk/walk_11.mp4
[INFO]   Frames: 135 | Inference Time: 2.95 sec | Confidence=0.991 Jitter=16.83
[INFO] --------------------------------
[INFO] Processing: walk/walk_22.mp4
[INFO]   Frames: 159 | Inference Time: 3.30 sec | Confidence=0.983 Jitter=10.96
[INFO] --------------------------------
[INFO] Processing: lick/calico_lick1.mp4
[INFO]   Frames: 397 | Inference Time: 7.98 sec | Confidence=0.967 Jitter=4.12
[INFO] --------------------------------
[INFO] Processing: lick/grassland_white_lick2.mp4
[INFO]   Frames: 241 | Inference Time: 4.94 sec | Confidence=0.997 Jitter=2.69
[INFO] --------------------------------
[INFO] Processing: lick/white_lick2.mp4
[INFO]   Frames: 558 | Inference Time: 11.25 sec | Confidence=0.989 Jitter=3.28
[INFO] --------------------------------
[INFO] Processing: scratch/scratch4847.mp4
[INFO]   Frames: 121 | Inference Time: 2.45 sec | Confidence=0.982 Jitter=3.33
[INFO] --------------------------------
[INFO] Processing: scratch/scratch578.mp4
[INFO]   Frames: 159 | Inference Time: 3.28 sec | Confidence=0.949 Jitter=6.68
[INFO] --------------------------------
[INFO] Processing: shake/shake5772.mp4
[INFO]   Frames: 343 | Inference Time: 6.97 sec | Confidence=0.975 Jitter=12.92
[INFO] --------------------------------
[INFO] Processing: shake/shake_3.mp4
[INFO]   Frames: 121 | Inference Time: 2.47 sec | Confidence=0.988 Jitter=10.40
[INFO] --------------------------------
[INFO] Processing: stop/6月2日(1).mp4
[INFO]   Frames: 167 | Inference Time: 3.79 sec | Confidence=0.984 Jitter=5.07
[INFO] --------------------------------
[INFO] Processing: stop/6月2日(19).mp4
[INFO]   Frames: 455 | Inference Time: 9.17 sec | Confidence=0.876 Jitter=4.48
[INFO] --------------------------------
[INFO] Processing: stop/6月2日(2).mp4
[INFO]   Frames: 230 | Inference Time: 4.49 sec | Confidence=0.861 Jitter=4.04
[INFO] --------------------------------
[INFO] Processing: stop/6月2日(3).mp4
[INFO]   Frames: 283 | Inference Time: 5.59 sec | Confidence=0.922 Jitter=4.70
[INFO] --------------------------------
[INFO] 
--- NEW MODEL: v11s_103.pt ---
[INFO] Processing: walk/screen_86.mp4
[INFO]   Frames: 444 | Inference Time: 8.94 sec | Confidence=0.989 Jitter=5.76
[INFO] --------------------------------
[INFO] Processing: walk/walk_11.mp4
[INFO]   Frames: 135 | Inference Time: 2.72 sec | Confidence=0.993 Jitter=16.67
[INFO] --------------------------------
[INFO] Processing: walk/walk_22.mp4
[INFO]   Frames: 159 | Inference Time: 3.22 sec | Confidence=0.986 Jitter=11.18
[INFO] --------------------------------
[INFO] Processing: lick/calico_lick1.mp4
[INFO]   Frames: 397 | Inference Time: 8.10 sec | Confidence=0.980 Jitter=3.77
[INFO] --------------------------------
[INFO] Processing: lick/grassland_white_lick2.mp4
[INFO]   Frames: 241 | Inference Time: 4.85 sec | Confidence=0.994 Jitter=2.52
[INFO] --------------------------------
[INFO] Processing: lick/white_lick2.mp4
[INFO]   Frames: 558 | Inference Time: 11.57 sec | Confidence=0.993 Jitter=2.73
[INFO] --------------------------------
[INFO] Processing: scratch/scratch4847.mp4
[INFO]   Frames: 121 | Inference Time: 2.42 sec | Confidence=0.982 Jitter=2.47
[INFO] --------------------------------
[INFO] Processing: scratch/scratch578.mp4
[INFO]   Frames: 159 | Inference Time: 3.50 sec | Confidence=0.962 Jitter=6.78
[INFO] --------------------------------
[INFO] Processing: shake/shake5772.mp4
[INFO]   Frames: 343 | Inference Time: 6.99 sec | Confidence=0.954 Jitter=13.66
[INFO] --------------------------------
[INFO] Processing: shake/shake_3.mp4
[INFO]   Frames: 121 | Inference Time: 2.46 sec | Confidence=0.980 Jitter=9.49
[INFO] --------------------------------
[INFO] Processing: stop/6月2日(1).mp4
[INFO]   Frames: 167 | Inference Time: 3.81 sec | Confidence=0.986 Jitter=4.77
[INFO] --------------------------------
[INFO] Processing: stop/6月2日(19).mp4
[INFO]   Frames: 455 | Inference Time: 9.77 sec | Confidence=0.893 Jitter=4.34
[INFO] --------------------------------
[INFO] Processing: stop/6月2日(2).mp4
[INFO]   Frames: 230 | Inference Time: 4.83 sec | Confidence=0.868 Jitter=2.04
[INFO] --------------------------------
[INFO] Processing: stop/6月2日(3).mp4
[INFO]   Frames: 283 | Inference Time: 6.86 sec | Confidence=0.874 Jitter=1.97
[INFO] --------------------------------
[INFO] 
Aggregating metrics...
[INFO] 
Writing CSV files...
[INFO] Generating figures...
[INFO] Writing reports...
[INFO] 
[INFO] ================================================================================
[INFO] 逐影片比較結果
[INFO] ================================================================================
[INFO] 行為       影片                              舊信心    新信心     信心Δ     舊抖動     新抖動     抖動Δ
[INFO] --------------------------------------------------------------------------------
[INFO] walk     screen_86.mp4                 0.985  0.989 +0.004↑    6.20    5.76  -0.44↓
[INFO] walk     walk_11.mp4                   0.991  0.993 +0.002↑   16.83   16.67  -0.16↓
[INFO] walk     walk_22.mp4                   0.983  0.986 +0.004↑   10.96   11.18  +0.22↑
[INFO] lick     calico_lick1.mp4              0.967  0.980 +0.013↑    4.12    3.77  -0.35↓
[INFO] lick     grassland_white_lick2.mp4     0.997  0.994 -0.002↓    2.69    2.52  -0.17↓
[INFO] lick     white_lick2.mp4               0.989  0.993 +0.004↑    3.28    2.73  -0.55↓
[INFO] scratch  scratch4847.mp4               0.982  0.982 +0.000↑    3.33    2.47  -0.86↓
[INFO] scratch  scratch578.mp4                0.949  0.962 +0.013↑    6.68    6.78  +0.10↑
[INFO] shake    shake5772.mp4                 0.975  0.954 -0.020↓   12.92   13.66  +0.74↑
[INFO] shake    shake_3.mp4                   0.988  0.980 -0.008↓   10.40    9.49  -0.91↓
[INFO] stop     6月2日(1).mp4                   0.984  0.986 +0.003↑    5.07    4.77  -0.30↓
[INFO] stop     6月2日(19).mp4                  0.876  0.893 +0.017↑    4.48    4.34  -0.13↓
[INFO] stop     6月2日(2).mp4                   0.861  0.868 +0.007↑    4.04    2.04  -2.00↓
[INFO] stop     6月2日(3).mp4                   0.922  0.874 -0.048↓    4.70    1.97  -2.73↓
[INFO] 
[INFO] ================================================================================
[INFO] 行為類別摘要
[INFO] ================================================================================
[INFO] 行為             舊信心     新信心      信心改善     舊抖動     新抖動      抖動改善     舊缺失     新缺失      缺失改善
[INFO] --------------------------------------------------------------------------------
[INFO] walk         0.985   0.989    +0.39%    9.17    8.93    +2.68%    0.0%    0.0%    +0.00%
[INFO] lick         0.983   0.989    +0.58%    3.42    3.01   +12.01%    0.0%    0.0%    +0.00%
[INFO] scratch      0.964   0.971    +0.75%    5.12    4.76    +7.01%    0.4%    0.4%    +0.00%
[INFO] shake        0.978   0.961    -1.75%   12.27   12.58    -2.54%    0.0%    0.0%    +0.00%
[INFO] stop         0.900   0.897    -0.35%    4.54    3.34   +26.32%    0.0%    0.0%    +0.00%
[INFO] 
[INFO] ================================================================================
[INFO] 整體比較結果
[INFO] ================================================================================
[INFO]   舊模型：v11s_94.pt   複合分數 94.19
[INFO]   新模型：v11s_103.pt   複合分數 94.53
[INFO] 
[INFO]   平均信心值：0.957 → 0.957   改善 +0.00%
[INFO]   平均抖動  ：6.14 px → 5.65 px   改善 +7.94%
[INFO]   缺失比率  ：0.0% → 0.0%   改善 +0.00%
[INFO]   尾尖缺失  ：9.4% → 10.8%
[INFO] 
[INFO]   綜合改善分數：+2.78%
[INFO]   進步最多行為：stop（+9.1%）
[INFO]   退步最多行為：shake（-1.5%）
[INFO] 
[INFO]   結論：v11s_103.pt 相較 v11s_94.pt 為 BETTER（較優）
[INFO] ================================================================================
