[INFO] ====================================================
[INFO] YOLO Pose Model Comparison  [20260629_182030]
[INFO]   Old : C:\ai_project\cat_pose\v11s_107.pt
[INFO]   New : C:\ai_project\cat_pose\v11s_110.pt
[INFO]   Data: C:\Users\homec\OneDrive\圖片\貓咪圖像資料集\主要測試
[INFO]   Out : C:\ai_project\compare_results\20260629_182030  Device: cuda
[INFO] ====================================================
[INFO] Loading old model...
[INFO] Loading new model...
[INFO] Benchmark videos: 26
[INFO]   walk: 4
[INFO]   lick: 5
[INFO]   scratch: 4
[INFO]   shake: 6
[INFO]   stop: 7
[INFO] 
--- OLD MODEL: v11s_107.pt  (EMA α=1.0) ---
[INFO] Processing: walk/walk_15.mp4
[INFO]   Frames: 280 | Inference Time: 7.41 sec | Confidence=0.991 Jitter=7.16
[INFO] --------------------------------
[INFO] Processing: walk/walk_19.mp4
[INFO]   Frames: 982 | Inference Time: 22.19 sec | Confidence=0.986 Jitter=8.40
[INFO] --------------------------------
[INFO] Processing: walk/walk_20.mp4
[INFO]   Frames: 121 | Inference Time: 2.86 sec | Confidence=0.998 Jitter=11.39
[INFO] --------------------------------
[INFO] Processing: walk/walk_21.mp4
[INFO]   Frames: 206 | Inference Time: 4.74 sec | Confidence=0.992 Jitter=19.69
[INFO] --------------------------------
[INFO] Processing: lick/lick_60.mp4
[INFO]   Frames: 240 | Inference Time: 4.59 sec | Confidence=0.998 Jitter=1.66
[INFO] --------------------------------
[INFO] Processing: lick/lick_61.mp4
[INFO]   Frames: 240 | Inference Time: 4.70 sec | Confidence=0.995 Jitter=1.75
[INFO] --------------------------------
[INFO] Processing: lick/lick_62.mp4
[INFO]   Frames: 240 | Inference Time: 4.79 sec | Confidence=0.997 Jitter=1.58
[INFO] --------------------------------
[INFO] Processing: lick/lick_70.mp4
[INFO]   Frames: 240 | Inference Time: 4.62 sec | Confidence=0.993 Jitter=2.50
[INFO] --------------------------------
[INFO] Processing: lick/lick_74.mp4
[INFO]   Frames: 178 | Inference Time: 3.78 sec | Confidence=0.995 Jitter=2.66
[INFO] --------------------------------
[INFO] Processing: scratch/scratch_27.mp4
[INFO]   Frames: 240 | Inference Time: 4.50 sec | Confidence=0.920 Jitter=2.43
[INFO] --------------------------------
[INFO] Processing: scratch/scratch_32.mp4
[INFO]   Frames: 240 | Inference Time: 4.44 sec | Confidence=0.991 Jitter=3.74
[INFO] --------------------------------
[INFO] Processing: scratch/scratch_33.mp4
[INFO]   Frames: 240 | Inference Time: 4.63 sec | Confidence=0.995 Jitter=2.77
[INFO] --------------------------------
[INFO] Processing: scratch/scratch_39.mp4
[INFO]   Frames: 240 | Inference Time: 5.04 sec | Confidence=0.977 Jitter=3.25
[INFO] --------------------------------
[INFO] Processing: shake/shake_49.mp4
[INFO]   Frames: 240 | Inference Time: 5.63 sec | Confidence=0.978 Jitter=3.37
[INFO] --------------------------------
[INFO] Processing: shake/shake_50.mp4
[INFO]   Frames: 240 | Inference Time: 5.82 sec | Confidence=0.998 Jitter=2.73
[INFO] --------------------------------
[INFO] Processing: shake/shake_51.mp4
[INFO]   Frames: 240 | Inference Time: 6.06 sec | Confidence=0.997 Jitter=2.05
[INFO] --------------------------------
[INFO] Processing: shake/shake_57.mp4
[INFO]   Frames: 240 | Inference Time: 6.07 sec | Confidence=0.998 Jitter=2.27
[INFO] --------------------------------
[INFO] Processing: shake/shake_58.mp4
[INFO]   Frames: 240 | Inference Time: 6.09 sec | Confidence=0.997 Jitter=1.29
[INFO] --------------------------------
[INFO] Processing: shake/shake_63.mp4
[INFO]   Frames: 240 | Inference Time: 6.00 sec | Confidence=0.996 Jitter=2.46
[INFO] --------------------------------
[INFO] Processing: stop/stop_2.mp4
[INFO]   Frames: 397 | Inference Time: 10.53 sec | Confidence=0.988 Jitter=4.74
[INFO] --------------------------------
[INFO] Processing: stop/stop_3.mp4
[INFO]   Frames: 248 | Inference Time: 6.72 sec | Confidence=0.980 Jitter=3.00
[INFO] --------------------------------
[INFO] Processing: stop/stop_36.mp4
[INFO]   Frames: 50 | Inference Time: 1.28 sec | Confidence=0.998 Jitter=0.61
[INFO] --------------------------------
[INFO] Processing: stop/stop_48.mp4
[INFO]   Frames: 55 | Inference Time: 1.48 sec | Confidence=0.994 Jitter=2.39
[INFO] --------------------------------
[INFO] Processing: stop/stop_6.mp4
[INFO]   Frames: 285 | Inference Time: 7.62 sec | Confidence=0.999 Jitter=0.43
[INFO] --------------------------------
[INFO] Processing: stop/stop_71.mp4
[INFO]   Frames: 92 | Inference Time: 2.49 sec | Confidence=0.995 Jitter=1.63
[INFO] --------------------------------
[INFO] Processing: stop/stop_75.mp4
[INFO]   Frames: 230 | Inference Time: 6.40 sec | Confidence=0.908 Jitter=2.54
[INFO] --------------------------------
[INFO] 
--- NEW MODEL: v11s_110.pt  (EMA α=1.0) ---
[INFO] Processing: walk/walk_15.mp4
[INFO]   Frames: 280 | Inference Time: 6.32 sec | Confidence=0.987 Jitter=7.26
[INFO] --------------------------------
[INFO] Processing: walk/walk_19.mp4
[INFO]   Frames: 982 | Inference Time: 26.42 sec | Confidence=0.982 Jitter=8.36
[INFO] --------------------------------
[INFO] Processing: walk/walk_20.mp4
[INFO]   Frames: 121 | Inference Time: 3.33 sec | Confidence=0.996 Jitter=11.72
[INFO] --------------------------------
[INFO] Processing: walk/walk_21.mp4
[INFO]   Frames: 206 | Inference Time: 5.62 sec | Confidence=0.992 Jitter=20.05
[INFO] --------------------------------
[INFO] Processing: lick/lick_60.mp4
[INFO]   Frames: 240 | Inference Time: 5.43 sec | Confidence=0.998 Jitter=1.40
[INFO] --------------------------------
[INFO] Processing: lick/lick_61.mp4
[INFO]   Frames: 240 | Inference Time: 5.42 sec | Confidence=0.995 Jitter=1.92
[INFO] --------------------------------
[INFO] Processing: lick/lick_62.mp4
[INFO]   Frames: 240 | Inference Time: 5.43 sec | Confidence=0.988 Jitter=1.53
[INFO] --------------------------------
[INFO] Processing: lick/lick_70.mp4
[INFO]   Frames: 240 | Inference Time: 5.34 sec | Confidence=0.986 Jitter=2.38
[INFO] --------------------------------
[INFO] Processing: lick/lick_74.mp4
[INFO]   Frames: 178 | Inference Time: 4.88 sec | Confidence=0.996 Jitter=2.73
[INFO] --------------------------------
[INFO] Processing: scratch/scratch_27.mp4
[INFO]   Frames: 240 | Inference Time: 5.16 sec | Confidence=0.942 Jitter=2.48
[INFO] --------------------------------
[INFO] Processing: scratch/scratch_32.mp4
[INFO]   Frames: 240 | Inference Time: 5.33 sec | Confidence=0.981 Jitter=4.28
[INFO] --------------------------------
[INFO] Processing: scratch/scratch_33.mp4
[INFO]   Frames: 240 | Inference Time: 5.53 sec | Confidence=0.986 Jitter=2.92
[INFO] --------------------------------
[INFO] Processing: scratch/scratch_39.mp4
[INFO]   Frames: 240 | Inference Time: 5.62 sec | Confidence=0.978 Jitter=3.00
[INFO] --------------------------------
[INFO] Processing: shake/shake_49.mp4
[INFO]   Frames: 240 | Inference Time: 5.65 sec | Confidence=0.982 Jitter=3.67
[INFO] --------------------------------
[INFO] Processing: shake/shake_50.mp4
[INFO]   Frames: 240 | Inference Time: 5.53 sec | Confidence=0.993 Jitter=2.34
[INFO] --------------------------------
[INFO] Processing: shake/shake_51.mp4
[INFO]   Frames: 240 | Inference Time: 5.59 sec | Confidence=0.998 Jitter=2.16
[INFO] --------------------------------
[INFO] Processing: shake/shake_57.mp4
[INFO]   Frames: 240 | Inference Time: 5.52 sec | Confidence=0.997 Jitter=2.17
[INFO] --------------------------------
[INFO] Processing: shake/shake_58.mp4
[INFO]   Frames: 240 | Inference Time: 5.46 sec | Confidence=0.996 Jitter=1.30
[INFO] --------------------------------
[INFO] Processing: shake/shake_63.mp4
[INFO]   Frames: 240 | Inference Time: 5.50 sec | Confidence=0.994 Jitter=2.58
[INFO] --------------------------------
[INFO] Processing: stop/stop_2.mp4
[INFO]   Frames: 397 | Inference Time: 10.65 sec | Confidence=0.981 Jitter=4.69
[INFO] --------------------------------
[INFO] Processing: stop/stop_3.mp4
[INFO]   Frames: 248 | Inference Time: 6.38 sec | Confidence=0.953 Jitter=2.72
[INFO] --------------------------------
[INFO] Processing: stop/stop_36.mp4
[INFO]   Frames: 50 | Inference Time: 1.27 sec | Confidence=0.998 Jitter=0.73
[INFO] --------------------------------
[INFO] Processing: stop/stop_48.mp4
[INFO]   Frames: 55 | Inference Time: 1.40 sec | Confidence=0.984 Jitter=1.73
[INFO] --------------------------------
[INFO] Processing: stop/stop_6.mp4
[INFO]   Frames: 285 | Inference Time: 7.60 sec | Confidence=0.996 Jitter=0.51
[INFO] --------------------------------
[INFO] Processing: stop/stop_71.mp4
[INFO]   Frames: 92 | Inference Time: 2.52 sec | Confidence=0.992 Jitter=1.43
[INFO] --------------------------------
[INFO] Processing: stop/stop_75.mp4
[INFO]   Frames: 230 | Inference Time: 6.20 sec | Confidence=0.844 Jitter=1.72
[INFO] --------------------------------
[INFO] 
Aggregating metrics...
[INFO] 
Writing CSV files...
[INFO] Generating figures...
[INFO] Writing reports...
[INFO] 
[INFO] =====================================================================================================
[INFO] 逐影片比較結果
[INFO] =====================================================================================================
[INFO] 行為       影片                               舊信心   新信心      信心Δ   舊抖動   新抖動      抖動Δ
[INFO] -----------------------------------------------------------------------------------------------------
[INFO] walk       walk_15.mp4                         0.991    0.987    -0.003↓     7.16     7.26     +0.10↑
[INFO] walk       walk_19.mp4                         0.986    0.982    -0.004↓     8.40     8.36     -0.04↓
[INFO] walk       walk_20.mp4                         0.998    0.996    -0.002↓    11.39    11.72     +0.33↑
[INFO] walk       walk_21.mp4                         0.992    0.992    +0.000↑    19.69    20.05     +0.36↑
[INFO] lick       lick_60.mp4                         0.998    0.998    -0.000↓     1.66     1.40     -0.26↓
[INFO] lick       lick_61.mp4                         0.995    0.995    -0.000↓     1.75     1.92     +0.17↑
[INFO] lick       lick_62.mp4                         0.997    0.988    -0.009↓     1.58     1.53     -0.06↓
[INFO] lick       lick_70.mp4                         0.993    0.986    -0.007↓     2.50     2.38     -0.12↓
[INFO] lick       lick_74.mp4                         0.995    0.996    +0.001↑     2.66     2.73     +0.07↑
[INFO] scratch    scratch_27.mp4                      0.920    0.942    +0.022↑     2.43     2.48     +0.05↑
[INFO] scratch    scratch_32.mp4                      0.991    0.981    -0.010↓     3.74     4.28     +0.55↑
[INFO] scratch    scratch_33.mp4                      0.995    0.986    -0.008↓     2.77     2.92     +0.15↑
[INFO] scratch    scratch_39.mp4                      0.977    0.978    +0.002↑     3.25     3.00     -0.25↓
[INFO] shake      shake_49.mp4                        0.978    0.982    +0.003↑     3.37     3.67     +0.30↑
[INFO] shake      shake_50.mp4                        0.998    0.993    -0.005↓     2.73     2.34     -0.39↓
[INFO] shake      shake_51.mp4                        0.997    0.998    +0.000↑     2.05     2.16     +0.11↑
[INFO] shake      shake_57.mp4                        0.998    0.997    -0.001↓     2.27     2.17     -0.11↓
[INFO] shake      shake_58.mp4                        0.997    0.996    -0.000↓     1.29     1.30     +0.02↑
[INFO] shake      shake_63.mp4                        0.996    0.994    -0.002↓     2.46     2.58     +0.12↑
[INFO] stop       stop_2.mp4                          0.988    0.981    -0.007↓     4.74     4.69     -0.05↓
[INFO] stop       stop_3.mp4                          0.980    0.953    -0.027↓     3.00     2.72     -0.27↓
[INFO] stop       stop_36.mp4                         0.998    0.998    -0.001↓     0.61     0.73     +0.12↑
[INFO] stop       stop_48.mp4                         0.994    0.984    -0.011↓     2.39     1.73     -0.67↓
[INFO] stop       stop_6.mp4                          0.999    0.996    -0.003↓     0.43     0.51     +0.08↑
[INFO] stop       stop_71.mp4                         0.995    0.992    -0.002↓     1.63     1.43     -0.20↓
[INFO] stop       stop_75.mp4                         0.908    0.844    -0.065↓     2.54     1.72     -0.82↓
[INFO] 
[INFO] =================================================================================================
[INFO] 行為類別摘要
[INFO] =================================================================================================
[INFO] 行為         舊信心   新信心   信心改善   舊抖動   新抖動   抖動改善   舊缺失   新缺失   缺失改善
[INFO] -------------------------------------------------------------------------------------------------
[INFO] walk          0.988    0.985     -0.32%     9.87     9.93     -0.65%     0.0%     0.0%     +0.00%
[INFO] lick          0.996    0.993     -0.33%     2.00     1.95     +2.29%     0.0%     0.0%     +0.00%
[INFO] scratch       0.970    0.972     +0.14%     3.05     3.17     -4.11%     0.0%     0.0%     +0.00%
[INFO] shake         0.994    0.993     -0.09%     2.36     2.37     -0.44%     0.0%     0.0%     +0.00%
[INFO] stop          0.976    0.957     -1.97%     2.67     2.45     +8.15%     0.0%     0.0%     +0.00%
[INFO] 
[INFO] =================================================================================================
[INFO] 整體比較結果
[INFO] =================================================================================================
[INFO] 舊模型        v11s_107.pt   複合分數 96.48
[INFO] 新模型        v11s_110.pt   複合分數 96.31
[INFO] 
[INFO] 平均信心值    0.986  →  0.980    改善 -0.55%
[INFO] 平均抖動      4.31 px  →  4.29 px    改善 +0.43%
[INFO] 缺失比率      0.0%  →  0.0%    改善 +0.00%
[INFO] 尾尖缺失      1.1%  →  3.9%
[INFO] 
[INFO] 綜合改善分數  -0.04%
[INFO] 進步最多行為  stop  （+2.2%）
[INFO] 退步最多行為  scratch  （-1.4%）
[INFO] 
[INFO] 結論          v11s_110.pt  相較  v11s_107.pt  →  WORSE（較差）
[INFO] =================================================================================================
