2026-05-29 14:18:27 | INFO | 開始比較任務
2026-05-29 14:18:27 | INFO | 輸出目錄: jitter_compare_logs\20260529_141827
2026-05-29 14:18:27 | INFO | 使用裝置: cuda:0
2026-05-29 14:18:27 | INFO | 影片: C:\Users\homec\OneDrive\圖片\貓咪圖像資料集\貓咪姿勢影片分類\暫存\walk\walk1.mp4
2026-05-29 14:18:27 | INFO | 模型數量: 2
2026-05-29 14:18:27 | INFO | [1/2] 開始分析模型: C:\ai_project\cat_pose\v11s_76.pt
2026-05-29 14:18:27 | INFO | 載入模型: C:\ai_project\cat_pose\v11s_76.pt
2026-05-29 14:18:27 | INFO | 來源影片: C:\Users\homec\OneDrive\圖片\貓咪圖像資料集\貓咪姿勢影片分類\暫存\walk\walk1.mp4 | FPS=50.00 | 取樣步長=2 | 有效輸入FPS=25.00
2026-05-29 14:18:30 | INFO | v11s_76.pt | 已處理 50 個取樣幀
2026-05-29 14:18:32 | INFO | v11s_76.pt | 已處理 100 個取樣幀
2026-05-29 14:18:34 | INFO | v11s_76.pt | 已處理 150 個取樣幀
2026-05-29 14:18:35 | INFO | v11s_76.pt | 已處理 200 個取樣幀
2026-05-29 14:18:37 | INFO | v11s_76.pt | 已處理 250 個取樣幀
2026-05-29 14:18:38 | INFO | v11s_76.pt | 已處理 300 個取樣幀
2026-05-29 14:18:41 | INFO | v11s_76.pt | 已處理 350 個取樣幀
2026-05-29 14:18:42 | INFO | v11s_76.pt | 已處理 400 個取樣幀
2026-05-29 14:18:44 | INFO | v11s_76.pt | 已處理 450 個取樣幀
2026-05-29 14:18:45 | INFO | 完成 v11s_76 | global_jitter=0.024753 | unstable_rate=0.00% | detection_rate=100.00%
2026-05-29 14:18:45 | INFO | [2/2] 開始分析模型: C:\ai_project\cat_pose\v11s_83.pt
2026-05-29 14:18:45 | INFO | 載入模型: C:\ai_project\cat_pose\v11s_83.pt
2026-05-29 14:18:45 | INFO | 來源影片: C:\Users\homec\OneDrive\圖片\貓咪圖像資料集\貓咪姿勢影片分類\暫存\walk\walk1.mp4 | FPS=50.00 | 取樣步長=2 | 有效輸入FPS=25.00
2026-05-29 14:18:47 | INFO | v11s_83.pt | 已處理 50 個取樣幀
2026-05-29 14:18:48 | INFO | v11s_83.pt | 已處理 100 個取樣幀
2026-05-29 14:18:49 | INFO | v11s_83.pt | 已處理 150 個取樣幀
2026-05-29 14:18:51 | INFO | v11s_83.pt | 已處理 200 個取樣幀
2026-05-29 14:18:52 | INFO | v11s_83.pt | 已處理 250 個取樣幀
2026-05-29 14:18:53 | INFO | v11s_83.pt | 已處理 300 個取樣幀
2026-05-29 14:18:54 | INFO | v11s_83.pt | 已處理 350 個取樣幀
2026-05-29 14:18:55 | INFO | v11s_83.pt | 已處理 400 個取樣幀
2026-05-29 14:18:57 | INFO | v11s_83.pt | 已處理 450 個取樣幀
2026-05-29 14:18:58 | INFO | 完成 v11s_83 | global_jitter=0.024701 | unstable_rate=0.00% | detection_rate=100.00%
2026-05-29 14:18:58 | INFO | 新模型比舊模型關鍵點抖動幅度變好 0.21%
2026-05-29 14:18:58 | INFO | 結果判定: 新模型較好（v11s_83）
2026-05-29 14:18:58 | INFO | 比較完成
2026-05-29 14:18:58 | INFO | 較佳模型: v11s_83
2026-05-29 14:18:58 | INFO | 較差模型: v11s_76
2026-05-29 14:18:58 | INFO | 詳細日誌: jitter_compare_logs\20260529_141827\comparison_report.log
2026-05-29 14:18:58 | INFO | JSON 報告: jitter_compare_logs\20260529_141827\comparison_report.json
2026-05-29 14:18:58 | INFO | 文字報告: jitter_compare_logs\20260529_141827\comparison_report.txt
2026-05-29 14:18:58 | INFO | 逐幀 CSV: jitter_compare_logs\20260529_141827\frame_metrics.csv
