2026-05-24 21:02:11 | INFO | 開始比較任務
2026-05-24 21:02:11 | INFO | 輸出目錄: jitter_compare_logs\20260524_210211
2026-05-24 21:02:11 | INFO | 使用裝置: cuda:0
2026-05-24 21:02:11 | INFO | 影片: C:\Users\homec\OneDrive\圖片\貓咪圖像資料集\貓咪姿勢影片分類\暫存\walk\2752855.mp4
2026-05-24 21:02:11 | INFO | 模型數量: 2
2026-05-24 21:02:11 | INFO | [1/2] 開始分析模型: C:\ai_project\cat_pose\v11s_72.pt
2026-05-24 21:02:11 | INFO | 載入模型: C:\ai_project\cat_pose\v11s_72.pt
2026-05-24 21:02:12 | INFO | 來源影片: C:\Users\homec\OneDrive\圖片\貓咪圖像資料集\貓咪姿勢影片分類\暫存\walk\2752855.mp4 | FPS=50.00 | 取樣步長=2 | 有效輸入FPS=25.00
2026-05-24 21:02:15 | INFO | v11s_72.pt | 已處理 50 個取樣幀
2026-05-24 21:02:16 | INFO | v11s_72.pt | 已處理 100 個取樣幀
2026-05-24 21:02:17 | INFO | v11s_72.pt | 已處理 150 個取樣幀
2026-05-24 21:02:18 | INFO | v11s_72.pt | 已處理 200 個取樣幀
2026-05-24 21:02:19 | INFO | v11s_72.pt | 已處理 250 個取樣幀
2026-05-24 21:02:20 | INFO | v11s_72.pt | 已處理 300 個取樣幀
2026-05-24 21:02:22 | INFO | v11s_72.pt | 已處理 350 個取樣幀
2026-05-24 21:02:23 | INFO | v11s_72.pt | 已處理 400 個取樣幀
2026-05-24 21:02:24 | INFO | v11s_72.pt | 已處理 450 個取樣幀
2026-05-24 21:02:25 | INFO | 完成 v11s_72 | global_jitter=0.023878 | unstable_rate=0.00% | detection_rate=100.00%
2026-05-24 21:02:25 | INFO | [2/2] 開始分析模型: C:\ai_project\cat_pose\naug.pt
2026-05-24 21:02:25 | INFO | 載入模型: C:\ai_project\cat_pose\naug.pt
2026-05-24 21:02:25 | INFO | 來源影片: C:\Users\homec\OneDrive\圖片\貓咪圖像資料集\貓咪姿勢影片分類\暫存\walk\2752855.mp4 | FPS=50.00 | 取樣步長=2 | 有效輸入FPS=25.00
2026-05-24 21:02:26 | INFO | naug.pt | 已處理 50 個取樣幀
2026-05-24 21:02:27 | INFO | naug.pt | 已處理 100 個取樣幀
2026-05-24 21:02:29 | INFO | naug.pt | 已處理 150 個取樣幀
2026-05-24 21:02:30 | INFO | naug.pt | 已處理 200 個取樣幀
2026-05-24 21:02:31 | INFO | naug.pt | 已處理 250 個取樣幀
2026-05-24 21:02:32 | INFO | naug.pt | 已處理 300 個取樣幀
2026-05-24 21:02:33 | INFO | naug.pt | 已處理 350 個取樣幀
2026-05-24 21:02:34 | INFO | naug.pt | 已處理 400 個取樣幀
2026-05-24 21:02:36 | INFO | naug.pt | 已處理 450 個取樣幀
2026-05-24 21:02:37 | INFO | 完成 naug | global_jitter=0.028710 | unstable_rate=0.00% | detection_rate=100.00%
2026-05-24 21:02:37 | INFO | 新模型比舊模型關鍵點抖動幅度變差 20.24%
2026-05-24 21:02:37 | INFO | 結果判定: 舊模型較好（v11s_72）
2026-05-24 21:02:37 | INFO | 比較完成
2026-05-24 21:02:37 | INFO | 較佳模型: v11s_72
2026-05-24 21:02:37 | INFO | 較差模型: naug
2026-05-24 21:02:37 | INFO | 詳細日誌: jitter_compare_logs\20260524_210211\comparison_report.log
2026-05-24 21:02:37 | INFO | JSON 報告: jitter_compare_logs\20260524_210211\comparison_report.json
2026-05-24 21:02:37 | INFO | 文字報告: jitter_compare_logs\20260524_210211\comparison_report.txt
2026-05-24 21:02:37 | INFO | 逐幀 CSV: jitter_compare_logs\20260524_210211\frame_metrics.csv
