[INFO] ====================================================
[INFO] YOLO Pose Model Comparison  [20260706_234823]
[INFO]   Old : C:\ai_project\cat_pose\v11s_118.pt
[INFO]   New : C:\ai_project\cat_pose\v11s_120.pt
[INFO]   Data: C:\Users\homec\OneDrive\圖片\貓咪圖像資料集\主要測試
[INFO]   Out : C:\ai_project\compare_results\20260706_234823  Device: cuda
[INFO] ====================================================
[INFO] Loading old model...
[INFO] Loading new model...
[INFO] Benchmark videos: 27
[INFO]   walk: 4
[INFO]   lick: 5
[INFO]   scratch: 5
[INFO]   shake: 6
[INFO]   stop: 7
[INFO] 
--- OLD MODEL: v11s_118.pt  (EMA α=1.0) ---
[INFO] Processing: walk/walk_12.mp4
[INFO]   Frames: 225 | Inference Time: 8.50 sec | Confidence=0.989 Jitter=11.03
[INFO] --------------------------------
[INFO] Processing: walk/walk_18.mp4
[INFO]   Frames: 244 | Inference Time: 5.24 sec | Confidence=0.946 Jitter=32.65
[INFO] --------------------------------
[INFO] Processing: walk/walk_24.mp4
[INFO]   Frames: 176 | Inference Time: 3.85 sec | Confidence=0.979 Jitter=7.29
[INFO] --------------------------------
[INFO] Processing: walk/walk_29.mp4
[INFO]   Frames: 590 | Inference Time: 13.30 sec | Confidence=0.981 Jitter=13.06
[INFO] --------------------------------
[INFO] Processing: lick/7月3日(1).mp4
[INFO]   Frames: 135 | Inference Time: 3.00 sec | Confidence=0.989 Jitter=2.81
[INFO] --------------------------------
[INFO] Processing: lick/7月3日(2).mp4
[INFO]   Frames: 156 | Inference Time: 3.52 sec | Confidence=0.997 Jitter=2.33
[INFO] --------------------------------
[INFO] Processing: lick/7月3日(3).mp4
[INFO]   Frames: 121 | Inference Time: 2.66 sec | Confidence=0.998 Jitter=2.35
[INFO] --------------------------------
[INFO] Processing: lick/7月3日(4).mp4
[INFO]   Frames: 147 | Inference Time: 3.20 sec | Confidence=0.990 Jitter=2.01
[INFO] --------------------------------
[INFO] Processing: lick/7月3日.mp4
[INFO]   Frames: 139 | Inference Time: 3.10 sec | Confidence=0.976 Jitter=3.50
[INFO] --------------------------------
[INFO] Processing: scratch/7月3日 (2)(1).mp4
[INFO]   Frames: 155 | Inference Time: 3.63 sec | Confidence=0.967 Jitter=5.95
[INFO] --------------------------------
[INFO] Processing: scratch/7月3日 (2)(2).mp4
[INFO]   Frames: 109 | Inference Time: 2.92 sec | Confidence=0.987 Jitter=7.19
[INFO] --------------------------------
[INFO] Processing: scratch/7月3日 (2)(3).mp4
[INFO]   Frames: 154 | Inference Time: 3.52 sec | Confidence=0.995 Jitter=5.29
[INFO] --------------------------------
[INFO] Processing: scratch/7月3日 (2)(4).mp4
[INFO]   Frames: 142 | Inference Time: 3.14 sec | Confidence=0.980 Jitter=5.29
[INFO] --------------------------------
[INFO] Processing: scratch/7月3日 (2).mp4
[INFO]   Frames: 177 | Inference Time: 4.13 sec | Confidence=0.993 Jitter=5.69
[INFO] --------------------------------
[INFO] Processing: shake/7月3日(1).mp4
[INFO]   Frames: 34 | Inference Time: 0.79 sec | Confidence=0.995 Jitter=12.69
[INFO] --------------------------------
[INFO] Processing: shake/7月3日(2).mp4
[INFO]   Frames: 19 | Inference Time: 0.53 sec | Confidence=0.997 Jitter=14.50
[INFO] --------------------------------
[INFO] Processing: shake/7月3日(3).mp4
[INFO]   Frames: 20 | Inference Time: 0.48 sec | Confidence=0.965 Jitter=20.41
[INFO] --------------------------------
[INFO] Processing: shake/7月3日(4).mp4
[INFO]   Frames: 33 | Inference Time: 0.93 sec | Confidence=0.995 Jitter=7.80
[INFO] --------------------------------
[INFO] Processing: shake/7月3日(5).mp4
[INFO]   Frames: 34 | Inference Time: 1.02 sec | Confidence=0.984 Jitter=11.45
[INFO] --------------------------------
[INFO] Processing: shake/7月3日.mp4
[INFO]   Frames: 26 | Inference Time: 0.71 sec | Confidence=0.998 Jitter=16.19
[INFO] --------------------------------
[INFO] Processing: stop/stop_2.mp4
[INFO]   Frames: 397 | Inference Time: 10.23 sec | Confidence=0.980 Jitter=5.25
[INFO] --------------------------------
[INFO] Processing: stop/stop_3.mp4
[INFO]   Frames: 248 | Inference Time: 8.34 sec | Confidence=0.968 Jitter=2.23
[INFO] --------------------------------
[INFO] Processing: stop/stop_36.mp4
[INFO]   Frames: 50 | Inference Time: 1.65 sec | Confidence=0.993 Jitter=0.90
[INFO] --------------------------------
[INFO] Processing: stop/stop_48.mp4
[INFO]   Frames: 55 | Inference Time: 1.52 sec | Confidence=0.992 Jitter=1.98
[INFO] --------------------------------
[INFO] Processing: stop/stop_6.mp4
[INFO]   Frames: 285 | Inference Time: 8.64 sec | Confidence=0.998 Jitter=0.42
[INFO] --------------------------------
[INFO] Processing: stop/stop_71.mp4
[INFO]   Frames: 92 | Inference Time: 3.07 sec | Confidence=0.996 Jitter=2.02
[INFO] --------------------------------
[INFO] Processing: stop/stop_75.mp4
[INFO]   Frames: 230 | Inference Time: 6.62 sec | Confidence=0.857 Jitter=1.71
[INFO] --------------------------------
[INFO] 
--- NEW MODEL: v11s_120.pt  (EMA α=1.0) ---
[INFO] Processing: walk/walk_12.mp4
[INFO]   Frames: 225 | Inference Time: 7.35 sec | Confidence=0.991 Jitter=11.32
[INFO] --------------------------------
[INFO] Processing: walk/walk_18.mp4
[INFO]   Frames: 244 | Inference Time: 8.46 sec | Confidence=0.941 Jitter=27.89
[INFO] --------------------------------
[INFO] Processing: walk/walk_24.mp4
[INFO]   Frames: 176 | Inference Time: 5.71 sec | Confidence=0.981 Jitter=7.36
[INFO] --------------------------------
[INFO] Processing: walk/walk_29.mp4
[INFO]   Frames: 590 | Inference Time: 17.21 sec | Confidence=0.990 Jitter=12.94
[INFO] --------------------------------
[INFO] Processing: lick/7月3日(1).mp4
[INFO]   Frames: 135 | Inference Time: 3.46 sec | Confidence=0.996 Jitter=2.20
[INFO] --------------------------------
[INFO] Processing: lick/7月3日(2).mp4
[INFO]   Frames: 156 | Inference Time: 3.59 sec | Confidence=0.997 Jitter=1.89
[INFO] --------------------------------
[INFO] Processing: lick/7月3日(3).mp4
[INFO]   Frames: 121 | Inference Time: 2.85 sec | Confidence=0.998 Jitter=2.47
[INFO] --------------------------------
[INFO] Processing: lick/7月3日(4).mp4
[INFO]   Frames: 147 | Inference Time: 4.09 sec | Confidence=0.995 Jitter=2.38
[INFO] --------------------------------
[INFO] Processing: lick/7月3日.mp4
[INFO]   Frames: 139 | Inference Time: 3.33 sec | Confidence=0.990 Jitter=3.09
[INFO] --------------------------------
[INFO] Processing: scratch/7月3日 (2)(1).mp4
[INFO]   Frames: 155 | Inference Time: 3.45 sec | Confidence=0.969 Jitter=5.72
[INFO] --------------------------------
[INFO] Processing: scratch/7月3日 (2)(2).mp4
[INFO]   Frames: 109 | Inference Time: 2.39 sec | Confidence=0.974 Jitter=6.54
[INFO] --------------------------------
[INFO] Processing: scratch/7月3日 (2)(3).mp4
[INFO]   Frames: 154 | Inference Time: 3.79 sec | Confidence=0.995 Jitter=5.53
[INFO] --------------------------------
[INFO] Processing: scratch/7月3日 (2)(4).mp4
[INFO]   Frames: 142 | Inference Time: 3.72 sec | Confidence=0.975 Jitter=4.93
[INFO] --------------------------------
[INFO] Processing: scratch/7月3日 (2).mp4
[INFO]   Frames: 177 | Inference Time: 5.35 sec | Confidence=0.997 Jitter=5.74
[INFO] --------------------------------
[INFO] Processing: shake/7月3日(1).mp4
[INFO]   Frames: 34 | Inference Time: 1.00 sec | Confidence=0.997 Jitter=12.33
[INFO] --------------------------------
[INFO] Processing: shake/7月3日(2).mp4
[INFO]   Frames: 19 | Inference Time: 0.52 sec | Confidence=0.996 Jitter=13.68
[INFO] --------------------------------
[INFO] Processing: shake/7月3日(3).mp4
[INFO]   Frames: 20 | Inference Time: 0.51 sec | Confidence=0.966 Jitter=19.02
[INFO] --------------------------------
[INFO] Processing: shake/7月3日(4).mp4
[INFO]   Frames: 33 | Inference Time: 0.86 sec | Confidence=0.994 Jitter=8.32
[INFO] --------------------------------
[INFO] Processing: shake/7月3日(5).mp4
[INFO]   Frames: 34 | Inference Time: 0.85 sec | Confidence=0.987 Jitter=11.75
[INFO] --------------------------------
[INFO] Processing: shake/7月3日.mp4
[INFO]   Frames: 26 | Inference Time: 0.70 sec | Confidence=0.995 Jitter=14.84
[INFO] --------------------------------
[INFO] Processing: stop/stop_2.mp4
[INFO]   Frames: 397 | Inference Time: 9.74 sec | Confidence=0.987 Jitter=4.79
[INFO] --------------------------------
[INFO] Processing: stop/stop_3.mp4
[INFO]   Frames: 248 | Inference Time: 6.57 sec | Confidence=0.978 Jitter=2.76
[INFO] --------------------------------
[INFO] Processing: stop/stop_36.mp4
[INFO]   Frames: 50 | Inference Time: 1.33 sec | Confidence=0.997 Jitter=0.81
[INFO] --------------------------------
[INFO] Processing: stop/stop_48.mp4
[INFO]   Frames: 55 | Inference Time: 1.35 sec | Confidence=0.990 Jitter=2.26
[INFO] --------------------------------
[INFO] Processing: stop/stop_6.mp4
[INFO]   Frames: 285 | Inference Time: 7.21 sec | Confidence=0.998 Jitter=0.54
[INFO] --------------------------------
[INFO] Processing: stop/stop_71.mp4
[INFO]   Frames: 92 | Inference Time: 2.28 sec | Confidence=0.997 Jitter=1.63
[INFO] --------------------------------
[INFO] Processing: stop/stop_75.mp4
[INFO]   Frames: 230 | Inference Time: 5.62 sec | Confidence=0.879 Jitter=2.63
[INFO] --------------------------------
[INFO] 
Aggregating metrics...
[INFO] 
Writing CSV files...
[INFO] Generating figures...
[INFO] Writing reports...
[INFO] 
[INFO] =====================================================================================================
[INFO] 逐影片比較結果
[INFO] =====================================================================================================
[INFO] 行為       影片                               舊信心   新信心      信心Δ   舊抖動   新抖動      抖動Δ
[INFO] -----------------------------------------------------------------------------------------------------
[INFO] walk       walk_12.mp4                         0.989    0.991    +0.002↑    11.03    11.32     +0.29↑
[INFO] walk       walk_18.mp4                         0.946    0.941    -0.005↓    32.65    27.89     -4.76↓
[INFO] walk       walk_24.mp4                         0.979    0.981    +0.002↑     7.29     7.36     +0.07↑
[INFO] walk       walk_29.mp4                         0.981    0.990    +0.008↑    13.06    12.94     -0.12↓
[INFO] lick       7月3日(1).mp4                       0.989    0.996    +0.006↑     2.81     2.20     -0.60↓
[INFO] lick       7月3日(2).mp4                       0.997    0.997    +0.000↑     2.33     1.89     -0.44↓
[INFO] lick       7月3日(3).mp4                       0.998    0.998    +0.000↑     2.35     2.47     +0.12↑
[INFO] lick       7月3日(4).mp4                       0.990    0.995    +0.005↑     2.01     2.38     +0.37↑
[INFO] lick       7月3日.mp4                          0.976    0.990    +0.013↑     3.50     3.09     -0.41↓
[INFO] scratch    7月3日 (2)(1).mp4                   0.967    0.969    +0.002↑     5.95     5.72     -0.23↓
[INFO] scratch    7月3日 (2)(2).mp4                   0.987    0.974    -0.013↓     7.19     6.54     -0.65↓
[INFO] scratch    7月3日 (2)(3).mp4                   0.995    0.995    +0.001↑     5.29     5.53     +0.25↑
[INFO] scratch    7月3日 (2)(4).mp4                   0.980    0.975    -0.005↓     5.29     4.93     -0.36↓
[INFO] scratch    7月3日 (2).mp4                      0.993    0.997    +0.004↑     5.69     5.74     +0.04↑
[INFO] shake      7月3日(1).mp4                       0.995    0.997    +0.002↑    12.69    12.33     -0.36↓
[INFO] shake      7月3日(2).mp4                       0.997    0.996    -0.001↓    14.50    13.68     -0.82↓
[INFO] shake      7月3日(3).mp4                       0.965    0.966    +0.001↑    20.41    19.02     -1.38↓
[INFO] shake      7月3日(4).mp4                       0.995    0.994    -0.001↓     7.80     8.32     +0.52↑
[INFO] shake      7月3日(5).mp4                       0.984    0.987    +0.003↑    11.45    11.75     +0.30↑
[INFO] shake      7月3日.mp4                          0.998    0.995    -0.003↓    16.19    14.84     -1.35↓
[INFO] stop       stop_2.mp4                          0.980    0.987    +0.006↑     5.25     4.79     -0.46↓
[INFO] stop       stop_3.mp4                          0.968    0.978    +0.011↑     2.23     2.76     +0.53↑
[INFO] stop       stop_36.mp4                         0.993    0.997    +0.004↑     0.90     0.81     -0.10↓
[INFO] stop       stop_48.mp4                         0.992    0.990    -0.001↓     1.98     2.26     +0.28↑
[INFO] stop       stop_6.mp4                          0.998    0.998    +0.000↑     0.42     0.54     +0.13↑
[INFO] stop       stop_71.mp4                         0.996    0.997    +0.000↑     2.02     1.63     -0.38↓
[INFO] stop       stop_75.mp4                         0.857    0.879    +0.022↑     1.71     2.63     +0.93↑
[INFO] 
[INFO] =================================================================================================
[INFO] 行為類別摘要
[INFO] =================================================================================================
[INFO] 行為         舊信心   新信心   信心改善   舊抖動   新抖動   抖動改善   舊缺失   新缺失   缺失改善
[INFO] -------------------------------------------------------------------------------------------------
[INFO] walk          0.976    0.980     +0.40%    15.15    14.28     +5.74%     0.8%     1.4%    -70.00%
[INFO] lick          0.990    0.995     +0.52%     2.59     2.39     +7.66%     0.0%     0.0%     +0.00%
[INFO] scratch       0.985    0.983     -0.14%     5.81     5.65     +2.63%     0.0%     0.0%     +0.00%
[INFO] shake         0.990    0.990     +0.03%    13.12    12.74     +2.88%     0.0%     0.0%     +0.00%
[INFO] stop          0.963    0.971     +0.79%     2.57     2.68     -4.23%     0.0%     0.0%     +0.00%
[INFO] 
[INFO] =================================================================================================
[INFO] ★★★ 主指標：P95 Jitter（尾部抖動，數值越小越穩定） ★★★
[INFO] =================================================================================================
[INFO] 行為       舊P95抖動 新P95抖動       改善
[INFO] -------------------------------------------------------------------------------------------------
[INFO] walk          50.19    46.83     +6.69%
[INFO] lick           8.87     8.47     +4.46%
[INFO] scratch       21.82    21.47     +1.62%
[INFO] shake         46.18    51.26    -10.99%
[INFO] stop          10.03     9.96     +0.68%
[INFO] -------------------------------------------------------------------------------------------------
[INFO] 整體          27.94    26.90     +3.72%
[INFO] 
[INFO]   ★ 主指標結論：v11s_120.pt 尾部抖動較小（Δ1.04px）— 依你指定的主指標，優先選它
[INFO] =================================================================================================
[INFO] 
[INFO] =================================================================================================
[INFO] [參考，非主指標] 整體比較結果（複合分數）
[INFO] =================================================================================================
[INFO] 舊模型        v11s_118.pt   複合分數 94.03
[INFO] 新模型        v11s_120.pt   複合分數 94.35
[INFO] 
[INFO] 平均信心值    0.976  →  0.980    改善 +0.43%
[INFO] 平均抖動      7.23 px  →  6.91 px    改善 +4.51%
[INFO] 缺失比率      0.2%  →  0.4%    改善 -70.00%
[INFO] 尾尖缺失      3.0%  →  5.2%
[INFO] 
[INFO] 綜合改善分數  -19.27%
[INFO] 進步最多行為  lick  （+2.9%）
[INFO] 退步最多行為  walk  （-18.9%）
[INFO] 
[INFO] 結論          v11s_120.pt  相較  v11s_118.pt  →  WORSE（較差）  [參考用複合分數]
[INFO] =================================================================================================
[INFO] 
[INFO] ⚠ 注意：[參考] 複合分數建議 v11s_118.pt，但主指標（P95抖動）建議 v11s_120.pt——兩者不一致時請以主指標為準（複合分數混入了信心值/缺失率等你不特別在意的項目）。
