2026-05-28 23:04:46 | INFO | 開始比較任務
2026-05-28 23:04:46 | INFO | 輸出目錄: jitter_compare_logs\20260528_230446
2026-05-28 23:04:46 | INFO | 使用裝置: cuda:0
2026-05-28 23:04:46 | INFO | 影片: C:\Users\homec\OneDrive\圖片\貓咪圖像資料集\貓咪姿勢影片分類\暫存\walk\2752855.mp4
2026-05-28 23:04:46 | INFO | 模型數量: 2
2026-05-28 23:04:46 | INFO | [1/2] 開始分析模型: C:\ai_project\cat_pose\v11s_76.pt
2026-05-28 23:04:46 | INFO | 載入模型: C:\ai_project\cat_pose\v11s_76.pt
2026-05-28 23:04:46 | INFO | 來源影片: C:\Users\homec\OneDrive\圖片\貓咪圖像資料集\貓咪姿勢影片分類\暫存\walk\2752855.mp4 | FPS=50.00 | 取樣步長=2 | 有效輸入FPS=25.00
2026-05-28 23:04:49 | INFO | v11s_76.pt | 已處理 50 個取樣幀
2026-05-28 23:04:50 | INFO | v11s_76.pt | 已處理 100 個取樣幀
2026-05-28 23:04:51 | INFO | v11s_76.pt | 已處理 150 個取樣幀
2026-05-28 23:04:52 | INFO | v11s_76.pt | 已處理 200 個取樣幀
2026-05-28 23:04:54 | INFO | v11s_76.pt | 已處理 250 個取樣幀
2026-05-28 23:04:55 | INFO | v11s_76.pt | 已處理 300 個取樣幀
2026-05-28 23:04:56 | INFO | v11s_76.pt | 已處理 350 個取樣幀
2026-05-28 23:04:57 | INFO | v11s_76.pt | 已處理 400 個取樣幀
2026-05-28 23:04:58 | INFO | v11s_76.pt | 已處理 450 個取樣幀
2026-05-28 23:04:59 | INFO | 完成 v11s_76 | global_jitter=0.024753 | unstable_rate=0.00% | detection_rate=100.00%
2026-05-28 23:04:59 | INFO | [2/2] 開始分析模型: C:\ai_project\cat_pose\v11s_77.pt
2026-05-28 23:04:59 | INFO | 載入模型: C:\ai_project\cat_pose\v11s_77.pt
2026-05-28 23:04:59 | INFO | 來源影片: C:\Users\homec\OneDrive\圖片\貓咪圖像資料集\貓咪姿勢影片分類\暫存\walk\2752855.mp4 | FPS=50.00 | 取樣步長=2 | 有效輸入FPS=25.00
2026-05-28 23:05:00 | INFO | v11s_77.pt | 已處理 50 個取樣幀
2026-05-28 23:05:02 | INFO | v11s_77.pt | 已處理 100 個取樣幀
2026-05-28 23:05:03 | INFO | v11s_77.pt | 已處理 150 個取樣幀
2026-05-28 23:05:04 | INFO | v11s_77.pt | 已處理 200 個取樣幀
2026-05-28 23:05:05 | INFO | v11s_77.pt | 已處理 250 個取樣幀
2026-05-28 23:05:06 | INFO | v11s_77.pt | 已處理 300 個取樣幀
2026-05-28 23:05:07 | INFO | v11s_77.pt | 已處理 350 個取樣幀
2026-05-28 23:05:09 | INFO | v11s_77.pt | 已處理 400 個取樣幀
2026-05-28 23:05:10 | INFO | v11s_77.pt | 已處理 450 個取樣幀
2026-05-28 23:05:11 | INFO | 完成 v11s_77 | global_jitter=0.025456 | unstable_rate=0.00% | detection_rate=100.00%
2026-05-28 23:05:11 | INFO | 新模型比舊模型關鍵點抖動幅度變差 2.84%
2026-05-28 23:05:11 | INFO | 結果判定: 舊模型較好（v11s_76）
2026-05-28 23:05:11 | INFO | 比較完成
2026-05-28 23:05:11 | INFO | 較佳模型: v11s_76
2026-05-28 23:05:11 | INFO | 較差模型: v11s_77
2026-05-28 23:05:11 | INFO | 詳細日誌: jitter_compare_logs\20260528_230446\comparison_report.log
2026-05-28 23:05:11 | INFO | JSON 報告: jitter_compare_logs\20260528_230446\comparison_report.json
2026-05-28 23:05:11 | INFO | 文字報告: jitter_compare_logs\20260528_230446\comparison_report.txt
2026-05-28 23:05:11 | INFO | 逐幀 CSV: jitter_compare_logs\20260528_230446\frame_metrics.csv
