[INFO] ====================================================
[INFO] YOLO Pose Model Comparison  [20260630_004557]
[INFO]   Old : C:\ai_project\cat_pose\v11s_110.pt
[INFO]   New : C:\ai_project\cat_pose\aug_8.pt
[INFO]   Data: C:\Users\homec\OneDrive\圖片\貓咪圖像資料集\主要測試
[INFO]   Out : C:\ai_project\compare_results\20260630_004557  Device: cuda
[INFO] ====================================================
[INFO] Loading old model...
[INFO] Loading new model...
[INFO] Benchmark videos: 26
[INFO]   walk: 4
[INFO]   lick: 5
[INFO]   scratch: 4
[INFO]   shake: 6
[INFO]   stop: 7
[INFO] 
--- OLD MODEL: v11s_110.pt  (EMA α=1.0) ---
[INFO] Processing: walk/walk_15.mp4
[INFO]   Frames: 280 | Inference Time: 7.07 sec | Confidence=0.987 Jitter=7.26
[INFO] --------------------------------
[INFO] Processing: walk/walk_19.mp4
[INFO]   Frames: 982 | Inference Time: 22.20 sec | Confidence=0.982 Jitter=8.36
[INFO] --------------------------------
[INFO] Processing: walk/walk_20.mp4
[INFO]   Frames: 121 | Inference Time: 2.90 sec | Confidence=0.996 Jitter=11.72
[INFO] --------------------------------
[INFO] Processing: walk/walk_21.mp4
[INFO]   Frames: 206 | Inference Time: 5.18 sec | Confidence=0.992 Jitter=20.05
[INFO] --------------------------------
[INFO] Processing: lick/lick_60.mp4
[INFO]   Frames: 240 | Inference Time: 4.82 sec | Confidence=0.998 Jitter=1.40
[INFO] --------------------------------
[INFO] Processing: lick/lick_61.mp4
[INFO]   Frames: 240 | Inference Time: 4.93 sec | Confidence=0.995 Jitter=1.92
[INFO] --------------------------------
[INFO] Processing: lick/lick_62.mp4
[INFO]   Frames: 240 | Inference Time: 4.90 sec | Confidence=0.988 Jitter=1.53
[INFO] --------------------------------
[INFO] Processing: lick/lick_70.mp4
[INFO]   Frames: 240 | Inference Time: 5.71 sec | Confidence=0.986 Jitter=2.38
[INFO] --------------------------------
[INFO] Processing: lick/lick_74.mp4
[INFO]   Frames: 178 | Inference Time: 4.18 sec | Confidence=0.996 Jitter=2.73
[INFO] --------------------------------
[INFO] Processing: scratch/scratch_27.mp4
[INFO]   Frames: 240 | Inference Time: 4.81 sec | Confidence=0.942 Jitter=2.48
[INFO] --------------------------------
[INFO] Processing: scratch/scratch_32.mp4
[INFO]   Frames: 240 | Inference Time: 5.34 sec | Confidence=0.981 Jitter=4.28
[INFO] --------------------------------
[INFO] Processing: scratch/scratch_33.mp4
[INFO]   Frames: 240 | Inference Time: 4.92 sec | Confidence=0.986 Jitter=2.92
[INFO] --------------------------------
[INFO] Processing: scratch/scratch_39.mp4
[INFO]   Frames: 240 | Inference Time: 4.77 sec | Confidence=0.978 Jitter=3.00
[INFO] --------------------------------
[INFO] Processing: shake/shake_49.mp4
[INFO]   Frames: 240 | Inference Time: 4.84 sec | Confidence=0.982 Jitter=3.67
[INFO] --------------------------------
[INFO] Processing: shake/shake_50.mp4
[INFO]   Frames: 240 | Inference Time: 5.32 sec | Confidence=0.993 Jitter=2.34
[INFO] --------------------------------
[INFO] Processing: shake/shake_51.mp4
[INFO]   Frames: 240 | Inference Time: 4.84 sec | Confidence=0.998 Jitter=2.16
[INFO] --------------------------------
[INFO] Processing: shake/shake_57.mp4
[INFO]   Frames: 240 | Inference Time: 4.92 sec | Confidence=0.997 Jitter=2.17
[INFO] --------------------------------
[INFO] Processing: shake/shake_58.mp4
[INFO]   Frames: 240 | Inference Time: 5.19 sec | Confidence=0.996 Jitter=1.30
[INFO] --------------------------------
[INFO] Processing: shake/shake_63.mp4
[INFO]   Frames: 240 | Inference Time: 5.29 sec | Confidence=0.994 Jitter=2.58
[INFO] --------------------------------
[INFO] Processing: stop/stop_2.mp4
[INFO]   Frames: 397 | Inference Time: 9.17 sec | Confidence=0.981 Jitter=4.69
[INFO] --------------------------------
[INFO] Processing: stop/stop_3.mp4
[INFO]   Frames: 248 | Inference Time: 5.66 sec | Confidence=0.953 Jitter=2.72
[INFO] --------------------------------
[INFO] Processing: stop/stop_36.mp4
[INFO]   Frames: 50 | Inference Time: 1.27 sec | Confidence=0.998 Jitter=0.73
[INFO] --------------------------------
[INFO] Processing: stop/stop_48.mp4
[INFO]   Frames: 55 | Inference Time: 1.58 sec | Confidence=0.984 Jitter=1.73
[INFO] --------------------------------
[INFO] Processing: stop/stop_6.mp4
[INFO]   Frames: 285 | Inference Time: 6.72 sec | Confidence=0.996 Jitter=0.51
[INFO] --------------------------------
[INFO] Processing: stop/stop_71.mp4
[INFO]   Frames: 92 | Inference Time: 2.33 sec | Confidence=0.992 Jitter=1.43
[INFO] --------------------------------
[INFO] Processing: stop/stop_75.mp4
[INFO]   Frames: 230 | Inference Time: 5.34 sec | Confidence=0.844 Jitter=1.72
[INFO] --------------------------------
[INFO] 
--- NEW MODEL: aug_8.pt  (EMA α=1.0) ---
[INFO] Processing: walk/walk_15.mp4
[INFO]   Frames: 280 | Inference Time: 6.18 sec | Confidence=0.990 Jitter=7.15
[INFO] --------------------------------
[INFO] Processing: walk/walk_19.mp4
[INFO]   Frames: 982 | Inference Time: 20.97 sec | Confidence=0.992 Jitter=8.55
[INFO] --------------------------------
[INFO] Processing: walk/walk_20.mp4
[INFO]   Frames: 121 | Inference Time: 2.61 sec | Confidence=0.998 Jitter=11.06
[INFO] --------------------------------
[INFO] Processing: walk/walk_21.mp4
[INFO]   Frames: 206 | Inference Time: 4.51 sec | Confidence=0.995 Jitter=18.88
[INFO] --------------------------------
[INFO] Processing: lick/lick_60.mp4
[INFO]   Frames: 240 | Inference Time: 4.39 sec | Confidence=0.998 Jitter=1.30
[INFO] --------------------------------
[INFO] Processing: lick/lick_61.mp4
[INFO]   Frames: 240 | Inference Time: 4.21 sec | Confidence=0.999 Jitter=1.75
[INFO] --------------------------------
[INFO] Processing: lick/lick_62.mp4
[INFO]   Frames: 240 | Inference Time: 4.34 sec | Confidence=0.991 Jitter=1.44
[INFO] --------------------------------
[INFO] Processing: lick/lick_70.mp4
[INFO]   Frames: 240 | Inference Time: 4.42 sec | Confidence=0.978 Jitter=2.18
[INFO] --------------------------------
[INFO] Processing: lick/lick_74.mp4
[INFO]   Frames: 178 | Inference Time: 3.80 sec | Confidence=0.995 Jitter=2.22
[INFO] --------------------------------
[INFO] Processing: scratch/scratch_27.mp4
[INFO]   Frames: 240 | Inference Time: 4.39 sec | Confidence=0.988 Jitter=2.26
[INFO] --------------------------------
[INFO] Processing: scratch/scratch_32.mp4
[INFO]   Frames: 240 | Inference Time: 4.36 sec | Confidence=0.987 Jitter=3.74
[INFO] --------------------------------
[INFO] Processing: scratch/scratch_33.mp4
[INFO]   Frames: 240 | Inference Time: 4.36 sec | Confidence=0.990 Jitter=2.55
[INFO] --------------------------------
[INFO] Processing: scratch/scratch_39.mp4
[INFO]   Frames: 240 | Inference Time: 4.37 sec | Confidence=0.980 Jitter=3.46
[INFO] --------------------------------
[INFO] Processing: shake/shake_49.mp4
[INFO]   Frames: 240 | Inference Time: 4.58 sec | Confidence=0.981 Jitter=3.15
[INFO] --------------------------------
[INFO] Processing: shake/shake_50.mp4
[INFO]   Frames: 240 | Inference Time: 4.41 sec | Confidence=0.999 Jitter=2.29
[INFO] --------------------------------
[INFO] Processing: shake/shake_51.mp4
[INFO]   Frames: 240 | Inference Time: 4.31 sec | Confidence=0.998 Jitter=2.02
[INFO] --------------------------------
[INFO] Processing: shake/shake_57.mp4
[INFO]   Frames: 240 | Inference Time: 4.52 sec | Confidence=0.999 Jitter=2.05
[INFO] --------------------------------
[INFO] Processing: shake/shake_58.mp4
[INFO]   Frames: 240 | Inference Time: 4.38 sec | Confidence=0.998 Jitter=1.22
[INFO] --------------------------------
[INFO] Processing: shake/shake_63.mp4
[INFO]   Frames: 240 | Inference Time: 4.41 sec | Confidence=0.998 Jitter=2.29
[INFO] --------------------------------
[INFO] Processing: stop/stop_2.mp4
[INFO]   Frames: 397 | Inference Time: 8.48 sec | Confidence=0.984 Jitter=5.03
[INFO] --------------------------------
[INFO] Processing: stop/stop_3.mp4
[INFO]   Frames: 248 | Inference Time: 5.00 sec | Confidence=0.952 Jitter=2.70
[INFO] --------------------------------
[INFO] Processing: stop/stop_36.mp4
[INFO]   Frames: 50 | Inference Time: 1.00 sec | Confidence=0.999 Jitter=0.64
[INFO] --------------------------------
[INFO] Processing: stop/stop_48.mp4
[INFO]   Frames: 55 | Inference Time: 1.13 sec | Confidence=0.995 Jitter=1.69
[INFO] --------------------------------
[INFO] Processing: stop/stop_6.mp4
[INFO]   Frames: 285 | Inference Time: 5.95 sec | Confidence=0.995 Jitter=1.06
[INFO] --------------------------------
[INFO] Processing: stop/stop_71.mp4
[INFO]   Frames: 92 | Inference Time: 2.02 sec | Confidence=0.995 Jitter=1.51
[INFO] --------------------------------
[INFO] Processing: stop/stop_75.mp4
[INFO]   Frames: 230 | Inference Time: 4.81 sec | Confidence=0.874 Jitter=1.59
[INFO] --------------------------------
[INFO] 
Aggregating metrics...
[INFO] 
Writing CSV files...
[INFO] Generating figures...
[INFO] Writing reports...
[INFO] 
[INFO] =====================================================================================================
[INFO] 逐影片比較結果
[INFO] =====================================================================================================
[INFO] 行為       影片                               舊信心   新信心      信心Δ   舊抖動   新抖動      抖動Δ
[INFO] -----------------------------------------------------------------------------------------------------
[INFO] walk       walk_15.mp4                         0.987    0.990    +0.003↑     7.26     7.15     -0.11↓
[INFO] walk       walk_19.mp4                         0.982    0.992    +0.010↑     8.36     8.55     +0.19↑
[INFO] walk       walk_20.mp4                         0.996    0.998    +0.002↑    11.72    11.06     -0.66↓
[INFO] walk       walk_21.mp4                         0.992    0.995    +0.003↑    20.05    18.88     -1.17↓
[INFO] lick       lick_60.mp4                         0.998    0.998    +0.000↑     1.40     1.30     -0.10↓
[INFO] lick       lick_61.mp4                         0.995    0.999    +0.004↑     1.92     1.75     -0.17↓
[INFO] lick       lick_62.mp4                         0.988    0.991    +0.002↑     1.53     1.44     -0.09↓
[INFO] lick       lick_70.mp4                         0.986    0.978    -0.009↓     2.38     2.18     -0.20↓
[INFO] lick       lick_74.mp4                         0.996    0.995    -0.001↓     2.73     2.22     -0.51↓
[INFO] scratch    scratch_27.mp4                      0.942    0.988    +0.045↑     2.48     2.26     -0.22↓
[INFO] scratch    scratch_32.mp4                      0.981    0.987    +0.007↑     4.28     3.74     -0.54↓
[INFO] scratch    scratch_33.mp4                      0.986    0.990    +0.004↑     2.92     2.55     -0.37↓
[INFO] scratch    scratch_39.mp4                      0.978    0.980    +0.001↑     3.00     3.46     +0.46↑
[INFO] shake      shake_49.mp4                        0.982    0.981    -0.001↓     3.67     3.15     -0.52↓
[INFO] shake      shake_50.mp4                        0.993    0.999    +0.007↑     2.34     2.29     -0.05↓
[INFO] shake      shake_51.mp4                        0.998    0.998    +0.000↑     2.16     2.02     -0.14↓
[INFO] shake      shake_57.mp4                        0.997    0.999    +0.002↑     2.17     2.05     -0.11↓
[INFO] shake      shake_58.mp4                        0.996    0.998    +0.001↑     1.30     1.22     -0.09↓
[INFO] shake      shake_63.mp4                        0.994    0.998    +0.004↑     2.58     2.29     -0.29↓
[INFO] stop       stop_2.mp4                          0.981    0.984    +0.004↑     4.69     5.03     +0.33↑
[INFO] stop       stop_3.mp4                          0.953    0.952    -0.000↓     2.72     2.70     -0.02↓
[INFO] stop       stop_36.mp4                         0.998    0.999    +0.001↑     0.73     0.64     -0.09↓
[INFO] stop       stop_48.mp4                         0.984    0.995    +0.011↑     1.73     1.69     -0.04↓
[INFO] stop       stop_6.mp4                          0.996    0.995    -0.001↓     0.51     1.06     +0.54↑
[INFO] stop       stop_71.mp4                         0.992    0.995    +0.003↑     1.43     1.51     +0.08↑
[INFO] stop       stop_75.mp4                         0.844    0.874    +0.030↑     1.72     1.59     -0.13↓
[INFO] 
[INFO] =================================================================================================
[INFO] 行為類別摘要
[INFO] =================================================================================================
[INFO] 行為         舊信心   新信心   信心改善   舊抖動   新抖動   抖動改善   舊缺失   新缺失   缺失改善
[INFO] -------------------------------------------------------------------------------------------------
[INFO] walk          0.985    0.992     +0.73%     9.93     9.83     +1.03%     0.0%     0.0%     +0.00%
[INFO] lick          0.993    0.992     -0.07%     1.95     1.75    +10.16%     0.0%     0.0%     +0.00%
[INFO] scratch       0.972    0.986     +1.48%     3.17     3.02     +4.87%     0.0%     0.0%     +0.00%
[INFO] shake         0.993    0.995     +0.22%     2.37     2.17     +8.41%     0.0%     0.0%     +0.00%
[INFO] stop          0.957    0.964     +0.69%     2.45     2.67     -8.83%     0.0%     0.0%     +0.00%
[INFO] 
[INFO] =================================================================================================
[INFO] 整體比較結果
[INFO] =================================================================================================
[INFO] 舊模型        v11s_110.pt   複合分數 96.31
[INFO] 新模型        aug_8.pt   複合分數 96.55
[INFO] 
[INFO] 平均信心值    0.980  →  0.986    改善 +0.58%
[INFO] 平均抖動      4.29 px  →  4.23 px    改善 +1.62%
[INFO] 缺失比率      0.0%  →  0.0%    改善 +0.00%
[INFO] 尾尖缺失      3.9%  →  2.3%
[INFO] 
[INFO] 綜合改善分數  +0.77%
[INFO] 進步最多行為  lick  （+3.5%）
[INFO] 退步最多行為  stop  （-2.9%）
[INFO] 
[INFO] 結論          aug_8.pt  相較  v11s_110.pt  →  BETTER（較優）
[INFO] =================================================================================================
