[INFO] ====================================================
[INFO] YOLO Pose Model Comparison  [20260628_193314]
[INFO]   Old : C:\AI_Project\cat_pose\v11s_105.pt
[INFO]   New : C:\AI_Project\cat_pose\v11s_106.pt
[INFO]   Data: C:\Users\homec\OneDrive\圖片\貓咪圖像資料集\主要測試
[INFO]   Out : C:\AI_Project\compare_results\20260628_193314  Device: cuda
[INFO] ====================================================
[INFO] Loading old model...
[INFO] Loading new model...
[INFO] Benchmark videos: 26
[INFO]   walk: 4
[INFO]   lick: 5
[INFO]   scratch: 4
[INFO]   shake: 6
[INFO]   stop: 7
[INFO] 
--- OLD MODEL: v11s_105.pt ---
[INFO] Processing: walk/walk_15.mp4
[INFO]   Frames: 280 | Inference Time: 6.28 sec | Confidence=0.989 Jitter=7.08
[INFO] --------------------------------
[INFO] Processing: walk/walk_19.mp4
[INFO]   Frames: 982 | Inference Time: 20.85 sec | Confidence=0.989 Jitter=8.49
[INFO] --------------------------------
[INFO] Processing: walk/walk_20.mp4
[INFO]   Frames: 121 | Inference Time: 2.45 sec | Confidence=0.999 Jitter=11.24
[INFO] --------------------------------
[INFO] Processing: walk/walk_21.mp4
[INFO]   Frames: 206 | Inference Time: 4.51 sec | Confidence=0.994 Jitter=19.28
[INFO] --------------------------------
[INFO] Processing: lick/lick_60.mp4
[INFO]   Frames: 240 | Inference Time: 4.15 sec | Confidence=0.999 Jitter=1.42
[INFO] --------------------------------
[INFO] Processing: lick/lick_61.mp4
[INFO]   Frames: 240 | Inference Time: 4.12 sec | Confidence=0.997 Jitter=2.23
[INFO] --------------------------------
[INFO] Processing: lick/lick_62.mp4
[INFO]   Frames: 240 | Inference Time: 4.08 sec | Confidence=0.995 Jitter=1.49
[INFO] --------------------------------
[INFO] Processing: lick/lick_70.mp4
[INFO]   Frames: 240 | Inference Time: 3.94 sec | Confidence=0.995 Jitter=2.91
[INFO] --------------------------------
[INFO] Processing: lick/lick_74.mp4
[INFO]   Frames: 178 | Inference Time: 3.73 sec | Confidence=0.997 Jitter=2.64
[INFO] --------------------------------
[INFO] Processing: scratch/scratch_27.mp4
[INFO]   Frames: 240 | Inference Time: 4.11 sec | Confidence=0.935 Jitter=2.30
[INFO] --------------------------------
[INFO] Processing: scratch/scratch_32.mp4
[INFO]   Frames: 240 | Inference Time: 4.11 sec | Confidence=0.979 Jitter=4.05
[INFO] --------------------------------
[INFO] Processing: scratch/scratch_33.mp4
[INFO]   Frames: 240 | Inference Time: 4.26 sec | Confidence=0.992 Jitter=2.77
[INFO] --------------------------------
[INFO] Processing: scratch/scratch_39.mp4
[INFO]   Frames: 240 | Inference Time: 4.30 sec | Confidence=0.973 Jitter=3.26
[INFO] --------------------------------
[INFO] Processing: shake/shake_49.mp4
[INFO]   Frames: 240 | Inference Time: 4.27 sec | Confidence=0.986 Jitter=3.52
[INFO] --------------------------------
[INFO] Processing: shake/shake_50.mp4
[INFO]   Frames: 240 | Inference Time: 4.29 sec | Confidence=0.998 Jitter=2.37
[INFO] --------------------------------
[INFO] Processing: shake/shake_51.mp4
[INFO]   Frames: 240 | Inference Time: 4.11 sec | Confidence=0.998 Jitter=2.05
[INFO] --------------------------------
[INFO] Processing: shake/shake_57.mp4
[INFO]   Frames: 240 | Inference Time: 4.12 sec | Confidence=0.998 Jitter=2.34
[INFO] --------------------------------
[INFO] Processing: shake/shake_58.mp4
[INFO]   Frames: 240 | Inference Time: 4.08 sec | Confidence=0.996 Jitter=1.34
[INFO] --------------------------------
[INFO] Processing: shake/shake_63.mp4
[INFO]   Frames: 240 | Inference Time: 4.10 sec | Confidence=0.997 Jitter=2.50
[INFO] --------------------------------
[INFO] Processing: stop/stop_2.mp4
[INFO]   Frames: 397 | Inference Time: 8.03 sec | Confidence=0.980 Jitter=4.44
[INFO] --------------------------------
[INFO] Processing: stop/stop_3.mp4
[INFO]   Frames: 248 | Inference Time: 4.99 sec | Confidence=0.980 Jitter=2.77
[INFO] --------------------------------
[INFO] Processing: stop/stop_36.mp4
[INFO]   Frames: 50 | Inference Time: 1.16 sec | Confidence=0.996 Jitter=0.77
[INFO] --------------------------------
[INFO] Processing: stop/stop_48.mp4
[INFO]   Frames: 55 | Inference Time: 1.21 sec | Confidence=0.991 Jitter=2.04
[INFO] --------------------------------
[INFO] Processing: stop/stop_6.mp4
[INFO]   Frames: 285 | Inference Time: 5.70 sec | Confidence=0.998 Jitter=0.46
[INFO] --------------------------------
[INFO] Processing: stop/stop_71.mp4
[INFO]   Frames: 92 | Inference Time: 1.87 sec | Confidence=0.996 Jitter=1.48
[INFO] --------------------------------
[INFO] Processing: stop/stop_75.mp4
[INFO]   Frames: 230 | Inference Time: 4.72 sec | Confidence=0.877 Jitter=1.86
[INFO] --------------------------------
[INFO] 
--- NEW MODEL: v11s_106.pt ---
[INFO] Processing: walk/walk_15.mp4
[INFO]   Frames: 280 | Inference Time: 5.15 sec | Confidence=0.991 Jitter=7.15
[INFO] --------------------------------
[INFO] Processing: walk/walk_19.mp4
[INFO]   Frames: 982 | Inference Time: 19.36 sec | Confidence=0.982 Jitter=8.27
[INFO] --------------------------------
[INFO] Processing: walk/walk_20.mp4
[INFO]   Frames: 121 | Inference Time: 2.49 sec | Confidence=0.998 Jitter=10.90
[INFO] --------------------------------
[INFO] Processing: walk/walk_21.mp4
[INFO]   Frames: 206 | Inference Time: 4.22 sec | Confidence=0.996 Jitter=19.18
[INFO] --------------------------------
[INFO] Processing: lick/lick_60.mp4
[INFO]   Frames: 240 | Inference Time: 4.08 sec | Confidence=0.998 Jitter=1.18
[INFO] --------------------------------
[INFO] Processing: lick/lick_61.mp4
[INFO]   Frames: 240 | Inference Time: 4.21 sec | Confidence=0.995 Jitter=1.95
[INFO] --------------------------------
[INFO] Processing: lick/lick_62.mp4
[INFO]   Frames: 240 | Inference Time: 4.06 sec | Confidence=0.995 Jitter=1.52
[INFO] --------------------------------
[INFO] Processing: lick/lick_70.mp4
[INFO]   Frames: 240 | Inference Time: 4.26 sec | Confidence=0.997 Jitter=2.65
[INFO] --------------------------------
[INFO] Processing: lick/lick_74.mp4
[INFO]   Frames: 178 | Inference Time: 3.58 sec | Confidence=0.997 Jitter=2.39
[INFO] --------------------------------
[INFO] Processing: scratch/scratch_27.mp4
[INFO]   Frames: 240 | Inference Time: 4.16 sec | Confidence=0.930 Jitter=2.17
[INFO] --------------------------------
[INFO] Processing: scratch/scratch_32.mp4
[INFO]   Frames: 240 | Inference Time: 4.18 sec | Confidence=0.987 Jitter=3.64
[INFO] --------------------------------
[INFO] Processing: scratch/scratch_33.mp4
[INFO]   Frames: 240 | Inference Time: 4.11 sec | Confidence=0.997 Jitter=2.72
[INFO] --------------------------------
[INFO] Processing: scratch/scratch_39.mp4
[INFO]   Frames: 240 | Inference Time: 4.18 sec | Confidence=0.976 Jitter=3.17
[INFO] --------------------------------
[INFO] Processing: shake/shake_49.mp4
[INFO]   Frames: 240 | Inference Time: 4.11 sec | Confidence=0.985 Jitter=3.24
[INFO] --------------------------------
[INFO] Processing: shake/shake_50.mp4
[INFO]   Frames: 240 | Inference Time: 4.13 sec | Confidence=0.999 Jitter=2.23
[INFO] --------------------------------
[INFO] Processing: shake/shake_51.mp4
[INFO]   Frames: 240 | Inference Time: 3.99 sec | Confidence=0.998 Jitter=1.87
[INFO] --------------------------------
[INFO] Processing: shake/shake_57.mp4
[INFO]   Frames: 240 | Inference Time: 4.26 sec | Confidence=0.998 Jitter=2.18
[INFO] --------------------------------
[INFO] Processing: shake/shake_58.mp4
[INFO]   Frames: 240 | Inference Time: 4.25 sec | Confidence=0.997 Jitter=1.33
[INFO] --------------------------------
[INFO] Processing: shake/shake_63.mp4
[INFO]   Frames: 240 | Inference Time: 4.02 sec | Confidence=0.996 Jitter=2.61
[INFO] --------------------------------
[INFO] Processing: stop/stop_2.mp4
[INFO]   Frames: 397 | Inference Time: 8.22 sec | Confidence=0.982 Jitter=4.88
[INFO] --------------------------------
[INFO] Processing: stop/stop_3.mp4
[INFO]   Frames: 248 | Inference Time: 5.10 sec | Confidence=0.975 Jitter=2.62
[INFO] --------------------------------
[INFO] Processing: stop/stop_36.mp4
[INFO]   Frames: 50 | Inference Time: 1.02 sec | Confidence=0.997 Jitter=0.65
[INFO] --------------------------------
[INFO] Processing: stop/stop_48.mp4
[INFO]   Frames: 55 | Inference Time: 1.13 sec | Confidence=0.995 Jitter=2.38
[INFO] --------------------------------
[INFO] Processing: stop/stop_6.mp4
[INFO]   Frames: 285 | Inference Time: 5.65 sec | Confidence=0.998 Jitter=0.49
[INFO] --------------------------------
[INFO] Processing: stop/stop_71.mp4
[INFO]   Frames: 92 | Inference Time: 1.95 sec | Confidence=0.996 Jitter=2.17
[INFO] --------------------------------
[INFO] Processing: stop/stop_75.mp4
[INFO]   Frames: 230 | Inference Time: 4.60 sec | Confidence=0.842 Jitter=3.55
[INFO] --------------------------------
[INFO] 
Aggregating metrics...
[INFO] 
Writing CSV files...
[INFO] Generating figures...
[INFO] Writing reports...
[INFO] 
[INFO] =====================================================================================================
[INFO] 逐影片比較結果
[INFO] =====================================================================================================
[INFO] 行為       影片                               舊信心   新信心      信心Δ   舊抖動   新抖動      抖動Δ
[INFO] -----------------------------------------------------------------------------------------------------
[INFO] walk       walk_15.mp4                         0.989    0.991    +0.001↑     7.08     7.15     +0.06↑
[INFO] walk       walk_19.mp4                         0.989    0.982    -0.007↓     8.49     8.27     -0.22↓
[INFO] walk       walk_20.mp4                         0.999    0.998    -0.000↓    11.24    10.90     -0.34↓
[INFO] walk       walk_21.mp4                         0.994    0.996    +0.002↑    19.28    19.18     -0.09↓
[INFO] lick       lick_60.mp4                         0.999    0.998    -0.001↓     1.42     1.18     -0.24↓
[INFO] lick       lick_61.mp4                         0.997    0.995    -0.002↓     2.23     1.95     -0.29↓
[INFO] lick       lick_62.mp4                         0.995    0.995    +0.000↑     1.49     1.52     +0.02↑
[INFO] lick       lick_70.mp4                         0.995    0.997    +0.002↑     2.91     2.65     -0.27↓
[INFO] lick       lick_74.mp4                         0.997    0.997    -0.000↓     2.64     2.39     -0.26↓
[INFO] scratch    scratch_27.mp4                      0.935    0.930    -0.005↓     2.30     2.17     -0.12↓
[INFO] scratch    scratch_32.mp4                      0.979    0.987    +0.008↑     4.05     3.64     -0.40↓
[INFO] scratch    scratch_33.mp4                      0.992    0.997    +0.004↑     2.77     2.72     -0.04↓
[INFO] scratch    scratch_39.mp4                      0.973    0.976    +0.004↑     3.26     3.17     -0.09↓
[INFO] shake      shake_49.mp4                        0.986    0.985    -0.001↓     3.52     3.24     -0.28↓
[INFO] shake      shake_50.mp4                        0.998    0.999    +0.000↑     2.37     2.23     -0.14↓
[INFO] shake      shake_51.mp4                        0.998    0.998    -0.000↓     2.05     1.87     -0.17↓
[INFO] shake      shake_57.mp4                        0.998    0.998    +0.000↑     2.34     2.18     -0.16↓
[INFO] shake      shake_58.mp4                        0.996    0.997    +0.001↑     1.34     1.33     -0.01↓
[INFO] shake      shake_63.mp4                        0.997    0.996    -0.000↓     2.50     2.61     +0.12↑
[INFO] stop       stop_2.mp4                          0.980    0.982    +0.003↑     4.44     4.88     +0.44↑
[INFO] stop       stop_3.mp4                          0.980    0.975    -0.005↓     2.77     2.62     -0.15↓
[INFO] stop       stop_36.mp4                         0.996    0.997    +0.001↑     0.77     0.65     -0.12↓
[INFO] stop       stop_48.mp4                         0.991    0.995    +0.004↑     2.04     2.38     +0.35↑
[INFO] stop       stop_6.mp4                          0.998    0.998    +0.000↑     0.46     0.49     +0.03↑
[INFO] stop       stop_71.mp4                         0.996    0.996    +0.000↑     1.48     2.17     +0.69↑
[INFO] stop       stop_75.mp4                         0.877    0.842    -0.035↓     1.86     3.55     +1.69↑
[INFO] 
[INFO] =================================================================================================
[INFO] 行為類別摘要
[INFO] =================================================================================================
[INFO] 行為         舊信心   新信心   信心改善   舊抖動   新抖動   抖動改善   舊缺失   新缺失   缺失改善
[INFO] -------------------------------------------------------------------------------------------------
[INFO] walk          0.990    0.987     -0.36%     9.85     9.68     +1.66%     0.0%     0.0%     +0.00%
[INFO] lick          0.996    0.996     -0.02%     2.11     1.91     +9.63%     0.0%     0.0%     +0.00%
[INFO] scratch       0.970    0.972     +0.28%     3.11     2.93     +5.65%     0.0%     0.0%     +0.00%
[INFO] shake         0.995    0.996     +0.00%     2.35     2.24     +4.61%     0.0%     0.0%     +0.00%
[INFO] stop          0.968    0.963     -0.62%     2.42     2.86    -18.39%     0.0%     0.0%     +0.00%
[INFO] 
[INFO] =================================================================================================
[INFO] 整體比較結果
[INFO] =================================================================================================
[INFO] 舊模型        v11s_105.pt   複合分數 96.47
[INFO] 新模型        v11s_106.pt   複合分數 96.44
[INFO] 
[INFO] 平均信心值    0.985  →  0.983    改善 -0.18%
[INFO] 平均抖動      4.29 px  →  4.25 px    改善 +0.89%
[INFO] 缺失比率      0.0%  →  0.0%    改善 +0.00%
[INFO] 尾尖缺失      0.7%  →  1.3%
[INFO] 
[INFO] 綜合改善分數  +0.25%
[INFO] 進步最多行為  lick  （+3.4%）
[INFO] 退步最多行為  stop  （-6.7%）
[INFO] 
[INFO] 結論          v11s_106.pt  相較  v11s_105.pt  →  BETTER（較優）
[INFO] =================================================================================================
