2026-06-04 11:41:17 | INFO | === 比較任務開始 ===
2026-06-04 11:41:17 | INFO | 輸出目錄: jitter_compare_logs\20260604_114117
2026-06-04 11:41:17 | INFO | 裝置: cuda:0 | 影片: walk1.mp4
2026-06-04 11:41:17 | INFO | [1/2] v11s_90.pt
2026-06-04 11:41:17 | INFO | 載入模型: C:\ai_project\cat_pose\v11s_90.pt
2026-06-04 11:41:17 | INFO | 影片: walk1.mp4 | src_fps=50.00 | step=2 | eff_fps=25.00
2026-06-04 11:41:19 | INFO |   [v11s_90] frame=50  det=100.0%  jitter_mean=0.0227
2026-06-04 11:41:20 | INFO |   [v11s_90] frame=100  det=100.0%  jitter_mean=0.0253
2026-06-04 11:41:22 | INFO |   [v11s_90] frame=150  det=100.0%  jitter_mean=0.0247
2026-06-04 11:41:23 | INFO |   [v11s_90] frame=200  det=100.0%  jitter_mean=0.0245
2026-06-04 11:41:25 | INFO |   [v11s_90] frame=250  det=100.0%  jitter_mean=0.0245
2026-06-04 11:41:26 | INFO |   [v11s_90] frame=300  det=100.0%  jitter_mean=0.0248
2026-06-04 11:41:28 | INFO |   [v11s_90] frame=350  det=100.0%  jitter_mean=0.0249
2026-06-04 11:41:29 | INFO |   [v11s_90] frame=400  det=100.0%  jitter_mean=0.0249
2026-06-04 11:41:30 | INFO |   [v11s_90] frame=450  det=100.0%  jitter_mean=0.0251
2026-06-04 11:41:31 | INFO |   done | jitter=0.025258  std=0.007911  p95=0.038082  unstable=0.0%  det=100.0%
2026-06-04 11:41:31 | INFO | [2/2] v11s_91.pt
2026-06-04 11:41:31 | INFO | 載入模型: C:\ai_project\cat_pose\v11s_91.pt
2026-06-04 11:41:32 | INFO | 影片: walk1.mp4 | src_fps=50.00 | step=2 | eff_fps=25.00
2026-06-04 11:41:33 | INFO |   [v11s_91] frame=50  det=100.0%  jitter_mean=0.0226
2026-06-04 11:41:34 | INFO |   [v11s_91] frame=100  det=100.0%  jitter_mean=0.0243
2026-06-04 11:41:36 | INFO |   [v11s_91] frame=150  det=100.0%  jitter_mean=0.0238
2026-06-04 11:41:37 | INFO |   [v11s_91] frame=200  det=100.0%  jitter_mean=0.0239
2026-06-04 11:41:39 | INFO |   [v11s_91] frame=250  det=100.0%  jitter_mean=0.0241
2026-06-04 11:41:40 | INFO |   [v11s_91] frame=300  det=100.0%  jitter_mean=0.0242
2026-06-04 11:41:41 | INFO |   [v11s_91] frame=350  det=100.0%  jitter_mean=0.0244
2026-06-04 11:41:43 | INFO |   [v11s_91] frame=400  det=100.0%  jitter_mean=0.0244
2026-06-04 11:41:44 | INFO |   [v11s_91] frame=450  det=100.0%  jitter_mean=0.0249
2026-06-04 11:41:45 | INFO |   done | jitter=0.025159  std=0.007347  p95=0.038313  unstable=0.0%  det=100.0%
2026-06-04 11:41:45 | INFO | === 比較完成 ===
2026-06-04 11:41:45 | INFO | 較佳模型: v11s_91  (score=0.4000)
2026-06-04 11:41:45 | INFO | TXT 報告: jitter_compare_logs\20260604_114117\comparison_report.txt
2026-06-04 11:41:45 | INFO | JSON 報告: jitter_compare_logs\20260604_114117\comparison_report.json
2026-06-04 11:41:45 | INFO | 逐幀 CSV : jitter_compare_logs\20260604_114117\frame_metrics.csv
