2026-06-04 11:44:52 | INFO | === 比較任務開始 ===
2026-06-04 11:44:52 | INFO | 輸出目錄: jitter_compare_logs\20260604_114452
2026-06-04 11:44:52 | INFO | 裝置: cuda:0 | 影片: walk1.mp4
2026-06-04 11:44:52 | INFO | [1/2] v11s_90.pt
2026-06-04 11:44:52 | INFO | 載入模型: C:\ai_project\cat_pose\v11s_90.pt
2026-06-04 11:44:52 | INFO | 影片: walk1.mp4 | src_fps=50.00 | step=2 | eff_fps=25.00
2026-06-04 11:44:54 | INFO |   [v11s_90] frame=50  det=100.0%  jitter_mean=0.0227
2026-06-04 11:44:55 | INFO |   [v11s_90] frame=100  det=100.0%  jitter_mean=0.0253
2026-06-04 11:44:57 | INFO |   [v11s_90] frame=150  det=100.0%  jitter_mean=0.0247
2026-06-04 11:44:58 | INFO |   [v11s_90] frame=200  det=100.0%  jitter_mean=0.0245
2026-06-04 11:44:59 | INFO |   [v11s_90] frame=250  det=100.0%  jitter_mean=0.0245
2026-06-04 11:45:00 | INFO |   [v11s_90] frame=300  det=100.0%  jitter_mean=0.0248
2026-06-04 11:45:02 | INFO |   [v11s_90] frame=350  det=100.0%  jitter_mean=0.0249
2026-06-04 11:45:03 | INFO |   [v11s_90] frame=400  det=100.0%  jitter_mean=0.0249
2026-06-04 11:45:04 | INFO |   [v11s_90] frame=450  det=100.0%  jitter_mean=0.0251
2026-06-04 11:45:05 | INFO |   done | jitter=0.025258  std=0.007911  p95=0.038082  unstable=0.0%  det=100.0%
2026-06-04 11:45:05 | INFO | [2/2] v11s_91.pt
2026-06-04 11:45:05 | INFO | 載入模型: C:\ai_project\cat_pose\v11s_91.pt
2026-06-04 11:45:05 | INFO | 影片: walk1.mp4 | src_fps=50.00 | step=2 | eff_fps=25.00
2026-06-04 11:45:06 | INFO |   [v11s_91] frame=50  det=100.0%  jitter_mean=0.0226
2026-06-04 11:45:08 | INFO |   [v11s_91] frame=100  det=100.0%  jitter_mean=0.0243
2026-06-04 11:45:09 | INFO |   [v11s_91] frame=150  det=100.0%  jitter_mean=0.0238
2026-06-04 11:45:10 | INFO |   [v11s_91] frame=200  det=100.0%  jitter_mean=0.0239
2026-06-04 11:45:11 | INFO |   [v11s_91] frame=250  det=100.0%  jitter_mean=0.0241
2026-06-04 11:45:12 | INFO |   [v11s_91] frame=300  det=100.0%  jitter_mean=0.0242
2026-06-04 11:45:13 | INFO |   [v11s_91] frame=350  det=100.0%  jitter_mean=0.0244
2026-06-04 11:45:14 | INFO |   [v11s_91] frame=400  det=100.0%  jitter_mean=0.0244
2026-06-04 11:45:15 | INFO |   [v11s_91] frame=450  det=100.0%  jitter_mean=0.0249
2026-06-04 11:45:16 | INFO |   done | jitter=0.025159  std=0.007347  p95=0.038313  unstable=0.0%  det=100.0%
2026-06-04 11:45:16 | INFO | === 比較完成 ===
2026-06-04 11:45:16 | INFO | 較佳模型: v11s_91  (score=0.4000)
2026-06-04 11:45:16 | INFO | TXT 報告: jitter_compare_logs\20260604_114452\comparison_report.txt
2026-06-04 11:45:16 | INFO | JSON 報告: jitter_compare_logs\20260604_114452\comparison_report.json
2026-06-04 11:45:16 | INFO | 逐幀 CSV : jitter_compare_logs\20260604_114452\frame_metrics.csv
