2026-05-29 08:36:59 | INFO | 開始比較任務
2026-05-29 08:36:59 | INFO | 輸出目錄: jitter_compare_logs\20260529_083659
2026-05-29 08:36:59 | INFO | 使用裝置: cuda:0
2026-05-29 08:36:59 | INFO | 影片: C:\Users\homec\OneDrive\圖片\貓咪圖像資料集\貓咪姿勢影片分類\暫存\walk\walk1.mp4
2026-05-29 08:36:59 | INFO | 模型數量: 2
2026-05-29 08:36:59 | INFO | [1/2] 開始分析模型: C:\ai_project\cat_pose\v11s_76.pt
2026-05-29 08:36:59 | INFO | 載入模型: C:\ai_project\cat_pose\v11s_76.pt
2026-05-29 08:36:59 | INFO | 來源影片: C:\Users\homec\OneDrive\圖片\貓咪圖像資料集\貓咪姿勢影片分類\暫存\walk\walk1.mp4 | FPS=50.00 | 取樣步長=2 | 有效輸入FPS=25.00
2026-05-29 08:37:02 | INFO | v11s_76.pt | 已處理 50 個取樣幀
2026-05-29 08:37:04 | INFO | v11s_76.pt | 已處理 100 個取樣幀
2026-05-29 08:37:05 | INFO | v11s_76.pt | 已處理 150 個取樣幀
2026-05-29 08:37:07 | INFO | v11s_76.pt | 已處理 200 個取樣幀
2026-05-29 08:37:09 | INFO | v11s_76.pt | 已處理 250 個取樣幀
2026-05-29 08:37:11 | INFO | v11s_76.pt | 已處理 300 個取樣幀
2026-05-29 08:37:13 | INFO | v11s_76.pt | 已處理 350 個取樣幀
2026-05-29 08:37:15 | INFO | v11s_76.pt | 已處理 400 個取樣幀
2026-05-29 08:37:16 | INFO | v11s_76.pt | 已處理 450 個取樣幀
2026-05-29 08:37:18 | INFO | 完成 v11s_76 | global_jitter=0.024753 | unstable_rate=0.00% | detection_rate=100.00%
2026-05-29 08:37:18 | INFO | [2/2] 開始分析模型: C:\ai_project\cat_pose\v11s_80.pt
2026-05-29 08:37:18 | INFO | 載入模型: C:\ai_project\cat_pose\v11s_80.pt
2026-05-29 08:37:18 | INFO | 來源影片: C:\Users\homec\OneDrive\圖片\貓咪圖像資料集\貓咪姿勢影片分類\暫存\walk\walk1.mp4 | FPS=50.00 | 取樣步長=2 | 有效輸入FPS=25.00
2026-05-29 08:37:20 | INFO | v11s_80.pt | 已處理 50 個取樣幀
2026-05-29 08:37:21 | INFO | v11s_80.pt | 已處理 100 個取樣幀
2026-05-29 08:37:23 | INFO | v11s_80.pt | 已處理 150 個取樣幀
2026-05-29 08:37:24 | INFO | v11s_80.pt | 已處理 200 個取樣幀
2026-05-29 08:37:26 | INFO | v11s_80.pt | 已處理 250 個取樣幀
2026-05-29 08:37:28 | INFO | v11s_80.pt | 已處理 300 個取樣幀
2026-05-29 08:37:29 | INFO | v11s_80.pt | 已處理 350 個取樣幀
2026-05-29 08:37:30 | INFO | v11s_80.pt | 已處理 400 個取樣幀
2026-05-29 08:37:32 | INFO | v11s_80.pt | 已處理 450 個取樣幀
2026-05-29 08:37:33 | INFO | 完成 v11s_80 | global_jitter=0.024874 | unstable_rate=0.00% | detection_rate=100.00%
2026-05-29 08:37:33 | INFO | 新模型比舊模型關鍵點抖動幅度變差 0.49%
2026-05-29 08:37:33 | INFO | 結果判定: 舊模型較好（v11s_76）
2026-05-29 08:37:33 | INFO | 比較完成
2026-05-29 08:37:33 | INFO | 較佳模型: v11s_76
2026-05-29 08:37:33 | INFO | 較差模型: v11s_80
2026-05-29 08:37:33 | INFO | 詳細日誌: jitter_compare_logs\20260529_083659\comparison_report.log
2026-05-29 08:37:33 | INFO | JSON 報告: jitter_compare_logs\20260529_083659\comparison_report.json
2026-05-29 08:37:33 | INFO | 文字報告: jitter_compare_logs\20260529_083659\comparison_report.txt
2026-05-29 08:37:33 | INFO | 逐幀 CSV: jitter_compare_logs\20260529_083659\frame_metrics.csv
