[INFO] ====================================================
[INFO] YOLO Pose Model Comparison  [20260704_114818]
[INFO]   Old : C:\ai_project\cat_pose\v11s_115.pt
[INFO]   New : C:\ai_project\cat_pose\v11s_116.pt
[INFO]   Data: C:\Users\homec\OneDrive\圖片\貓咪圖像資料集\主要測試
[INFO]   Out : C:\ai_project\compare_results\20260704_114818  Device: cuda
[INFO] ====================================================
[INFO] Loading old model...
[INFO] Loading new model...
[INFO] Benchmark videos: 27
[INFO]   walk: 4
[INFO]   lick: 5
[INFO]   scratch: 5
[INFO]   shake: 6
[INFO]   stop: 7
[INFO] 
--- OLD MODEL: v11s_115.pt  (EMA α=1.0) ---
[INFO] Processing: walk/walk_12.mp4
[INFO]   Frames: 225 | Inference Time: 5.78 sec | Confidence=0.990 Jitter=11.17
[INFO] --------------------------------
[INFO] Processing: walk/walk_18.mp4
[INFO]   Frames: 244 | Inference Time: 5.40 sec | Confidence=0.945 Jitter=29.29
[INFO] --------------------------------
[INFO] Processing: walk/walk_24.mp4
[INFO]   Frames: 176 | Inference Time: 3.69 sec | Confidence=0.983 Jitter=7.41
[INFO] --------------------------------
[INFO] Processing: walk/walk_29.mp4
[INFO]   Frames: 590 | Inference Time: 13.87 sec | Confidence=0.978 Jitter=12.91
[INFO] --------------------------------
[INFO] Processing: lick/7月3日(1).mp4
[INFO]   Frames: 135 | Inference Time: 4.75 sec | Confidence=0.985 Jitter=2.55
[INFO] --------------------------------
[INFO] Processing: lick/7月3日(2).mp4
[INFO]   Frames: 156 | Inference Time: 4.16 sec | Confidence=0.994 Jitter=1.96
[INFO] --------------------------------
[INFO] Processing: lick/7月3日(3).mp4
[INFO]   Frames: 121 | Inference Time: 3.19 sec | Confidence=0.996 Jitter=2.99
[INFO] --------------------------------
[INFO] Processing: lick/7月3日(4).mp4
[INFO]   Frames: 147 | Inference Time: 3.73 sec | Confidence=0.994 Jitter=2.15
[INFO] --------------------------------
[INFO] Processing: lick/7月3日.mp4
[INFO]   Frames: 139 | Inference Time: 3.57 sec | Confidence=0.955 Jitter=2.95
[INFO] --------------------------------
[INFO] Processing: scratch/7月3日 (2)(1).mp4
[INFO]   Frames: 155 | Inference Time: 3.76 sec | Confidence=0.984 Jitter=6.73
[INFO] --------------------------------
[INFO] Processing: scratch/7月3日 (2)(2).mp4
[INFO]   Frames: 109 | Inference Time: 2.81 sec | Confidence=0.985 Jitter=6.84
[INFO] --------------------------------
[INFO] Processing: scratch/7月3日 (2)(3).mp4
[INFO]   Frames: 154 | Inference Time: 4.54 sec | Confidence=0.995 Jitter=5.26
[INFO] --------------------------------
[INFO] Processing: scratch/7月3日 (2)(4).mp4
[INFO]   Frames: 142 | Inference Time: 3.45 sec | Confidence=0.983 Jitter=5.28
[INFO] --------------------------------
[INFO] Processing: scratch/7月3日 (2).mp4
[INFO]   Frames: 177 | Inference Time: 4.24 sec | Confidence=0.991 Jitter=5.49
[INFO] --------------------------------
[INFO] Processing: shake/7月3日(1).mp4
[INFO]   Frames: 34 | Inference Time: 0.96 sec | Confidence=0.997 Jitter=12.46
[INFO] --------------------------------
[INFO] Processing: shake/7月3日(2).mp4
[INFO]   Frames: 19 | Inference Time: 0.52 sec | Confidence=0.995 Jitter=13.78
[INFO] --------------------------------
[INFO] Processing: shake/7月3日(3).mp4
[INFO]   Frames: 20 | Inference Time: 0.52 sec | Confidence=0.972 Jitter=17.97
[INFO] --------------------------------
[INFO] Processing: shake/7月3日(4).mp4
[INFO]   Frames: 33 | Inference Time: 0.86 sec | Confidence=0.993 Jitter=7.49
[INFO] --------------------------------
[INFO] Processing: shake/7月3日(5).mp4
[INFO]   Frames: 34 | Inference Time: 0.84 sec | Confidence=0.993 Jitter=11.40
[INFO] --------------------------------
[INFO] Processing: shake/7月3日.mp4
[INFO]   Frames: 26 | Inference Time: 0.58 sec | Confidence=0.996 Jitter=14.85
[INFO] --------------------------------
[INFO] Processing: stop/stop_2.mp4
[INFO]   Frames: 397 | Inference Time: 8.66 sec | Confidence=0.988 Jitter=4.73
[INFO] --------------------------------
[INFO] Processing: stop/stop_3.mp4
[INFO]   Frames: 248 | Inference Time: 5.65 sec | Confidence=0.971 Jitter=2.78
[INFO] --------------------------------
[INFO] Processing: stop/stop_36.mp4
[INFO]   Frames: 50 | Inference Time: 1.21 sec | Confidence=0.996 Jitter=0.85
[INFO] --------------------------------
[INFO] Processing: stop/stop_48.mp4
[INFO]   Frames: 55 | Inference Time: 1.34 sec | Confidence=0.985 Jitter=1.94
[INFO] --------------------------------
[INFO] Processing: stop/stop_6.mp4
[INFO]   Frames: 285 | Inference Time: 6.29 sec | Confidence=0.999 Jitter=0.48
[INFO] --------------------------------
[INFO] Processing: stop/stop_71.mp4
[INFO]   Frames: 92 | Inference Time: 2.54 sec | Confidence=0.995 Jitter=1.36
[INFO] --------------------------------
[INFO] Processing: stop/stop_75.mp4
[INFO]   Frames: 230 | Inference Time: 6.39 sec | Confidence=0.820 Jitter=4.30
[INFO] --------------------------------
[INFO] 
--- NEW MODEL: v11s_116.pt  (EMA α=1.0) ---
[INFO] Processing: walk/walk_12.mp4
[INFO]   Frames: 225 | Inference Time: 5.40 sec | Confidence=0.988 Jitter=11.05
[INFO] --------------------------------
[INFO] Processing: walk/walk_18.mp4
[INFO]   Frames: 244 | Inference Time: 5.60 sec | Confidence=0.927 Jitter=33.05
[INFO] --------------------------------
[INFO] Processing: walk/walk_24.mp4
[INFO]   Frames: 176 | Inference Time: 4.03 sec | Confidence=0.982 Jitter=7.71
[INFO] --------------------------------
[INFO] Processing: walk/walk_29.mp4
[INFO]   Frames: 590 | Inference Time: 12.72 sec | Confidence=0.982 Jitter=13.33
[INFO] --------------------------------
[INFO] Processing: lick/7月3日(1).mp4
[INFO]   Frames: 135 | Inference Time: 3.16 sec | Confidence=0.991 Jitter=2.65
[INFO] --------------------------------
[INFO] Processing: lick/7月3日(2).mp4
[INFO]   Frames: 156 | Inference Time: 3.43 sec | Confidence=0.998 Jitter=1.97
[INFO] --------------------------------
[INFO] Processing: lick/7月3日(3).mp4
[INFO]   Frames: 121 | Inference Time: 2.67 sec | Confidence=0.997 Jitter=2.81
[INFO] --------------------------------
[INFO] Processing: lick/7月3日(4).mp4
[INFO]   Frames: 147 | Inference Time: 3.07 sec | Confidence=0.993 Jitter=2.00
[INFO] --------------------------------
[INFO] Processing: lick/7月3日.mp4
[INFO]   Frames: 139 | Inference Time: 3.73 sec | Confidence=0.988 Jitter=3.24
[INFO] --------------------------------
[INFO] Processing: scratch/7月3日 (2)(1).mp4
[INFO]   Frames: 155 | Inference Time: 4.14 sec | Confidence=0.969 Jitter=6.25
[INFO] --------------------------------
[INFO] Processing: scratch/7月3日 (2)(2).mp4
[INFO]   Frames: 109 | Inference Time: 2.65 sec | Confidence=0.988 Jitter=6.72
[INFO] --------------------------------
[INFO] Processing: scratch/7月3日 (2)(3).mp4
[INFO]   Frames: 154 | Inference Time: 4.08 sec | Confidence=0.994 Jitter=5.31
[INFO] --------------------------------
[INFO] Processing: scratch/7月3日 (2)(4).mp4
[INFO]   Frames: 142 | Inference Time: 3.63 sec | Confidence=0.985 Jitter=4.82
[INFO] --------------------------------
[INFO] Processing: scratch/7月3日 (2).mp4
[INFO]   Frames: 177 | Inference Time: 4.14 sec | Confidence=0.995 Jitter=5.73
[INFO] --------------------------------
[INFO] Processing: shake/7月3日(1).mp4
[INFO]   Frames: 34 | Inference Time: 0.87 sec | Confidence=0.996 Jitter=12.13
[INFO] --------------------------------
[INFO] Processing: shake/7月3日(2).mp4
[INFO]   Frames: 19 | Inference Time: 0.53 sec | Confidence=0.997 Jitter=13.99
[INFO] --------------------------------
[INFO] Processing: shake/7月3日(3).mp4
[INFO]   Frames: 20 | Inference Time: 0.46 sec | Confidence=0.988 Jitter=18.36
[INFO] --------------------------------
[INFO] Processing: shake/7月3日(4).mp4
[INFO]   Frames: 33 | Inference Time: 0.81 sec | Confidence=0.994 Jitter=7.49
[INFO] --------------------------------
[INFO] Processing: shake/7月3日(5).mp4
[INFO]   Frames: 34 | Inference Time: 1.12 sec | Confidence=0.993 Jitter=10.86
[INFO] --------------------------------
[INFO] Processing: shake/7月3日.mp4
[INFO]   Frames: 26 | Inference Time: 0.65 sec | Confidence=0.996 Jitter=14.38
[INFO] --------------------------------
[INFO] Processing: stop/stop_2.mp4
[INFO]   Frames: 397 | Inference Time: 8.91 sec | Confidence=0.983 Jitter=4.80
[INFO] --------------------------------
[INFO] Processing: stop/stop_3.mp4
[INFO]   Frames: 248 | Inference Time: 5.45 sec | Confidence=0.966 Jitter=4.18
[INFO] --------------------------------
[INFO] Processing: stop/stop_36.mp4
[INFO]   Frames: 50 | Inference Time: 1.17 sec | Confidence=0.997 Jitter=0.80
[INFO] --------------------------------
[INFO] Processing: stop/stop_48.mp4
[INFO]   Frames: 55 | Inference Time: 1.21 sec | Confidence=0.981 Jitter=2.22
[INFO] --------------------------------
[INFO] Processing: stop/stop_6.mp4
[INFO]   Frames: 285 | Inference Time: 6.09 sec | Confidence=0.998 Jitter=0.61
[INFO] --------------------------------
[INFO] Processing: stop/stop_71.mp4
[INFO]   Frames: 92 | Inference Time: 2.05 sec | Confidence=0.997 Jitter=1.59
[INFO] --------------------------------
[INFO] Processing: stop/stop_75.mp4
[INFO]   Frames: 230 | Inference Time: 4.89 sec | Confidence=0.886 Jitter=4.52
[INFO] --------------------------------
[INFO] 
Aggregating metrics...
[INFO] 
Writing CSV files...
[INFO] Generating figures...
[INFO] Writing reports...
[INFO] 
[INFO] =====================================================================================================
[INFO] 逐影片比較結果
[INFO] =====================================================================================================
[INFO] 行為       影片                               舊信心   新信心      信心Δ   舊抖動   新抖動      抖動Δ
[INFO] -----------------------------------------------------------------------------------------------------
[INFO] walk       walk_12.mp4                         0.990    0.988    -0.002↓    11.17    11.05     -0.11↓
[INFO] walk       walk_18.mp4                         0.945    0.927    -0.019↓    29.29    33.05     +3.77↑
[INFO] walk       walk_24.mp4                         0.983    0.982    -0.001↓     7.41     7.71     +0.30↑
[INFO] walk       walk_29.mp4                         0.978    0.982    +0.004↑    12.91    13.33     +0.43↑
[INFO] lick       7月3日(1).mp4                       0.985    0.991    +0.006↑     2.55     2.65     +0.10↑
[INFO] lick       7月3日(2).mp4                       0.994    0.998    +0.004↑     1.96     1.97     +0.00↑
[INFO] lick       7月3日(3).mp4                       0.996    0.997    +0.001↑     2.99     2.81     -0.19↓
[INFO] lick       7月3日(4).mp4                       0.994    0.993    -0.000↓     2.15     2.00     -0.15↓
[INFO] lick       7月3日.mp4                          0.955    0.988    +0.033↑     2.95     3.24     +0.29↑
[INFO] scratch    7月3日 (2)(1).mp4                   0.984    0.969    -0.014↓     6.73     6.25     -0.48↓
[INFO] scratch    7月3日 (2)(2).mp4                   0.985    0.988    +0.004↑     6.84     6.72     -0.12↓
[INFO] scratch    7月3日 (2)(3).mp4                   0.995    0.994    -0.001↓     5.26     5.31     +0.05↑
[INFO] scratch    7月3日 (2)(4).mp4                   0.983    0.985    +0.001↑     5.28     4.82     -0.46↓
[INFO] scratch    7月3日 (2).mp4                      0.991    0.995    +0.004↑     5.49     5.73     +0.24↑
[INFO] shake      7月3日(1).mp4                       0.997    0.996    -0.001↓    12.46    12.13     -0.33↓
[INFO] shake      7月3日(2).mp4                       0.995    0.997    +0.002↑    13.78    13.99     +0.21↑
[INFO] shake      7月3日(3).mp4                       0.972    0.988    +0.016↑    17.97    18.36     +0.39↑
[INFO] shake      7月3日(4).mp4                       0.993    0.994    +0.002↑     7.49     7.49     +0.00↑
[INFO] shake      7月3日(5).mp4                       0.993    0.993    +0.000↑    11.40    10.86     -0.54↓
[INFO] shake      7月3日.mp4                          0.996    0.996    -0.000↓    14.85    14.38     -0.46↓
[INFO] stop       stop_2.mp4                          0.988    0.983    -0.004↓     4.73     4.80     +0.07↑
[INFO] stop       stop_3.mp4                          0.971    0.966    -0.005↓     2.78     4.18     +1.40↑
[INFO] stop       stop_36.mp4                         0.996    0.997    +0.001↑     0.85     0.80     -0.05↓
[INFO] stop       stop_48.mp4                         0.985    0.981    -0.004↓     1.94     2.22     +0.27↑
[INFO] stop       stop_6.mp4                          0.999    0.998    -0.001↓     0.48     0.61     +0.13↑
[INFO] stop       stop_71.mp4                         0.995    0.997    +0.001↑     1.36     1.59     +0.23↑
[INFO] stop       stop_75.mp4                         0.820    0.886    +0.066↑     4.30     4.52     +0.22↑
[INFO] 
[INFO] =================================================================================================
[INFO] 行為類別摘要
[INFO] =================================================================================================
[INFO] 行為         舊信心   新信心   信心改善   舊抖動   新抖動   抖動改善   舊缺失   新缺失   缺失改善
[INFO] -------------------------------------------------------------------------------------------------
[INFO] walk          0.975    0.972     -0.24%    14.53    15.41     -6.00%     1.1%     0.7%    +35.71%
[INFO] lick          0.985    0.993     +0.89%     2.49     2.51     -0.58%     0.0%     0.0%     +0.00%
[INFO] scratch       0.988    0.987     -0.13%     5.85     5.72     +2.34%     0.0%     0.0%     +0.00%
[INFO] shake         0.992    0.994     +0.23%    12.42    12.24     +1.47%     0.0%     0.0%     +0.00%
[INFO] stop          0.959    0.968     +0.91%     2.89     3.28    -13.24%     0.0%     0.0%     +0.00%
[INFO] 
[INFO] =================================================================================================
[INFO] 整體比較結果
[INFO] =================================================================================================
[INFO] 舊模型        v11s_115.pt   複合分數 94.03
[INFO] 新模型        v11s_116.pt   複合分數 93.95
[INFO] 
[INFO] 平均信心值    0.974  →  0.978    改善 +0.36%
[INFO] 平均抖動      7.11 px  →  7.44 px    改善 -4.72%
[INFO] 缺失比率      0.3%  →  0.2%    改善 +35.71%
[INFO] 尾尖缺失      5.9%  →  6.2%
[INFO] 
[INFO] 綜合改善分數  +9.19%
[INFO] 進步最多行為  walk  （+8.5%）
[INFO] 退步最多行為  stop  （-4.3%）
[INFO] 
[INFO] 結論          v11s_116.pt  相較  v11s_115.pt  →  BETTER（較優）
[INFO] =================================================================================================
