[INFO] ====================================================
[INFO] YOLO Pose Model Comparison  [20260630_161908]
[INFO]   Old : C:\ai_project\cat_pose\aug_8.pt
[INFO]   New : C:\ai_project\cat_pose\aug_8_2.pt
[INFO]   Data: C:\Users\homec\OneDrive\圖片\貓咪圖像資料集\主要測試
[INFO]   Out : C:\ai_project\compare_results\20260630_161908  Device: cuda
[INFO] ====================================================
[INFO] Loading old model...
[INFO] Loading new model...
[INFO] Benchmark videos: 26
[INFO]   walk: 4
[INFO]   lick: 5
[INFO]   scratch: 4
[INFO]   shake: 6
[INFO]   stop: 7
[INFO] 
--- OLD MODEL: aug_8.pt  (EMA α=1.0) ---
[INFO] Processing: walk/walk_15.mp4
[INFO]   Frames: 280 | Inference Time: 7.08 sec | Confidence=0.990 Jitter=7.15
[INFO] --------------------------------
[INFO] Processing: walk/walk_19.mp4
[INFO]   Frames: 982 | Inference Time: 22.55 sec | Confidence=0.992 Jitter=8.55
[INFO] --------------------------------
[INFO] Processing: walk/walk_20.mp4
[INFO]   Frames: 121 | Inference Time: 2.85 sec | Confidence=0.998 Jitter=11.06
[INFO] --------------------------------
[INFO] Processing: walk/walk_21.mp4
[INFO]   Frames: 206 | Inference Time: 4.76 sec | Confidence=0.995 Jitter=18.88
[INFO] --------------------------------
[INFO] Processing: lick/lick_60.mp4
[INFO]   Frames: 240 | Inference Time: 4.74 sec | Confidence=0.998 Jitter=1.30
[INFO] --------------------------------
[INFO] Processing: lick/lick_61.mp4
[INFO]   Frames: 240 | Inference Time: 4.56 sec | Confidence=0.999 Jitter=1.75
[INFO] --------------------------------
[INFO] Processing: lick/lick_62.mp4
[INFO]   Frames: 240 | Inference Time: 4.69 sec | Confidence=0.991 Jitter=1.44
[INFO] --------------------------------
[INFO] Processing: lick/lick_70.mp4
[INFO]   Frames: 240 | Inference Time: 4.55 sec | Confidence=0.978 Jitter=2.18
[INFO] --------------------------------
[INFO] Processing: lick/lick_74.mp4
[INFO]   Frames: 178 | Inference Time: 3.80 sec | Confidence=0.995 Jitter=2.22
[INFO] --------------------------------
[INFO] Processing: scratch/scratch_27.mp4
[INFO]   Frames: 240 | Inference Time: 4.58 sec | Confidence=0.988 Jitter=2.26
[INFO] --------------------------------
[INFO] Processing: scratch/scratch_32.mp4
[INFO]   Frames: 240 | Inference Time: 4.61 sec | Confidence=0.987 Jitter=3.74
[INFO] --------------------------------
[INFO] Processing: scratch/scratch_33.mp4
[INFO]   Frames: 240 | Inference Time: 4.56 sec | Confidence=0.990 Jitter=2.55
[INFO] --------------------------------
[INFO] Processing: scratch/scratch_39.mp4
[INFO]   Frames: 240 | Inference Time: 4.79 sec | Confidence=0.980 Jitter=3.46
[INFO] --------------------------------
[INFO] Processing: shake/shake_49.mp4
[INFO]   Frames: 240 | Inference Time: 4.94 sec | Confidence=0.981 Jitter=3.15
[INFO] --------------------------------
[INFO] Processing: shake/shake_50.mp4
[INFO]   Frames: 240 | Inference Time: 4.95 sec | Confidence=0.999 Jitter=2.29
[INFO] --------------------------------
[INFO] Processing: shake/shake_51.mp4
[INFO]   Frames: 240 | Inference Time: 5.04 sec | Confidence=0.998 Jitter=2.02
[INFO] --------------------------------
[INFO] Processing: shake/shake_57.mp4
[INFO]   Frames: 240 | Inference Time: 4.72 sec | Confidence=0.999 Jitter=2.05
[INFO] --------------------------------
[INFO] Processing: shake/shake_58.mp4
[INFO]   Frames: 240 | Inference Time: 4.72 sec | Confidence=0.998 Jitter=1.22
[INFO] --------------------------------
[INFO] Processing: shake/shake_63.mp4
[INFO]   Frames: 240 | Inference Time: 4.81 sec | Confidence=0.998 Jitter=2.29
[INFO] --------------------------------
[INFO] Processing: stop/stop_2.mp4
[INFO]   Frames: 397 | Inference Time: 9.47 sec | Confidence=0.984 Jitter=5.03
[INFO] --------------------------------
[INFO] Processing: stop/stop_3.mp4
[INFO]   Frames: 248 | Inference Time: 6.41 sec | Confidence=0.952 Jitter=2.70
[INFO] --------------------------------
[INFO] Processing: stop/stop_36.mp4
[INFO]   Frames: 50 | Inference Time: 1.44 sec | Confidence=0.999 Jitter=0.64
[INFO] --------------------------------
[INFO] Processing: stop/stop_48.mp4
[INFO]   Frames: 55 | Inference Time: 1.36 sec | Confidence=0.995 Jitter=1.69
[INFO] --------------------------------
[INFO] Processing: stop/stop_6.mp4
[INFO]   Frames: 285 | Inference Time: 6.61 sec | Confidence=0.995 Jitter=1.06
[INFO] --------------------------------
[INFO] Processing: stop/stop_71.mp4
[INFO]   Frames: 92 | Inference Time: 2.30 sec | Confidence=0.995 Jitter=1.51
[INFO] --------------------------------
[INFO] Processing: stop/stop_75.mp4
[INFO]   Frames: 230 | Inference Time: 5.33 sec | Confidence=0.874 Jitter=1.59
[INFO] --------------------------------
[INFO] 
--- NEW MODEL: aug_8_2.pt  (EMA α=1.0) ---
[INFO] Processing: walk/walk_15.mp4
[INFO]   Frames: 280 | Inference Time: 5.11 sec | Confidence=0.988 Jitter=7.12
[INFO] --------------------------------
[INFO] Processing: walk/walk_19.mp4
[INFO]   Frames: 982 | Inference Time: 22.50 sec | Confidence=0.981 Jitter=8.44
[INFO] --------------------------------
[INFO] Processing: walk/walk_20.mp4
[INFO]   Frames: 121 | Inference Time: 2.78 sec | Confidence=0.998 Jitter=11.27
[INFO] --------------------------------
[INFO] Processing: walk/walk_21.mp4
[INFO]   Frames: 206 | Inference Time: 4.66 sec | Confidence=0.993 Jitter=18.68
[INFO] --------------------------------
[INFO] Processing: lick/lick_60.mp4
[INFO]   Frames: 240 | Inference Time: 4.32 sec | Confidence=0.998 Jitter=1.52
[INFO] --------------------------------
[INFO] Processing: lick/lick_61.mp4
[INFO]   Frames: 240 | Inference Time: 4.73 sec | Confidence=0.997 Jitter=1.88
[INFO] --------------------------------
[INFO] Processing: lick/lick_62.mp4
[INFO]   Frames: 240 | Inference Time: 4.44 sec | Confidence=0.987 Jitter=1.36
[INFO] --------------------------------
[INFO] Processing: lick/lick_70.mp4
[INFO]   Frames: 240 | Inference Time: 4.35 sec | Confidence=0.986 Jitter=2.78
[INFO] --------------------------------
[INFO] Processing: lick/lick_74.mp4
[INFO]   Frames: 178 | Inference Time: 4.07 sec | Confidence=0.995 Jitter=2.21
[INFO] --------------------------------
[INFO] Processing: scratch/scratch_27.mp4
[INFO]   Frames: 240 | Inference Time: 4.38 sec | Confidence=0.926 Jitter=2.28
[INFO] --------------------------------
[INFO] Processing: scratch/scratch_32.mp4
[INFO]   Frames: 240 | Inference Time: 4.43 sec | Confidence=0.981 Jitter=3.70
[INFO] --------------------------------
[INFO] Processing: scratch/scratch_33.mp4
[INFO]   Frames: 240 | Inference Time: 4.38 sec | Confidence=0.983 Jitter=2.60
[INFO] --------------------------------
[INFO] Processing: scratch/scratch_39.mp4
[INFO]   Frames: 240 | Inference Time: 4.24 sec | Confidence=0.945 Jitter=3.17
[INFO] --------------------------------
[INFO] Processing: shake/shake_49.mp4
[INFO]   Frames: 240 | Inference Time: 4.41 sec | Confidence=0.987 Jitter=3.47
[INFO] --------------------------------
[INFO] Processing: shake/shake_50.mp4
[INFO]   Frames: 240 | Inference Time: 4.49 sec | Confidence=0.998 Jitter=2.45
[INFO] --------------------------------
[INFO] Processing: shake/shake_51.mp4
[INFO]   Frames: 240 | Inference Time: 4.35 sec | Confidence=0.998 Jitter=2.26
[INFO] --------------------------------
[INFO] Processing: shake/shake_57.mp4
[INFO]   Frames: 240 | Inference Time: 4.33 sec | Confidence=0.997 Jitter=2.21
[INFO] --------------------------------
[INFO] Processing: shake/shake_58.mp4
[INFO]   Frames: 240 | Inference Time: 4.36 sec | Confidence=0.996 Jitter=1.40
[INFO] --------------------------------
[INFO] Processing: shake/shake_63.mp4
[INFO]   Frames: 240 | Inference Time: 4.47 sec | Confidence=0.997 Jitter=2.59
[INFO] --------------------------------
[INFO] Processing: stop/stop_2.mp4
[INFO]   Frames: 397 | Inference Time: 9.10 sec | Confidence=0.986 Jitter=5.07
[INFO] --------------------------------
[INFO] Processing: stop/stop_3.mp4
[INFO]   Frames: 248 | Inference Time: 5.66 sec | Confidence=0.945 Jitter=3.55
[INFO] --------------------------------
[INFO] Processing: stop/stop_36.mp4
[INFO]   Frames: 50 | Inference Time: 1.20 sec | Confidence=0.996 Jitter=0.96
[INFO] --------------------------------
[INFO] Processing: stop/stop_48.mp4
[INFO]   Frames: 55 | Inference Time: 1.29 sec | Confidence=0.989 Jitter=2.01
[INFO] --------------------------------
[INFO] Processing: stop/stop_6.mp4
[INFO]   Frames: 285 | Inference Time: 6.72 sec | Confidence=0.996 Jitter=1.39
[INFO] --------------------------------
[INFO] Processing: stop/stop_71.mp4
[INFO]   Frames: 92 | Inference Time: 2.23 sec | Confidence=0.994 Jitter=1.28
[INFO] --------------------------------
[INFO] Processing: stop/stop_75.mp4
[INFO]   Frames: 230 | Inference Time: 5.33 sec | Confidence=0.840 Jitter=2.48
[INFO] --------------------------------
[INFO] 
Aggregating metrics...
[INFO] 
Writing CSV files...
[INFO] Generating figures...
[INFO] Writing reports...
[INFO] 
[INFO] =====================================================================================================
[INFO] 逐影片比較結果
[INFO] =====================================================================================================
[INFO] 行為       影片                               舊信心   新信心      信心Δ   舊抖動   新抖動      抖動Δ
[INFO] -----------------------------------------------------------------------------------------------------
[INFO] walk       walk_15.mp4                         0.990    0.988    -0.002↓     7.15     7.12     -0.03↓
[INFO] walk       walk_19.mp4                         0.992    0.981    -0.011↓     8.55     8.44     -0.11↓
[INFO] walk       walk_20.mp4                         0.998    0.998    +0.000↑    11.06    11.27     +0.21↑
[INFO] walk       walk_21.mp4                         0.995    0.993    -0.002↓    18.88    18.68     -0.20↓
[INFO] lick       lick_60.mp4                         0.998    0.998    -0.000↓     1.30     1.52     +0.22↑
[INFO] lick       lick_61.mp4                         0.999    0.997    -0.002↓     1.75     1.88     +0.13↑
[INFO] lick       lick_62.mp4                         0.991    0.987    -0.004↓     1.44     1.36     -0.08↓
[INFO] lick       lick_70.mp4                         0.978    0.986    +0.008↑     2.18     2.78     +0.60↑
[INFO] lick       lick_74.mp4                         0.995    0.995    -0.000↓     2.22     2.21     -0.01↓
[INFO] scratch    scratch_27.mp4                      0.988    0.926    -0.062↓     2.26     2.28     +0.02↑
[INFO] scratch    scratch_32.mp4                      0.987    0.981    -0.006↓     3.74     3.70     -0.04↓
[INFO] scratch    scratch_33.mp4                      0.990    0.983    -0.007↓     2.55     2.60     +0.05↑
[INFO] scratch    scratch_39.mp4                      0.980    0.945    -0.034↓     3.46     3.17     -0.28↓
[INFO] shake      shake_49.mp4                        0.981    0.987    +0.006↑     3.15     3.47     +0.32↑
[INFO] shake      shake_50.mp4                        0.999    0.998    -0.001↓     2.29     2.45     +0.16↑
[INFO] shake      shake_51.mp4                        0.998    0.998    -0.000↓     2.02     2.26     +0.24↑
[INFO] shake      shake_57.mp4                        0.999    0.997    -0.002↓     2.05     2.21     +0.16↑
[INFO] shake      shake_58.mp4                        0.998    0.996    -0.002↓     1.22     1.40     +0.18↑
[INFO] shake      shake_63.mp4                        0.998    0.997    -0.001↓     2.29     2.59     +0.30↑
[INFO] stop       stop_2.mp4                          0.984    0.986    +0.001↑     5.03     5.07     +0.05↑
[INFO] stop       stop_3.mp4                          0.952    0.945    -0.007↓     2.70     3.55     +0.85↑
[INFO] stop       stop_36.mp4                         0.999    0.996    -0.003↓     0.64     0.96     +0.32↑
[INFO] stop       stop_48.mp4                         0.995    0.989    -0.006↓     1.69     2.01     +0.32↑
[INFO] stop       stop_6.mp4                          0.995    0.996    +0.001↑     1.06     1.39     +0.33↑
[INFO] stop       stop_71.mp4                         0.995    0.994    -0.001↓     1.51     1.28     -0.23↓
[INFO] stop       stop_75.mp4                         0.874    0.840    -0.034↓     1.59     2.48     +0.90↑
[INFO] 
[INFO] =================================================================================================
[INFO] 行為類別摘要
[INFO] =================================================================================================
[INFO] 行為         舊信心   新信心   信心改善   舊抖動   新抖動   抖動改善   舊缺失   新缺失   缺失改善
[INFO] -------------------------------------------------------------------------------------------------
[INFO] walk          0.992    0.985     -0.76%     9.83     9.75     +0.87%     0.0%     0.0%     +0.00%
[INFO] lick          0.992    0.992     +0.03%     1.75     1.93    -10.33%     0.0%     0.0%     +0.00%
[INFO] scratch       0.986    0.959     -2.77%     3.02     2.94     +2.71%     0.0%     0.0%     +0.00%
[INFO] shake         0.995    0.996     +0.01%     2.17     2.40    -10.44%     0.0%     0.0%     +0.00%
[INFO] stop          0.964    0.957     -0.71%     2.67     3.06    -14.64%     0.0%     0.0%     +0.00%
[INFO] 
[INFO] =================================================================================================
[INFO] 整體比較結果
[INFO] =================================================================================================
[INFO] 舊模型        aug_8.pt   複合分數 96.55
[INFO] 新模型        aug_8_2.pt   複合分數 96.21
[INFO] 
[INFO] 平均信心值    0.986  →  0.979    改善 -0.74%
[INFO] 平均抖動      4.23 px  →  4.35 px    改善 -3.05%
[INFO] 缺失比率      0.0%  →  0.0%    改善 +0.00%
[INFO] 尾尖缺失      2.3%  →  3.6%
[INFO] 
[INFO] 綜合改善分數  -1.33%
[INFO] 進步最多行為  walk  （+0.0%）
[INFO] 退步最多行為  stop  （-5.4%）
[INFO] 
[INFO] 結論          aug_8_2.pt  相較  aug_8.pt  →  WORSE（較差）
[INFO] =================================================================================================
