[INFO] ====================================================
[INFO] YOLO Pose Model Comparison  [20260627_112240]
[INFO]   Old : C:\AI_Project\cat_pose\v11s_105.pt
[INFO]   New : C:\AI_Project\cat_pose\v11s_106.pt
[INFO]   Data: C:\Users\homec\OneDrive\圖片\貓咪圖像資料集\主要測試
[INFO]   Out : C:\AI_Project\compare_results\20260627_112240  Device: cuda
[INFO] ====================================================
[INFO] Loading old model...
[INFO] Loading new model...
[INFO] Benchmark videos: 14
[INFO]   walk: 3
[INFO]   lick: 3
[INFO]   scratch: 2
[INFO]   shake: 2
[INFO]   stop: 4
[INFO] 
--- OLD MODEL: v11s_105.pt ---
[INFO] Processing: walk/screen_86.mp4
[INFO]   Frames: 444 | Inference Time: 11.49 sec | Confidence=0.987 Jitter=5.97
[INFO] --------------------------------
[INFO] Processing: walk/walk_11.mp4
[INFO]   Frames: 135 | Inference Time: 3.06 sec | Confidence=0.993 Jitter=16.74
[INFO] --------------------------------
[INFO] Processing: walk/walk_22.mp4
[INFO]   Frames: 159 | Inference Time: 3.38 sec | Confidence=0.989 Jitter=10.88
[INFO] --------------------------------
[INFO] Processing: lick/calico_lick1.mp4
[INFO]   Frames: 397 | Inference Time: 8.34 sec | Confidence=0.967 Jitter=3.87
[INFO] --------------------------------
[INFO] Processing: lick/grassland_white_lick2.mp4
[INFO]   Frames: 241 | Inference Time: 5.15 sec | Confidence=0.995 Jitter=2.70
[INFO] --------------------------------
[INFO] Processing: lick/white_lick2.mp4
[INFO]   Frames: 558 | Inference Time: 12.42 sec | Confidence=0.989 Jitter=2.72
[INFO] --------------------------------
[INFO] Processing: scratch/scratch4847.mp4
[INFO]   Frames: 121 | Inference Time: 2.69 sec | Confidence=0.988 Jitter=2.74
[INFO] --------------------------------
[INFO] Processing: scratch/scratch578.mp4
[INFO]   Frames: 159 | Inference Time: 3.61 sec | Confidence=0.974 Jitter=6.05
[INFO] --------------------------------
[INFO] Processing: shake/shake5772.mp4
[INFO]   Frames: 343 | Inference Time: 7.50 sec | Confidence=0.965 Jitter=12.86
[INFO] --------------------------------
[INFO] Processing: shake/shake_3.mp4
[INFO]   Frames: 121 | Inference Time: 2.81 sec | Confidence=0.985 Jitter=9.72
[INFO] --------------------------------
[INFO] Processing: stop/6月2日(1).mp4
[INFO]   Frames: 167 | Inference Time: 4.46 sec | Confidence=0.980 Jitter=4.80
[INFO] --------------------------------
[INFO] Processing: stop/6月2日(19).mp4
[INFO]   Frames: 455 | Inference Time: 10.46 sec | Confidence=0.923 Jitter=3.93
[INFO] --------------------------------
[INFO] Processing: stop/6月2日(2).mp4
[INFO]   Frames: 230 | Inference Time: 5.02 sec | Confidence=0.877 Jitter=1.86
[INFO] --------------------------------
[INFO] Processing: stop/6月2日(3).mp4
[INFO]   Frames: 283 | Inference Time: 6.57 sec | Confidence=0.960 Jitter=1.64
[INFO] --------------------------------
[INFO] 
--- NEW MODEL: v11s_106.pt ---
[INFO] Processing: walk/screen_86.mp4
[INFO]   Frames: 444 | Inference Time: 9.98 sec | Confidence=0.986 Jitter=6.20
[INFO] --------------------------------
[INFO] Processing: walk/walk_11.mp4
[INFO]   Frames: 135 | Inference Time: 3.20 sec | Confidence=0.991 Jitter=16.51
[INFO] --------------------------------
[INFO] Processing: walk/walk_22.mp4
[INFO]   Frames: 159 | Inference Time: 3.78 sec | Confidence=0.984 Jitter=10.96
[INFO] --------------------------------
[INFO] Processing: lick/calico_lick1.mp4
[INFO]   Frames: 397 | Inference Time: 9.22 sec | Confidence=0.982 Jitter=3.77
[INFO] --------------------------------
[INFO] Processing: lick/grassland_white_lick2.mp4
[INFO]   Frames: 241 | Inference Time: 5.66 sec | Confidence=0.989 Jitter=2.57
[INFO] --------------------------------
[INFO] Processing: lick/white_lick2.mp4
[INFO]   Frames: 558 | Inference Time: 13.88 sec | Confidence=0.991 Jitter=2.69
[INFO] --------------------------------
[INFO] Processing: scratch/scratch4847.mp4
[INFO]   Frames: 121 | Inference Time: 5.04 sec | Confidence=0.985 Jitter=2.66
[INFO] --------------------------------
[INFO] Processing: scratch/scratch578.mp4
[INFO]   Frames: 159 | Inference Time: 5.19 sec | Confidence=0.957 Jitter=6.37
[INFO] --------------------------------
[INFO] Processing: shake/shake5772.mp4
[INFO]   Frames: 343 | Inference Time: 10.18 sec | Confidence=0.963 Jitter=14.41
[INFO] --------------------------------
[INFO] Processing: shake/shake_3.mp4
[INFO]   Frames: 121 | Inference Time: 2.77 sec | Confidence=0.977 Jitter=9.46
[INFO] --------------------------------
[INFO] Processing: stop/6月2日(1).mp4
[INFO]   Frames: 167 | Inference Time: 4.50 sec | Confidence=0.981 Jitter=5.55
[INFO] --------------------------------
[INFO] Processing: stop/6月2日(19).mp4
[INFO]   Frames: 455 | Inference Time: 10.69 sec | Confidence=0.888 Jitter=4.39
[INFO] --------------------------------
[INFO] Processing: stop/6月2日(2).mp4
[INFO]   Frames: 230 | Inference Time: 5.08 sec | Confidence=0.842 Jitter=3.55
[INFO] --------------------------------
[INFO] Processing: stop/6月2日(3).mp4
[INFO]   Frames: 283 | Inference Time: 6.96 sec | Confidence=0.881 Jitter=1.37
[INFO] --------------------------------
[INFO] 
Aggregating metrics...
[INFO] 
Writing CSV files...
[INFO] Generating figures...
[INFO] Writing reports...
[INFO] 
[INFO] =====================================================================================================
[INFO] 逐影片比較結果
[INFO] =====================================================================================================
[INFO] 行為       影片                               舊信心   新信心      信心Δ   舊抖動   新抖動      抖動Δ
[INFO] -----------------------------------------------------------------------------------------------------
[INFO] walk       screen_86.mp4                       0.987    0.986    -0.001↓     5.97     6.20     +0.23↑
[INFO] walk       walk_11.mp4                         0.993    0.991    -0.002↓    16.74    16.51     -0.24↓
[INFO] walk       walk_22.mp4                         0.989    0.984    -0.005↓    10.88    10.96     +0.08↑
[INFO] lick       calico_lick1.mp4                    0.967    0.982    +0.015↑     3.87     3.77     -0.10↓
[INFO] lick       grassland_white_lick2.mp4           0.995    0.989    -0.006↓     2.70     2.57     -0.13↓
[INFO] lick       white_lick2.mp4                     0.989    0.991    +0.002↑     2.72     2.69     -0.03↓
[INFO] scratch    scratch4847.mp4                     0.988    0.985    -0.003↓     2.74     2.66     -0.08↓
[INFO] scratch    scratch578.mp4                      0.974    0.957    -0.018↓     6.05     6.37     +0.32↑
[INFO] shake      shake5772.mp4                       0.965    0.963    -0.002↓    12.86    14.41     +1.55↑
[INFO] shake      shake_3.mp4                         0.985    0.977    -0.008↓     9.72     9.46     -0.27↓
[INFO] stop       6月2日(1).mp4                       0.980    0.981    +0.002↑     4.80     5.55     +0.75↑
[INFO] stop       6月2日(19).mp4                      0.923    0.888    -0.035↓     3.93     4.39     +0.46↑
[INFO] stop       6月2日(2).mp4                       0.877    0.842    -0.035↓     1.86     3.55     +1.69↑
[INFO] stop       6月2日(3).mp4                       0.960    0.881    -0.079↓     1.64     1.37     -0.27↓
[INFO] 
[INFO] =================================================================================================
[INFO] 行為類別摘要
[INFO] =================================================================================================
[INFO] 行為         舊信心   新信心   信心改善   舊抖動   新抖動   抖動改善   舊缺失   新缺失   缺失改善
[INFO] -------------------------------------------------------------------------------------------------
[INFO] walk          0.988    0.987     -0.19%     9.01     9.12     -1.16%     0.0%     0.0%     +0.00%
[INFO] lick          0.983    0.987     +0.44%     3.07     2.99     +2.35%     0.0%     0.0%     +0.00%
[INFO] scratch       0.980    0.969     -1.17%     4.50     4.64     -3.11%     0.4%     0.4%     +0.00%
[INFO] shake         0.970    0.967     -0.34%    12.04    13.13     -9.01%     0.0%     0.0%     +0.00%
[INFO] stop          0.931    0.891     -4.38%     3.01     3.61    -19.80%     0.0%     0.0%     +0.00%
[INFO] 
[INFO] =================================================================================================
[INFO] 整體比較結果
[INFO] =================================================================================================
[INFO] 舊模型        v11s_105.pt   複合分數 94.99
[INFO] 新模型        v11s_106.pt   複合分數 94.32
[INFO] 
[INFO] 平均信心值    0.967  →  0.955    改善 -1.28%
[INFO] 平均抖動      5.49 px  →  5.83 px    改善 -6.19%
[INFO] 缺失比率      0.0%  →  0.0%    改善 +0.00%
[INFO] 尾尖缺失      14.1%  →  20.2%
[INFO] 
[INFO] 綜合改善分數  -2.62%
[INFO] 進步最多行為  lick  （+1.0%）
[INFO] 退步最多行為  stop  （-8.5%）
[INFO] 
[INFO] 結論          v11s_106.pt  相較  v11s_105.pt  →  WORSE（較差）
[INFO] =================================================================================================
