2026-05-28 23:55:31 | INFO | 開始比較任務
2026-05-28 23:55:31 | INFO | 輸出目錄: jitter_compare_logs\20260528_235531
2026-05-28 23:55:31 | INFO | 使用裝置: cuda:0
2026-05-28 23:55:31 | INFO | 影片: C:\Users\homec\OneDrive\圖片\貓咪圖像資料集\貓咪姿勢影片分類\暫存\walk\2752855.mp4
2026-05-28 23:55:31 | INFO | 模型數量: 2
2026-05-28 23:55:31 | INFO | [1/2] 開始分析模型: C:\ai_project\cat_pose\v11s_76.pt
2026-05-28 23:55:31 | INFO | 載入模型: C:\ai_project\cat_pose\v11s_76.pt
2026-05-28 23:55:31 | INFO | 來源影片: C:\Users\homec\OneDrive\圖片\貓咪圖像資料集\貓咪姿勢影片分類\暫存\walk\2752855.mp4 | FPS=50.00 | 取樣步長=2 | 有效輸入FPS=25.00
2026-05-28 23:55:34 | INFO | v11s_76.pt | 已處理 50 個取樣幀
2026-05-28 23:55:35 | INFO | v11s_76.pt | 已處理 100 個取樣幀
2026-05-28 23:55:37 | INFO | v11s_76.pt | 已處理 150 個取樣幀
2026-05-28 23:55:39 | INFO | v11s_76.pt | 已處理 200 個取樣幀
2026-05-28 23:55:41 | INFO | v11s_76.pt | 已處理 250 個取樣幀
2026-05-28 23:55:42 | INFO | v11s_76.pt | 已處理 300 個取樣幀
2026-05-28 23:55:44 | INFO | v11s_76.pt | 已處理 350 個取樣幀
2026-05-28 23:55:45 | INFO | v11s_76.pt | 已處理 400 個取樣幀
2026-05-28 23:55:47 | INFO | v11s_76.pt | 已處理 450 個取樣幀
2026-05-28 23:55:48 | INFO | 完成 v11s_76 | global_jitter=0.024753 | unstable_rate=0.00% | detection_rate=100.00%
2026-05-28 23:55:48 | INFO | [2/2] 開始分析模型: C:\ai_project\cat_pose\v11s_78.pt
2026-05-28 23:55:48 | INFO | 載入模型: C:\ai_project\cat_pose\v11s_78.pt
2026-05-28 23:55:48 | INFO | 來源影片: C:\Users\homec\OneDrive\圖片\貓咪圖像資料集\貓咪姿勢影片分類\暫存\walk\2752855.mp4 | FPS=50.00 | 取樣步長=2 | 有效輸入FPS=25.00
2026-05-28 23:55:49 | INFO | v11s_78.pt | 已處理 50 個取樣幀
2026-05-28 23:55:51 | INFO | v11s_78.pt | 已處理 100 個取樣幀
2026-05-28 23:55:52 | INFO | v11s_78.pt | 已處理 150 個取樣幀
2026-05-28 23:55:53 | INFO | v11s_78.pt | 已處理 200 個取樣幀
2026-05-28 23:55:54 | INFO | v11s_78.pt | 已處理 250 個取樣幀
2026-05-28 23:55:55 | INFO | v11s_78.pt | 已處理 300 個取樣幀
2026-05-28 23:55:56 | INFO | v11s_78.pt | 已處理 350 個取樣幀
2026-05-28 23:55:58 | INFO | v11s_78.pt | 已處理 400 個取樣幀
2026-05-28 23:55:59 | INFO | v11s_78.pt | 已處理 450 個取樣幀
2026-05-28 23:56:00 | INFO | 完成 v11s_78 | global_jitter=0.027176 | unstable_rate=0.00% | detection_rate=100.00%
2026-05-28 23:56:00 | INFO | 新模型比舊模型關鍵點抖動幅度變差 9.79%
2026-05-28 23:56:00 | INFO | 結果判定: 舊模型較好（v11s_76）
2026-05-28 23:56:00 | INFO | 比較完成
2026-05-28 23:56:00 | INFO | 較佳模型: v11s_76
2026-05-28 23:56:00 | INFO | 較差模型: v11s_78
2026-05-28 23:56:00 | INFO | 詳細日誌: jitter_compare_logs\20260528_235531\comparison_report.log
2026-05-28 23:56:00 | INFO | JSON 報告: jitter_compare_logs\20260528_235531\comparison_report.json
2026-05-28 23:56:00 | INFO | 文字報告: jitter_compare_logs\20260528_235531\comparison_report.txt
2026-05-28 23:56:00 | INFO | 逐幀 CSV: jitter_compare_logs\20260528_235531\frame_metrics.csv
