[INFO] ====================================================
[INFO] YOLO Pose Model Comparison  [20260703_145019]
[INFO]   Old : C:\ai_project\cat_pose\v11s_114.pt
[INFO]   New : C:\ai_project\cat_pose\v11s_115.pt
[INFO]   Data: C:\Users\homec\OneDrive\圖片\貓咪圖像資料集\主要測試
[INFO]   Out : C:\ai_project\compare_results\20260703_145019  Device: cuda
[INFO] ====================================================
[INFO] Loading old model...
[INFO] Loading new model...
[INFO] Benchmark videos: 26
[INFO]   walk: 4
[INFO]   lick: 5
[INFO]   scratch: 4
[INFO]   shake: 6
[INFO]   stop: 7
[INFO] 
--- OLD MODEL: v11s_114.pt  (EMA α=1.0) ---
[INFO] Processing: walk/walk_15.mp4
[INFO]   Frames: 280 | Inference Time: 5.63 sec | Confidence=0.991 Jitter=7.09
[INFO] --------------------------------
[INFO] Processing: walk/walk_19.mp4
[INFO]   Frames: 982 | Inference Time: 21.48 sec | Confidence=0.984 Jitter=8.61
[INFO] --------------------------------
[INFO] Processing: walk/walk_20.mp4
[INFO]   Frames: 121 | Inference Time: 2.69 sec | Confidence=0.998 Jitter=12.17
[INFO] --------------------------------
[INFO] Processing: walk/walk_21.mp4
[INFO]   Frames: 206 | Inference Time: 4.59 sec | Confidence=0.995 Jitter=20.45
[INFO] --------------------------------
[INFO] Processing: lick/7月3日(1).mp4
[INFO]   Frames: 135 | Inference Time: 2.92 sec | Confidence=0.994 Jitter=2.37
[INFO] --------------------------------
[INFO] Processing: lick/7月3日(2).mp4
[INFO]   Frames: 156 | Inference Time: 3.60 sec | Confidence=0.997 Jitter=1.89
[INFO] --------------------------------
[INFO] Processing: lick/7月3日(3).mp4
[INFO]   Frames: 121 | Inference Time: 2.74 sec | Confidence=0.998 Jitter=2.51
[INFO] --------------------------------
[INFO] Processing: lick/7月3日(4).mp4
[INFO]   Frames: 147 | Inference Time: 3.33 sec | Confidence=0.989 Jitter=2.00
[INFO] --------------------------------
[INFO] Processing: lick/7月3日.mp4
[INFO]   Frames: 139 | Inference Time: 3.02 sec | Confidence=0.988 Jitter=3.29
[INFO] --------------------------------
[INFO] Processing: scratch/7月3日(1).mp4
[INFO]   Frames: 60 | Inference Time: 1.30 sec | Confidence=0.989 Jitter=5.49
[INFO] --------------------------------
[INFO] Processing: scratch/7月3日(2).mp4
[INFO]   Frames: 63 | Inference Time: 1.32 sec | Confidence=0.973 Jitter=10.06
[INFO] --------------------------------
[INFO] Processing: scratch/7月3日(5).mp4
[INFO]   Frames: 49 | Inference Time: 1.06 sec | Confidence=0.966 Jitter=6.34
[INFO] --------------------------------
[INFO] Processing: scratch/7月3日.mp4
[INFO]   Frames: 67 | Inference Time: 1.40 sec | Confidence=0.984 Jitter=7.33
[INFO] --------------------------------
[INFO] Processing: shake/7月3日(1).mp4
[INFO]   Frames: 34 | Inference Time: 0.71 sec | Confidence=0.996 Jitter=13.31
[INFO] --------------------------------
[INFO] Processing: shake/7月3日(2).mp4
[INFO]   Frames: 19 | Inference Time: 0.45 sec | Confidence=0.997 Jitter=14.76
[INFO] --------------------------------
[INFO] Processing: shake/7月3日(3).mp4
[INFO]   Frames: 20 | Inference Time: 0.44 sec | Confidence=0.955 Jitter=18.97
[INFO] --------------------------------
[INFO] Processing: shake/7月3日(4).mp4
[INFO]   Frames: 33 | Inference Time: 0.74 sec | Confidence=0.996 Jitter=8.11
[INFO] --------------------------------
[INFO] Processing: shake/7月3日(5).mp4
[INFO]   Frames: 34 | Inference Time: 0.75 sec | Confidence=0.992 Jitter=10.83
[INFO] --------------------------------
[INFO] Processing: shake/7月3日.mp4
[INFO]   Frames: 26 | Inference Time: 0.59 sec | Confidence=0.998 Jitter=16.06
[INFO] --------------------------------
[INFO] Processing: stop/stop_2.mp4
[INFO]   Frames: 397 | Inference Time: 8.51 sec | Confidence=0.980 Jitter=4.91
[INFO] --------------------------------
[INFO] Processing: stop/stop_3.mp4
[INFO]   Frames: 248 | Inference Time: 5.40 sec | Confidence=0.949 Jitter=2.69
[INFO] --------------------------------
[INFO] Processing: stop/stop_36.mp4
[INFO]   Frames: 50 | Inference Time: 1.06 sec | Confidence=0.998 Jitter=1.28
[INFO] --------------------------------
[INFO] Processing: stop/stop_48.mp4
[INFO]   Frames: 55 | Inference Time: 1.20 sec | Confidence=0.993 Jitter=1.87
[INFO] --------------------------------
[INFO] Processing: stop/stop_6.mp4
[INFO]   Frames: 285 | Inference Time: 5.86 sec | Confidence=0.999 Jitter=1.55
[INFO] --------------------------------
[INFO] Processing: stop/stop_71.mp4
[INFO]   Frames: 92 | Inference Time: 1.92 sec | Confidence=0.995 Jitter=1.43
[INFO] --------------------------------
[INFO] Processing: stop/stop_75.mp4
[INFO]   Frames: 230 | Inference Time: 4.72 sec | Confidence=0.869 Jitter=5.05
[INFO] --------------------------------
[INFO] 
--- NEW MODEL: v11s_115.pt  (EMA α=1.0) ---
[INFO] Processing: walk/walk_15.mp4
[INFO]   Frames: 280 | Inference Time: 5.15 sec | Confidence=0.988 Jitter=7.25
[INFO] --------------------------------
[INFO] Processing: walk/walk_19.mp4
[INFO]   Frames: 982 | Inference Time: 22.40 sec | Confidence=0.978 Jitter=8.63
[INFO] --------------------------------
[INFO] Processing: walk/walk_20.mp4
[INFO]   Frames: 121 | Inference Time: 2.78 sec | Confidence=0.998 Jitter=11.51
[INFO] --------------------------------
[INFO] Processing: walk/walk_21.mp4
[INFO]   Frames: 206 | Inference Time: 4.63 sec | Confidence=0.994 Jitter=20.11
[INFO] --------------------------------
[INFO] Processing: lick/7月3日(1).mp4
[INFO]   Frames: 135 | Inference Time: 2.95 sec | Confidence=0.985 Jitter=2.55
[INFO] --------------------------------
[INFO] Processing: lick/7月3日(2).mp4
[INFO]   Frames: 156 | Inference Time: 3.43 sec | Confidence=0.994 Jitter=1.96
[INFO] --------------------------------
[INFO] Processing: lick/7月3日(3).mp4
[INFO]   Frames: 121 | Inference Time: 2.72 sec | Confidence=0.996 Jitter=2.99
[INFO] --------------------------------
[INFO] Processing: lick/7月3日(4).mp4
[INFO]   Frames: 147 | Inference Time: 3.25 sec | Confidence=0.994 Jitter=2.15
[INFO] --------------------------------
[INFO] Processing: lick/7月3日.mp4
[INFO]   Frames: 139 | Inference Time: 3.13 sec | Confidence=0.955 Jitter=2.95
[INFO] --------------------------------
[INFO] Processing: scratch/7月3日(1).mp4
[INFO]   Frames: 60 | Inference Time: 1.34 sec | Confidence=0.984 Jitter=5.56
[INFO] --------------------------------
[INFO] Processing: scratch/7月3日(2).mp4
[INFO]   Frames: 63 | Inference Time: 1.57 sec | Confidence=0.992 Jitter=9.56
[INFO] --------------------------------
[INFO] Processing: scratch/7月3日(5).mp4
[INFO]   Frames: 49 | Inference Time: 1.38 sec | Confidence=0.983 Jitter=6.17
[INFO] --------------------------------
[INFO] Processing: scratch/7月3日.mp4
[INFO]   Frames: 67 | Inference Time: 1.61 sec | Confidence=0.986 Jitter=7.56
[INFO] --------------------------------
[INFO] Processing: shake/7月3日(1).mp4
[INFO]   Frames: 34 | Inference Time: 0.80 sec | Confidence=0.997 Jitter=12.46
[INFO] --------------------------------
[INFO] Processing: shake/7月3日(2).mp4
[INFO]   Frames: 19 | Inference Time: 0.44 sec | Confidence=0.995 Jitter=13.78
[INFO] --------------------------------
[INFO] Processing: shake/7月3日(3).mp4
[INFO]   Frames: 20 | Inference Time: 0.48 sec | Confidence=0.972 Jitter=17.97
[INFO] --------------------------------
[INFO] Processing: shake/7月3日(4).mp4
[INFO]   Frames: 33 | Inference Time: 0.76 sec | Confidence=0.993 Jitter=7.49
[INFO] --------------------------------
[INFO] Processing: shake/7月3日(5).mp4
[INFO]   Frames: 34 | Inference Time: 0.79 sec | Confidence=0.993 Jitter=11.40
[INFO] --------------------------------
[INFO] Processing: shake/7月3日.mp4
[INFO]   Frames: 26 | Inference Time: 0.61 sec | Confidence=0.996 Jitter=14.85
[INFO] --------------------------------
[INFO] Processing: stop/stop_2.mp4
[INFO]   Frames: 397 | Inference Time: 8.79 sec | Confidence=0.988 Jitter=4.73
[INFO] --------------------------------
[INFO] Processing: stop/stop_3.mp4
[INFO]   Frames: 248 | Inference Time: 5.19 sec | Confidence=0.971 Jitter=2.78
[INFO] --------------------------------
[INFO] Processing: stop/stop_36.mp4
[INFO]   Frames: 50 | Inference Time: 1.10 sec | Confidence=0.996 Jitter=0.85
[INFO] --------------------------------
[INFO] Processing: stop/stop_48.mp4
[INFO]   Frames: 55 | Inference Time: 1.14 sec | Confidence=0.985 Jitter=1.94
[INFO] --------------------------------
[INFO] Processing: stop/stop_6.mp4
[INFO]   Frames: 285 | Inference Time: 6.81 sec | Confidence=0.999 Jitter=0.48
[INFO] --------------------------------
[INFO] Processing: stop/stop_71.mp4
[INFO]   Frames: 92 | Inference Time: 2.02 sec | Confidence=0.995 Jitter=1.36
[INFO] --------------------------------
[INFO] Processing: stop/stop_75.mp4
[INFO]   Frames: 230 | Inference Time: 4.97 sec | Confidence=0.820 Jitter=4.30
[INFO] --------------------------------
[INFO] 
Aggregating metrics...
[INFO] 
Writing CSV files...
[INFO] Generating figures...
[INFO] Writing reports...
[INFO] 
[INFO] =====================================================================================================
[INFO] 逐影片比較結果
[INFO] =====================================================================================================
[INFO] 行為       影片                               舊信心   新信心      信心Δ   舊抖動   新抖動      抖動Δ
[INFO] -----------------------------------------------------------------------------------------------------
[INFO] walk       walk_15.mp4                         0.991    0.988    -0.004↓     7.09     7.25     +0.16↑
[INFO] walk       walk_19.mp4                         0.984    0.978    -0.006↓     8.61     8.63     +0.02↑
[INFO] walk       walk_20.mp4                         0.998    0.998    -0.001↓    12.17    11.51     -0.66↓
[INFO] walk       walk_21.mp4                         0.995    0.994    -0.001↓    20.45    20.11     -0.34↓
[INFO] lick       7月3日(1).mp4                       0.994    0.985    -0.009↓     2.37     2.55     +0.18↑
[INFO] lick       7月3日(2).mp4                       0.997    0.994    -0.004↓     1.89     1.96     +0.08↑
[INFO] lick       7月3日(3).mp4                       0.998    0.996    -0.002↓     2.51     2.99     +0.49↑
[INFO] lick       7月3日(4).mp4                       0.989    0.994    +0.005↑     2.00     2.15     +0.16↑
[INFO] lick       7月3日.mp4                          0.988    0.955    -0.033↓     3.29     2.95     -0.34↓
[INFO] scratch    7月3日(1).mp4                       0.989    0.984    -0.005↓     5.49     5.56     +0.07↑
[INFO] scratch    7月3日(2).mp4                       0.973    0.992    +0.019↑    10.06     9.56     -0.50↓
[INFO] scratch    7月3日(5).mp4                       0.966    0.983    +0.017↑     6.34     6.17     -0.17↓
[INFO] scratch    7月3日.mp4                          0.984    0.986    +0.002↑     7.33     7.56     +0.23↑
[INFO] shake      7月3日(1).mp4                       0.996    0.997    +0.001↑    13.31    12.46     -0.85↓
[INFO] shake      7月3日(2).mp4                       0.997    0.995    -0.003↓    14.76    13.78     -0.98↓
[INFO] shake      7月3日(3).mp4                       0.955    0.972    +0.016↑    18.97    17.97     -1.00↓
[INFO] shake      7月3日(4).mp4                       0.996    0.993    -0.003↓     8.11     7.49     -0.62↓
[INFO] shake      7月3日(5).mp4                       0.992    0.993    +0.001↑    10.83    11.40     +0.56↑
[INFO] shake      7月3日.mp4                          0.998    0.996    -0.001↓    16.06    14.85     -1.21↓
[INFO] stop       stop_2.mp4                          0.980    0.988    +0.007↑     4.91     4.73     -0.18↓
[INFO] stop       stop_3.mp4                          0.949    0.971    +0.023↑     2.69     2.78     +0.10↑
[INFO] stop       stop_36.mp4                         0.998    0.996    -0.002↓     1.28     0.85     -0.43↓
[INFO] stop       stop_48.mp4                         0.993    0.985    -0.008↓     1.87     1.94     +0.07↑
[INFO] stop       stop_6.mp4                          0.999    0.999    +0.000↑     1.55     0.48     -1.06↓
[INFO] stop       stop_71.mp4                         0.995    0.995    -0.000↓     1.43     1.36     -0.07↓
[INFO] stop       stop_75.mp4                         0.869    0.820    -0.049↓     5.05     4.30     -0.75↓
[INFO] 
[INFO] =================================================================================================
[INFO] 行為類別摘要
[INFO] =================================================================================================
[INFO] 行為         舊信心   新信心   信心改善   舊抖動   新抖動   抖動改善   舊缺失   新缺失   缺失改善
[INFO] -------------------------------------------------------------------------------------------------
[INFO] walk          0.987    0.983     -0.43%    10.14    10.09     +0.52%     0.0%     0.0%     +0.00%
[INFO] lick          0.993    0.985     -0.86%     2.39     2.49     -4.21%     0.0%     0.0%     +0.00%
[INFO] scratch       0.979    0.986     +0.80%     7.38     7.28     +1.37%     0.0%     0.0%     +0.00%
[INFO] shake         0.991    0.992     +0.12%    13.02    12.42     +4.61%     0.0%     0.0%     +0.00%
[INFO] stop          0.962    0.959     -0.25%     3.29     2.89    +12.08%     0.0%     0.0%     +0.00%
[INFO] 
[INFO] =================================================================================================
[INFO] 整體比較結果
[INFO] =================================================================================================
[INFO] 舊模型        v11s_114.pt   複合分數 94.74
[INFO] 新模型        v11s_115.pt   複合分數 94.74
[INFO] 
[INFO] 平均信心值    0.979  →  0.976    改善 -0.35%
[INFO] 平均抖動      6.49 px  →  6.32 px    改善 +2.59%
[INFO] 缺失比率      0.0%  →  0.0%    改善 +0.00%
[INFO] 尾尖缺失      3.0%  →  3.2%
[INFO] 
[INFO] 綜合改善分數  +0.78%
[INFO] 進步最多行為  stop  （+4.1%）
[INFO] 退步最多行為  lick  （-1.8%）
[INFO] 
[INFO] 結論          v11s_115.pt  相較  v11s_114.pt  →  BETTER（較優）
[INFO] =================================================================================================
