[INFO] ====================================================
[INFO] YOLO Pose Model Comparison  [20260626_123810]
[INFO]   Old : C:\AI_Project\cat_pose\v11s_103.pt
[INFO]   New : C:\AI_Project\cat_pose\v11s_105.pt
[INFO]   Data: C:\Users\homec\OneDrive\圖片\貓咪圖像資料集\主要測試
[INFO]   Out : C:\AI_Project\compare_results\20260626_123810  Device: cuda
[INFO] ====================================================
[INFO] Loading old model...
[INFO] Loading new model...
[INFO] Benchmark videos: 14
[INFO]   walk: 3
[INFO]   lick: 3
[INFO]   scratch: 2
[INFO]   shake: 2
[INFO]   stop: 4
[INFO] 
--- OLD MODEL: v11s_103.pt ---
[INFO] Processing: walk/screen_86.mp4
[INFO]   Frames: 444 | Inference Time: 10.41 sec | Confidence=0.989 Jitter=5.76
[INFO] --------------------------------
[INFO] Processing: walk/walk_11.mp4
[INFO]   Frames: 135 | Inference Time: 2.93 sec | Confidence=0.993 Jitter=16.67
[INFO] --------------------------------
[INFO] Processing: walk/walk_22.mp4
[INFO]   Frames: 159 | Inference Time: 3.41 sec | Confidence=0.986 Jitter=11.18
[INFO] --------------------------------
[INFO] Processing: lick/calico_lick1.mp4
[INFO]   Frames: 397 | Inference Time: 8.45 sec | Confidence=0.980 Jitter=3.77
[INFO] --------------------------------
[INFO] Processing: lick/grassland_white_lick2.mp4
[INFO]   Frames: 241 | Inference Time: 5.01 sec | Confidence=0.994 Jitter=2.52
[INFO] --------------------------------
[INFO] Processing: lick/white_lick2.mp4
[INFO]   Frames: 558 | Inference Time: 11.58 sec | Confidence=0.993 Jitter=2.73
[INFO] --------------------------------
[INFO] Processing: scratch/scratch4847.mp4
[INFO]   Frames: 121 | Inference Time: 2.56 sec | Confidence=0.982 Jitter=2.47
[INFO] --------------------------------
[INFO] Processing: scratch/scratch578.mp4
[INFO]   Frames: 159 | Inference Time: 3.53 sec | Confidence=0.962 Jitter=6.78
[INFO] --------------------------------
[INFO] Processing: shake/shake5772.mp4
[INFO]   Frames: 343 | Inference Time: 7.00 sec | Confidence=0.954 Jitter=13.66
[INFO] --------------------------------
[INFO] Processing: shake/shake_3.mp4
[INFO]   Frames: 121 | Inference Time: 2.69 sec | Confidence=0.980 Jitter=9.49
[INFO] --------------------------------
[INFO] Processing: stop/6月2日(1).mp4
[INFO]   Frames: 167 | Inference Time: 3.95 sec | Confidence=0.986 Jitter=4.77
[INFO] --------------------------------
[INFO] Processing: stop/6月2日(19).mp4
[INFO]   Frames: 455 | Inference Time: 9.60 sec | Confidence=0.893 Jitter=4.34
[INFO] --------------------------------
[INFO] Processing: stop/6月2日(2).mp4
[INFO]   Frames: 230 | Inference Time: 4.78 sec | Confidence=0.868 Jitter=2.04
[INFO] --------------------------------
[INFO] Processing: stop/6月2日(3).mp4
[INFO]   Frames: 283 | Inference Time: 5.81 sec | Confidence=0.874 Jitter=1.97
[INFO] --------------------------------
[INFO] 
--- NEW MODEL: v11s_105.pt ---
[INFO] Processing: walk/screen_86.mp4
[INFO]   Frames: 444 | Inference Time: 9.22 sec | Confidence=0.987 Jitter=5.97
[INFO] --------------------------------
[INFO] Processing: walk/walk_11.mp4
[INFO]   Frames: 135 | Inference Time: 2.88 sec | Confidence=0.993 Jitter=16.74
[INFO] --------------------------------
[INFO] Processing: walk/walk_22.mp4
[INFO]   Frames: 159 | Inference Time: 3.39 sec | Confidence=0.989 Jitter=10.88
[INFO] --------------------------------
[INFO] Processing: lick/calico_lick1.mp4
[INFO]   Frames: 397 | Inference Time: 8.26 sec | Confidence=0.967 Jitter=3.87
[INFO] --------------------------------
[INFO] Processing: lick/grassland_white_lick2.mp4
[INFO]   Frames: 241 | Inference Time: 4.97 sec | Confidence=0.995 Jitter=2.70
[INFO] --------------------------------
[INFO] Processing: lick/white_lick2.mp4
[INFO]   Frames: 558 | Inference Time: 11.76 sec | Confidence=0.989 Jitter=2.72
[INFO] --------------------------------
[INFO] Processing: scratch/scratch4847.mp4
[INFO]   Frames: 121 | Inference Time: 2.57 sec | Confidence=0.988 Jitter=2.74
[INFO] --------------------------------
[INFO] Processing: scratch/scratch578.mp4
[INFO]   Frames: 159 | Inference Time: 3.42 sec | Confidence=0.974 Jitter=6.05
[INFO] --------------------------------
[INFO] Processing: shake/shake5772.mp4
[INFO]   Frames: 343 | Inference Time: 7.04 sec | Confidence=0.965 Jitter=12.86
[INFO] --------------------------------
[INFO] Processing: shake/shake_3.mp4
[INFO]   Frames: 121 | Inference Time: 2.59 sec | Confidence=0.985 Jitter=9.72
[INFO] --------------------------------
[INFO] Processing: stop/6月2日(1).mp4
[INFO]   Frames: 167 | Inference Time: 3.90 sec | Confidence=0.980 Jitter=4.80
[INFO] --------------------------------
[INFO] Processing: stop/6月2日(19).mp4
[INFO]   Frames: 455 | Inference Time: 9.24 sec | Confidence=0.923 Jitter=3.93
[INFO] --------------------------------
[INFO] Processing: stop/6月2日(2).mp4
[INFO]   Frames: 230 | Inference Time: 4.94 sec | Confidence=0.877 Jitter=1.86
[INFO] --------------------------------
[INFO] Processing: stop/6月2日(3).mp4
[INFO]   Frames: 283 | Inference Time: 5.71 sec | Confidence=0.960 Jitter=1.64
[INFO] --------------------------------
[INFO] 
Aggregating metrics...
[INFO] 
Writing CSV files...
[INFO] Generating figures...
[INFO] Writing reports...
[INFO] 
[INFO] =====================================================================================================
[INFO] 逐影片比較結果
[INFO] =====================================================================================================
[INFO] 行為       影片                               舊信心   新信心      信心Δ   舊抖動   新抖動      抖動Δ
[INFO] -----------------------------------------------------------------------------------------------------
[INFO] walk       screen_86.mp4                       0.989    0.987    -0.002↓     5.76     5.97     +0.21↑
[INFO] walk       walk_11.mp4                         0.993    0.993    -0.000↓    16.67    16.74     +0.08↑
[INFO] walk       walk_22.mp4                         0.986    0.989    +0.003↑    11.18    10.88     -0.30↓
[INFO] lick       calico_lick1.mp4                    0.980    0.967    -0.013↓     3.77     3.87     +0.09↑
[INFO] lick       grassland_white_lick2.mp4           0.994    0.995    +0.001↑     2.52     2.70     +0.19↑
[INFO] lick       white_lick2.mp4                     0.993    0.989    -0.004↓     2.73     2.72     -0.01↓
[INFO] scratch    scratch4847.mp4                     0.982    0.988    +0.006↑     2.47     2.74     +0.27↑
[INFO] scratch    scratch578.mp4                      0.962    0.974    +0.013↑     6.78     6.05     -0.73↓
[INFO] shake      shake5772.mp4                       0.954    0.965    +0.010↑    13.66    12.86     -0.80↓
[INFO] shake      shake_3.mp4                         0.980    0.985    +0.005↑     9.49     9.72     +0.23↑
[INFO] stop       6月2日(1).mp4                       0.986    0.980    -0.007↓     4.77     4.80     +0.03↑
[INFO] stop       6月2日(19).mp4                      0.893    0.923    +0.030↑     4.34     3.93     -0.41↓
[INFO] stop       6月2日(2).mp4                       0.868    0.877    +0.009↑     2.04     1.86     -0.18↓
[INFO] stop       6月2日(3).mp4                       0.874    0.960    +0.086↑     1.97     1.64     -0.33↓
[INFO] 
[INFO] =================================================================================================
[INFO] 行為類別摘要
[INFO] =================================================================================================
[INFO] 行為         舊信心   新信心   信心改善   舊抖動   新抖動   抖動改善   舊缺失   新缺失   缺失改善
[INFO] -------------------------------------------------------------------------------------------------
[INFO] walk          0.989    0.988     -0.08%     8.93     9.01     -0.96%     0.0%     0.0%     +0.00%
[INFO] lick          0.989    0.983     -0.60%     3.01     3.07     -2.05%     0.0%     0.0%     +0.00%
[INFO] scratch       0.971    0.980     +0.98%     4.76     4.50     +5.56%     0.4%     0.4%     +0.00%
[INFO] shake         0.961    0.970     +0.95%    12.58    12.04     +4.25%     0.0%     0.0%     +0.00%
[INFO] stop          0.897    0.931     +3.84%     3.34     3.01     +9.80%     0.0%     0.0%     +0.00%
[INFO] 
[INFO] =================================================================================================
[INFO] 整體比較結果
[INFO] =================================================================================================
[INFO] 舊模型        v11s_103.pt   複合分數 94.53
[INFO] 新模型        v11s_105.pt   複合分數 94.99
[INFO] 
[INFO] 平均信心值    0.957  →  0.967    改善 +1.05%
[INFO] 平均抖動      5.65 px  →  5.49 px    改善 +2.87%
[INFO] 缺失比率      0.0%  →  0.0%    改善 +0.00%
[INFO] 尾尖缺失      10.8%  →  14.1%
[INFO] 
[INFO] 綜合改善分數  +1.37%
[INFO] 進步最多行為  stop  （+4.8%）
[INFO] 退步最多行為  lick  （-0.9%）
[INFO] 
[INFO] 結論          v11s_105.pt  相較  v11s_103.pt  →  BETTER（較優）
[INFO] =================================================================================================
