[INFO] ====================================================
[INFO] YOLO Pose Model Comparison  [20260625_204251]
[INFO]   Old : C:\AI_Project\cat_pose\v11s_103.pt
[INFO]   New : C:\AI_Project\cat_pose\v11s_104.pt
[INFO]   Data: C:\Users\homec\OneDrive\圖片\貓咪圖像資料集\主要測試
[INFO]   Out : C:\AI_Project\compare_results\20260625_204251  Device: cuda
[INFO] ====================================================
[INFO] Loading old model...
[INFO] Loading new model...
[INFO] Benchmark videos: 14
[INFO]   walk: 3
[INFO]   lick: 3
[INFO]   scratch: 2
[INFO]   shake: 2
[INFO]   stop: 4
[INFO] 
--- OLD MODEL: v11s_103.pt ---
[INFO] Processing: walk/screen_86.mp4
[INFO]   Frames: 444 | Inference Time: 10.81 sec | Confidence=0.989 Jitter=5.76
[INFO] --------------------------------
[INFO] Processing: walk/walk_11.mp4
[INFO]   Frames: 135 | Inference Time: 2.82 sec | Confidence=0.993 Jitter=16.67
[INFO] --------------------------------
[INFO] Processing: walk/walk_22.mp4
[INFO]   Frames: 159 | Inference Time: 3.52 sec | Confidence=0.986 Jitter=11.18
[INFO] --------------------------------
[INFO] Processing: lick/calico_lick1.mp4
[INFO]   Frames: 397 | Inference Time: 8.05 sec | Confidence=0.980 Jitter=3.77
[INFO] --------------------------------
[INFO] Processing: lick/grassland_white_lick2.mp4
[INFO]   Frames: 241 | Inference Time: 4.88 sec | Confidence=0.994 Jitter=2.52
[INFO] --------------------------------
[INFO] Processing: lick/white_lick2.mp4
[INFO]   Frames: 558 | Inference Time: 11.26 sec | Confidence=0.993 Jitter=2.73
[INFO] --------------------------------
[INFO] Processing: scratch/scratch4847.mp4
[INFO]   Frames: 121 | Inference Time: 2.53 sec | Confidence=0.982 Jitter=2.47
[INFO] --------------------------------
[INFO] Processing: scratch/scratch578.mp4
[INFO]   Frames: 159 | Inference Time: 3.28 sec | Confidence=0.962 Jitter=6.78
[INFO] --------------------------------
[INFO] Processing: shake/shake5772.mp4
[INFO]   Frames: 343 | Inference Time: 7.02 sec | Confidence=0.954 Jitter=13.66
[INFO] --------------------------------
[INFO] Processing: shake/shake_3.mp4
[INFO]   Frames: 121 | Inference Time: 2.73 sec | Confidence=0.980 Jitter=9.49
[INFO] --------------------------------
[INFO] Processing: stop/6月2日(1).mp4
[INFO]   Frames: 167 | Inference Time: 4.05 sec | Confidence=0.986 Jitter=4.77
[INFO] --------------------------------
[INFO] Processing: stop/6月2日(19).mp4
[INFO]   Frames: 455 | Inference Time: 10.12 sec | Confidence=0.893 Jitter=4.34
[INFO] --------------------------------
[INFO] Processing: stop/6月2日(2).mp4
[INFO]   Frames: 230 | Inference Time: 5.18 sec | Confidence=0.868 Jitter=2.04
[INFO] --------------------------------
[INFO] Processing: stop/6月2日(3).mp4
[INFO]   Frames: 283 | Inference Time: 6.10 sec | Confidence=0.874 Jitter=1.97
[INFO] --------------------------------
[INFO] 
--- NEW MODEL: v11s_104.pt ---
[INFO] Processing: walk/screen_86.mp4
[INFO]   Frames: 444 | Inference Time: 10.13 sec | Confidence=0.989 Jitter=6.15
[INFO] --------------------------------
[INFO] Processing: walk/walk_11.mp4
[INFO]   Frames: 135 | Inference Time: 2.99 sec | Confidence=0.991 Jitter=16.73
[INFO] --------------------------------
[INFO] Processing: walk/walk_22.mp4
[INFO]   Frames: 159 | Inference Time: 3.54 sec | Confidence=0.985 Jitter=11.04
[INFO] --------------------------------
[INFO] Processing: lick/calico_lick1.mp4
[INFO]   Frames: 397 | Inference Time: 8.60 sec | Confidence=0.975 Jitter=4.09
[INFO] --------------------------------
[INFO] Processing: lick/grassland_white_lick2.mp4
[INFO]   Frames: 241 | Inference Time: 5.22 sec | Confidence=0.995 Jitter=3.94
[INFO] --------------------------------
[INFO] Processing: lick/white_lick2.mp4
[INFO]   Frames: 558 | Inference Time: 12.11 sec | Confidence=0.994 Jitter=3.13
[INFO] --------------------------------
[INFO] Processing: scratch/scratch4847.mp4
[INFO]   Frames: 121 | Inference Time: 2.47 sec | Confidence=0.986 Jitter=2.89
[INFO] --------------------------------
[INFO] Processing: scratch/scratch578.mp4
[INFO]   Frames: 159 | Inference Time: 3.22 sec | Confidence=0.959 Jitter=9.23
[INFO] --------------------------------
[INFO] Processing: shake/shake5772.mp4
[INFO]   Frames: 343 | Inference Time: 7.08 sec | Confidence=0.971 Jitter=13.48
[INFO] --------------------------------
[INFO] Processing: shake/shake_3.mp4
[INFO]   Frames: 121 | Inference Time: 2.53 sec | Confidence=0.988 Jitter=10.20
[INFO] --------------------------------
[INFO] Processing: stop/6月2日(1).mp4
[INFO]   Frames: 167 | Inference Time: 3.67 sec | Confidence=0.975 Jitter=5.04
[INFO] --------------------------------
[INFO] Processing: stop/6月2日(19).mp4
[INFO]   Frames: 455 | Inference Time: 9.24 sec | Confidence=0.884 Jitter=4.74
[INFO] --------------------------------
[INFO] Processing: stop/6月2日(2).mp4
[INFO]   Frames: 230 | Inference Time: 4.65 sec | Confidence=0.871 Jitter=3.27
[INFO] --------------------------------
[INFO] Processing: stop/6月2日(3).mp4
[INFO]   Frames: 283 | Inference Time: 5.79 sec | Confidence=0.892 Jitter=1.98
[INFO] --------------------------------
[INFO] 
Aggregating metrics...
[INFO] 
Writing CSV files...
[INFO] Generating figures...
[INFO] Writing reports...
[INFO] 
[INFO] =====================================================================================================
[INFO] 逐影片比較結果
[INFO] =====================================================================================================
[INFO] 行為       影片                               舊信心   新信心      信心Δ   舊抖動   新抖動      抖動Δ
[INFO] -----------------------------------------------------------------------------------------------------
[INFO] walk       screen_86.mp4                       0.989    0.989    +0.000↑     5.76     6.15     +0.39↑
[INFO] walk       walk_11.mp4                         0.993    0.991    -0.002↓    16.67    16.73     +0.06↑
[INFO] walk       walk_22.mp4                         0.986    0.985    -0.001↓    11.18    11.04     -0.14↓
[INFO] lick       calico_lick1.mp4                    0.980    0.975    -0.005↓     3.77     4.09     +0.31↑
[INFO] lick       grassland_white_lick2.mp4           0.994    0.995    +0.001↑     2.52     3.94     +1.42↑
[INFO] lick       white_lick2.mp4                     0.993    0.994    +0.000↑     2.73     3.13     +0.39↑
[INFO] scratch    scratch4847.mp4                     0.982    0.986    +0.004↑     2.47     2.89     +0.42↑
[INFO] scratch    scratch578.mp4                      0.962    0.959    -0.003↓     6.78     9.23     +2.45↑
[INFO] shake      shake5772.mp4                       0.954    0.971    +0.017↑    13.66    13.48     -0.18↓
[INFO] shake      shake_3.mp4                         0.980    0.988    +0.008↑     9.49    10.20     +0.71↑
[INFO] stop       6月2日(1).mp4                       0.986    0.975    -0.011↓     4.77     5.04     +0.27↑
[INFO] stop       6月2日(19).mp4                      0.893    0.884    -0.009↓     4.34     4.74     +0.39↑
[INFO] stop       6月2日(2).mp4                       0.868    0.871    +0.003↑     2.04     3.27     +1.23↑
[INFO] stop       6月2日(3).mp4                       0.874    0.892    +0.018↑     1.97     1.98     +0.01↑
[INFO] 
[INFO] =================================================================================================
[INFO] 行為類別摘要
[INFO] =================================================================================================
[INFO] 行為         舊信心   新信心   信心改善   舊抖動   新抖動   抖動改善   舊缺失   新缺失   缺失改善
[INFO] -------------------------------------------------------------------------------------------------
[INFO] walk          0.989    0.989     -0.07%     8.93     9.16     -2.59%     0.0%     0.0%     +0.00%
[INFO] lick          0.989    0.988     -0.12%     3.01     3.59    -19.41%     0.0%     0.0%     +0.00%
[INFO] scratch       0.971    0.971     -0.01%     4.76     6.26    -31.45%     0.4%     0.4%     +0.00%
[INFO] shake         0.961    0.975     +1.49%    12.58    12.63     -0.44%     0.0%     0.0%     +0.00%
[INFO] stop          0.897    0.897     -0.04%     3.34     3.76    -12.57%     0.0%     0.0%     +0.00%
[INFO] 
[INFO] =================================================================================================
[INFO] 整體比較結果
[INFO] =================================================================================================
[INFO] 舊模型        v11s_103.pt   複合分數 94.53
[INFO] 新模型        v11s_104.pt   複合分數 94.27
[INFO] 
[INFO] 平均信心值    0.957  →  0.958    改善 +0.12%
[INFO] 平均抖動      5.65 px  →  6.08 px    改善 -7.58%
[INFO] 缺失比率      0.0%  →  0.0%    改善 +0.00%
[INFO] 尾尖缺失      10.8%  →  9.7%
[INFO] 
[INFO] 綜合改善分數  -2.61%
[INFO] 進步最多行為  shake  （+0.4%）
[INFO] 退步最多行為  scratch  （-11.0%）
[INFO] 
[INFO] 結論          v11s_104.pt  相較  v11s_103.pt  →  WORSE（較差）
[INFO] =================================================================================================
