2026-06-04 11:17:50 | INFO | 開始比較任務
2026-06-04 11:17:50 | INFO | 輸出目錄: jitter_compare_logs\20260604_111750
2026-06-04 11:17:50 | INFO | 使用裝置: cuda:0
2026-06-04 11:17:50 | INFO | 影片: C:\Users\homec\OneDrive\圖片\貓咪圖像資料集\貓咪姿勢影片分類\暫存\walk\walk1.mp4
2026-06-04 11:17:50 | INFO | 模型數量: 2
2026-06-04 11:17:50 | INFO | [1/2] 開始分析模型: C:\ai_project\cat_pose\v11s_90.pt
2026-06-04 11:17:50 | INFO | 載入模型: C:\ai_project\cat_pose\v11s_90.pt
2026-06-04 11:17:51 | INFO | 來源影片: C:\Users\homec\OneDrive\圖片\貓咪圖像資料集\貓咪姿勢影片分類\暫存\walk\walk1.mp4 | FPS=50.00 | 取樣步長=2 | 有效輸入FPS=25.00
2026-06-04 11:17:54 | INFO | v11s_90.pt | 已處理 50 個取樣幀
2026-06-04 11:17:55 | INFO | v11s_90.pt | 已處理 100 個取樣幀
2026-06-04 11:17:56 | INFO | v11s_90.pt | 已處理 150 個取樣幀
2026-06-04 11:17:58 | INFO | v11s_90.pt | 已處理 200 個取樣幀
2026-06-04 11:17:59 | INFO | v11s_90.pt | 已處理 250 個取樣幀
2026-06-04 11:18:00 | INFO | v11s_90.pt | 已處理 300 個取樣幀
2026-06-04 11:18:02 | INFO | v11s_90.pt | 已處理 350 個取樣幀
2026-06-04 11:18:03 | INFO | v11s_90.pt | 已處理 400 個取樣幀
2026-06-04 11:18:04 | INFO | v11s_90.pt | 已處理 450 個取樣幀
2026-06-04 11:18:06 | INFO | 完成 v11s_90 | global_jitter=0.025258 | unstable_rate=0.00% | detection_rate=100.00%
2026-06-04 11:18:06 | INFO | [2/2] 開始分析模型: C:\ai_project\cat_pose\v11s_91.pt
2026-06-04 11:18:06 | INFO | 載入模型: C:\ai_project\cat_pose\v11s_91.pt
2026-06-04 11:18:06 | INFO | 來源影片: C:\Users\homec\OneDrive\圖片\貓咪圖像資料集\貓咪姿勢影片分類\暫存\walk\walk1.mp4 | FPS=50.00 | 取樣步長=2 | 有效輸入FPS=25.00
2026-06-04 11:18:07 | INFO | v11s_91.pt | 已處理 50 個取樣幀
2026-06-04 11:18:08 | INFO | v11s_91.pt | 已處理 100 個取樣幀
2026-06-04 11:18:10 | INFO | v11s_91.pt | 已處理 150 個取樣幀
2026-06-04 11:18:11 | INFO | v11s_91.pt | 已處理 200 個取樣幀
2026-06-04 11:18:12 | INFO | v11s_91.pt | 已處理 250 個取樣幀
2026-06-04 11:18:14 | INFO | v11s_91.pt | 已處理 300 個取樣幀
2026-06-04 11:18:15 | INFO | v11s_91.pt | 已處理 350 個取樣幀
2026-06-04 11:18:16 | INFO | v11s_91.pt | 已處理 400 個取樣幀
2026-06-04 11:18:18 | INFO | v11s_91.pt | 已處理 450 個取樣幀
2026-06-04 11:18:19 | INFO | 完成 v11s_91 | global_jitter=0.025159 | unstable_rate=0.00% | detection_rate=100.00%
2026-06-04 11:18:19 | INFO | 新模型比舊模型關鍵點抖動幅度變好 0.39%
2026-06-04 11:18:19 | INFO | 結果判定: 新模型較好（v11s_91）
2026-06-04 11:18:19 | INFO | 比較完成
2026-06-04 11:18:19 | INFO | 較佳模型: v11s_91
2026-06-04 11:18:19 | INFO | 較差模型: v11s_90
2026-06-04 11:18:19 | INFO | 詳細日誌: jitter_compare_logs\20260604_111750\comparison_report.log
2026-06-04 11:18:19 | INFO | JSON 報告: jitter_compare_logs\20260604_111750\comparison_report.json
2026-06-04 11:18:19 | INFO | 文字報告: jitter_compare_logs\20260604_111750\comparison_report.txt
2026-06-04 11:18:19 | INFO | 逐幀 CSV: jitter_compare_logs\20260604_111750\frame_metrics.csv
